ARM GAS  C:\Users\ukul426\AppData\Local\Temp\ccW8hcJD.s 			page 1


   1              		.syntax unified
   2              		.cpu cortex-m3
   3              		.fpu softvfp
   4              		.eabi_attribute 20, 1
   5              		.eabi_attribute 21, 1
   6              		.eabi_attribute 23, 3
   7              		.eabi_attribute 24, 1
   8              		.eabi_attribute 25, 1
   9              		.eabi_attribute 26, 1
  10              		.eabi_attribute 30, 1
  11              		.eabi_attribute 34, 1
  12              		.eabi_attribute 18, 4
  13              		.thumb
  14              		.syntax unified
  15              		.file	"comments.c"
  16              		.text
  17              	.Ltext0:
  18              		.cfi_sections	.debug_frame
  19              	.Letext0:
  20              		.section	.debug_line,"",%progbits
  21              	.Ldebug_line0:
  22              		.section	.debug_str,"MS",%progbits,1
  23              	.LASF0:
  24 0000 636F6D6D 		.ascii	"comments.c\000"
  24      656E7473 
  24      2E6300
  25              	.LASF1:
  26 000b 474E5520 		.ascii	"GNU C11 5.4.1 20160609 (release) [ARM/embedded-5-br"
  26      43313120 
  26      352E342E 
  26      31203230 
  26      31363036 
  27 003e 616E6368 		.ascii	"anch revision 237715] -mcpu=cortex-m3 -mthumb -g -O"
  27      20726576 
  27      6973696F 
  27      6E203233 
  27      37373135 
  28 0071 67202D66 		.ascii	"g -ffunction-sections -ffat-lto-objects\000"
  28      66756E63 
  28      74696F6E 
  28      2D736563 
  28      74696F6E 
  29              	.LASF2:
  30 0099 483A5C44 		.ascii	"H:\\Documents\\303 - 301\\COMPSYS303\\301backup\\Um"
  30      6F63756D 
  30      656E7473 
  30      5C333033 
  30      202D2033 
  31 00c7 615C355F 		.ascii	"a\\5_points\\301_15_path_following\\Additional_HD.c"
  31      706F696E 
  31      74735C33 
  31      30315F31 
  31      355F7061 
  32 00f7 7964736E 		.ascii	"ydsn\000"
  32      00
  33              		.ident	"GCC: (GNU Tools for ARM Embedded Processors) 5.4.1 20160609 (release) [ARM/embedded-5-bran
