ARM GAS  C:\Users\ukul426\AppData\Local\Temp\ccG0UCjU.s 			page 1


   1              		.syntax unified
   2              		.cpu cortex-m3
   3              		.fpu softvfp
   4              		.eabi_attribute 20, 1
   5              		.eabi_attribute 21, 1
   6              		.eabi_attribute 23, 3
   7              		.eabi_attribute 24, 1
   8              		.eabi_attribute 25, 1
   9              		.eabi_attribute 26, 1
  10              		.eabi_attribute 30, 1
  11              		.eabi_attribute 34, 1
  12              		.eabi_attribute 18, 4
  13              		.thumb
  14              		.syntax unified
  15              		.file	"cymetadata.c"
  16              		.text
  17              	.Ltext0:
  18              		.cfi_sections	.debug_frame
  19              		.global	cy_metadata
  20              		.global	cy_meta_flashprotect
  21              		.global	cy_meta_wonvl
  22              		.global	cy_meta_custnvl
  23              		.global	cy_meta_configecc
  24              		.section	.cyconfigecc,"a",%progbits
  25              		.align	2
  26              		.type	cy_meta_configecc, %object
  27              		.size	cy_meta_configecc, 2488
  28              	cy_meta_configecc:
  29 0000 06       		.byte	6
  30 0001 4F       		.byte	79
  31 0002 00       		.byte	0
  32 0003 40       		.byte	64
  33 0004 08       		.byte	8
  34 0005 52       		.byte	82
  35 0006 00       		.byte	0
  36 0007 40       		.byte	64
  37 0008 06       		.byte	6
  38 0009 64       		.byte	100
  39 000a 00       		.byte	0
  40 000b 40       		.byte	64
  41 000c 04       		.byte	4
  42 000d 65       		.byte	101
  43 000e 00       		.byte	0
  44 000f 40       		.byte	64
  45 0010 66       		.byte	102
  46 0011 00       		.byte	0
  47 0012 01       		.byte	1
  48 0013 40       		.byte	64
  49 0014 32       		.byte	50
  50 0015 01       		.byte	1
  51 0016 01       		.byte	1
  52 0017 40       		.byte	64
  53 0018 50       		.byte	80
  54 0019 02       		.byte	2
  55 001a 01       		.byte	1
  56 001b 40       		.byte	64
  57 001c 4B       		.byte	75
ARM GAS  C:\Users\ukul426\AppData\Local\Temp\ccG0UCjU.s 			page 2


  58 001d 03       		.byte	3
  59 001e 01       		.byte	1
  60 001f 40       		.byte	64
  61 0020 5B       		.byte	91
  62 0021 04       		.byte	4
  63 0022 01       		.byte	1
  64 0023 40       		.byte	64
  65 0024 4F       		.byte	79
  66 0025 05       		.byte	5
  67 0026 01       		.byte	1
  68 0027 40       		.byte	64
  69 0028 4C       		.byte	76
  70 0029 06       		.byte	6
  71 002a 01       		.byte	1
  72 002b 40       		.byte	64
  73 002c 48       		.byte	72
  74 002d 07       		.byte	7
  75 002e 01       		.byte	1
  76 002f 40       		.byte	64
  77 0030 02       		.byte	2
  78 0031 09       		.byte	9
  79 0032 01       		.byte	1
  80 0033 40       		.byte	64
  81 0034 02       		.byte	2
  82 0035 0B       		.byte	11
  83 0036 01       		.byte	1
  84 0037 40       		.byte	64
  85 0038 01       		.byte	1
  86 0039 0D       		.byte	13
  87 003a 01       		.byte	1
  88 003b 40       		.byte	64
  89 003c 04       		.byte	4
  90 003d 0E       		.byte	14
  91 003e 01       		.byte	1
  92 003f 40       		.byte	64
  93 0040 03       		.byte	3
  94 0041 0F       		.byte	15
  95 0042 01       		.byte	1
  96 0043 40       		.byte	64
  97 0044 64       		.byte	100
  98 0045 14       		.byte	20
  99 0046 01       		.byte	1
 100 0047 40       		.byte	64
 101 0048 4B       		.byte	75
 102 0049 15       		.byte	21
 103 004a 01       		.byte	1
 104 004b 40       		.byte	64
 105 004c 4E       		.byte	78
 106 004d 16       		.byte	22
 107 004e 01       		.byte	1
 108 004f 40       		.byte	64
 109 0050 52       		.byte	82
 110 0051 17       		.byte	23
 111 0052 01       		.byte	1
 112 0053 40       		.byte	64
 113 0054 02       		.byte	2
 114 0055 19       		.byte	25
ARM GAS  C:\Users\ukul426\AppData\Local\Temp\ccG0UCjU.s 			page 3


 115 0056 01       		.byte	1
 116 0057 40       		.byte	64
 117 0058 04       		.byte	4
 118 0059 40       		.byte	64
 119 005a 01       		.byte	1
 120 005b 40       		.byte	64
 121 005c 0E       		.byte	14
 122 005d 41       		.byte	65
 123 005e 01       		.byte	1
 124 005f 40       		.byte	64
 125 0060 19       		.byte	25
 126 0061 42       		.byte	66
 127 0062 01       		.byte	1
 128 0063 40       		.byte	64
 129 0064 10       		.byte	16
 130 0065 43       		.byte	67
 131 0066 01       		.byte	1
 132 0067 40       		.byte	64
 133 0068 04       		.byte	4
 134 0069 44       		.byte	68
 135 006a 01       		.byte	1
 136 006b 40       		.byte	64
 137 006c 06       		.byte	6
 138 006d 45       		.byte	69
 139 006e 01       		.byte	1
 140 006f 40       		.byte	64
 141 0070 08       		.byte	8
 142 0071 46       		.byte	70
 143 0072 01       		.byte	1
 144 0073 40       		.byte	64
 145 0074 07       		.byte	7
 146 0075 47       		.byte	71
 147 0076 01       		.byte	1
 148 0077 40       		.byte	64
 149 0078 13       		.byte	19
 150 0079 48       		.byte	72
 151 007a 01       		.byte	1
 152 007b 40       		.byte	64
 153 007c 15       		.byte	21
 154 007d 49       		.byte	73
 155 007e 01       		.byte	1
 156 007f 40       		.byte	64
 157 0080 09       		.byte	9
 158 0081 4C       		.byte	76
 159 0082 01       		.byte	1
 160 0083 40       		.byte	64
 161 0084 03       		.byte	3
 162 0085 4D       		.byte	77
 163 0086 01       		.byte	1
 164 0087 40       		.byte	64
 165 0088 0A       		.byte	10
 166 0089 50       		.byte	80
 167 008a 01       		.byte	1
 168 008b 40       		.byte	64
 169 008c 02       		.byte	2
 170 008d 51       		.byte	81
 171 008e 01       		.byte	1
ARM GAS  C:\Users\ukul426\AppData\Local\Temp\ccG0UCjU.s 			page 4


 172 008f 40       		.byte	64
 173 0090 01       		.byte	1
 174 0091 20       		.byte	32
 175 0092 0A       		.byte	10
 176 0093 1B       		.byte	27
 177 0094 0D       		.byte	13
 178 0095 20       		.byte	32
 179 0096 16       		.byte	22
 180 0097 1B       		.byte	27
 181 0098 19       		.byte	25
 182 0099 10       		.byte	16
 183 009a 22       		.byte	34
 184 009b 4B       		.byte	75
 185 009c 00       		.byte	0
 186 009d 09       		.byte	9
 187 009e 01       		.byte	1
 188 009f 0A       		.byte	10
 189 00a0 08       		.byte	8
 190 00a1 80       		.byte	-128
 191 00a2 09       		.byte	9
 192 00a3 C0       		.byte	-64
 193 00a4 60       		.byte	96
 194 00a5 03       		.byte	3
 195 00a6 61       		.byte	97
 196 00a7 01       		.byte	1
 197 00a8 78       		.byte	120
 198 00a9 13       		.byte	19
 199 00aa 79       		.byte	121
 200 00ab 05       		.byte	5
 201 00ac 22       		.byte	34
 202 00ad C7       		.byte	-57
 203 00ae 24       		.byte	36
 204 00af C7       		.byte	-57
 205 00b0 25       		.byte	37
 206 00b1 C7       		.byte	-57
 207 00b2 74       		.byte	116
 208 00b3 03       		.byte	3
 209 00b4 82       		.byte	-126
 210 00b5 6F       		.byte	111
 211 00b6 87       		.byte	-121
 212 00b7 0F       		.byte	15
 213 00b8 26       		.byte	38
 214 00b9 C7       		.byte	-57
 215 00ba 75       		.byte	117
 216 00bb 03       		.byte	3
 217 00bc 84       		.byte	-124
 218 00bd 0F       		.byte	15
 219 00be 86       		.byte	-122
 220 00bf 6F       		.byte	111
 221 00c0 0F       		.byte	15
 222 00c1 02       		.byte	2
 223 00c2 15       		.byte	21
 224 00c3 04       		.byte	4
 225 00c4 16       		.byte	22
 226 00c5 01       		.byte	1
 227 00c6 17       		.byte	23
 228 00c7 08       		.byte	8
ARM GAS  C:\Users\ukul426\AppData\Local\Temp\ccG0UCjU.s 			page 5


 229 00c8 19       		.byte	25
 230 00c9 04       		.byte	4
 231 00ca 1A       		.byte	26
 232 00cb 02       		.byte	2
 233 00cc 1B       		.byte	27
 234 00cd 08       		.byte	8
 235 00ce 1D       		.byte	29
 236 00cf 08       		.byte	8
 237 00d0 1F       		.byte	31
 238 00d1 04       		.byte	4
 239 00d2 21       		.byte	33
 240 00d3 04       		.byte	4
 241 00d4 23       		.byte	35
 242 00d5 09       		.byte	9
 243 00d6 30       		.byte	48
 244 00d7 02       		.byte	2
 245 00d8 33       		.byte	51
 246 00d9 01       		.byte	1
 247 00da 34       		.byte	52
 248 00db 01       		.byte	1
 249 00dc 35       		.byte	53
 250 00dd 02       		.byte	2
 251 00de 37       		.byte	55
 252 00df 0C       		.byte	12
 253 00e0 3B       		.byte	59
 254 00e1 80       		.byte	-128
 255 00e2 40       		.byte	64
 256 00e3 52       		.byte	82
 257 00e4 41       		.byte	65
 258 00e5 03       		.byte	3
 259 00e6 49       		.byte	73
 260 00e7 FF       		.byte	-1
 261 00e8 4A       		.byte	74
 262 00e9 FF       		.byte	-1
 263 00ea 4B       		.byte	75
 264 00eb FF       		.byte	-1
 265 00ec 4D       		.byte	77
 266 00ed A0       		.byte	-96
 267 00ee 4F       		.byte	79
 268 00ef 01       		.byte	1
 269 00f0 50       		.byte	80
 270 00f1 18       		.byte	24
 271 00f2 56       		.byte	86
 272 00f3 08       		.byte	8
 273 00f4 58       		.byte	88
 274 00f5 04       		.byte	4
 275 00f6 59       		.byte	89
 276 00f7 04       		.byte	4
 277 00f8 5A       		.byte	90
 278 00f9 04       		.byte	4
 279 00fa 5B       		.byte	91
 280 00fb 04       		.byte	4
 281 00fc 5D       		.byte	93
 282 00fd 90       		.byte	-112
 283 00fe 5F       		.byte	95
 284 00ff 01       		.byte	1
 285 0100 60       		.byte	96
ARM GAS  C:\Users\ukul426\AppData\Local\Temp\ccG0UCjU.s 			page 6


 286 0101 40       		.byte	64
 287 0102 62       		.byte	98
 288 0103 80       		.byte	-128
 289 0104 64       		.byte	100
 290 0105 40       		.byte	64
 291 0106 65       		.byte	101
 292 0107 40       		.byte	64
 293 0108 66       		.byte	102
 294 0109 80       		.byte	-128
 295 010a 68       		.byte	104
 296 010b 40       		.byte	64
 297 010c 6A       		.byte	106
 298 010d 80       		.byte	-128
 299 010e 6C       		.byte	108
 300 010f 40       		.byte	64
 301 0110 6D       		.byte	109
 302 0111 20       		.byte	32
 303 0112 6E       		.byte	110
 304 0113 80       		.byte	-128
 305 0114 84       		.byte	-124
 306 0115 0C       		.byte	12
 307 0116 86       		.byte	-122
 308 0117 01       		.byte	1
 309 0118 88       		.byte	-120
 310 0119 07       		.byte	7
 311 011a 89       		.byte	-119
 312 011b 0A       		.byte	10
 313 011c 8D       		.byte	-115
 314 011d 10       		.byte	16
 315 011e 8E       		.byte	-114
 316 011f 0F       		.byte	15
 317 0120 8F       		.byte	-113
 318 0121 21       		.byte	33
 319 0122 91       		.byte	-111
 320 0123 20       		.byte	32
 321 0124 93       		.byte	-109
 322 0125 10       		.byte	16
 323 0126 94       		.byte	-108
 324 0127 0C       		.byte	12
 325 0128 95       		.byte	-107
 326 0129 06       		.byte	6
 327 012a 96       		.byte	-106
 328 012b 02       		.byte	2
 329 012c 9D       		.byte	-99
 330 012d 10       		.byte	16
 331 012e 9F       		.byte	-97
 332 012f 20       		.byte	32
 333 0130 A2       		.byte	-94
 334 0131 10       		.byte	16
 335 0132 A4       		.byte	-92
 336 0133 0B       		.byte	11
 337 0134 A5       		.byte	-91
 338 0135 0C       		.byte	12
 339 0136 A6       		.byte	-90
 340 0137 04       		.byte	4
 341 0138 A9       		.byte	-87
 342 0139 0C       		.byte	12
ARM GAS  C:\Users\ukul426\AppData\Local\Temp\ccG0UCjU.s 			page 7


 343 013a AC       		.byte	-84
 344 013b 08       		.byte	8
 345 013c AD       		.byte	-83
 346 013d 10       		.byte	16
 347 013e AE       		.byte	-82
 348 013f 01       		.byte	1
 349 0140 AF       		.byte	-81
 350 0141 20       		.byte	32
 351 0142 B0       		.byte	-80
 352 0143 10       		.byte	16
 353 0144 B1       		.byte	-79
 354 0145 01       		.byte	1
 355 0146 B2       		.byte	-78
 356 0147 0F       		.byte	15
 357 0148 B5       		.byte	-75
 358 0149 0E       		.byte	14
 359 014a B7       		.byte	-73
 360 014b 30       		.byte	48
 361 014c B9       		.byte	-71
 362 014d 20       		.byte	32
 363 014e BB       		.byte	-69
 364 014f 80       		.byte	-128
 365 0150 C0       		.byte	-64
 366 0151 52       		.byte	82
 367 0152 C1       		.byte	-63
 368 0153 03       		.byte	3
 369 0154 C5       		.byte	-59
 370 0155 3C       		.byte	60
 371 0156 C6       		.byte	-58
 372 0157 40       		.byte	64
 373 0158 C7       		.byte	-57
 374 0159 2E       		.byte	46
 375 015a C8       		.byte	-56
 376 015b 3B       		.byte	59
 377 015c C9       		.byte	-55
 378 015d FF       		.byte	-1
 379 015e CA       		.byte	-54
 380 015f FF       		.byte	-1
 381 0160 CB       		.byte	-53
 382 0161 FF       		.byte	-1
 383 0162 CD       		.byte	-51
 384 0163 AF       		.byte	-81
 385 0164 CE       		.byte	-50
 386 0165 07       		.byte	7
 387 0166 CF       		.byte	-49
 388 0167 01       		.byte	1
 389 0168 D0       		.byte	-48
 390 0169 18       		.byte	24
 391 016a D6       		.byte	-42
 392 016b 08       		.byte	8
 393 016c D8       		.byte	-40
 394 016d 04       		.byte	4
 395 016e D9       		.byte	-39
 396 016f 04       		.byte	4
 397 0170 DA       		.byte	-38
 398 0171 04       		.byte	4
 399 0172 DB       		.byte	-37
ARM GAS  C:\Users\ukul426\AppData\Local\Temp\ccG0UCjU.s 			page 8


 400 0173 04       		.byte	4
 401 0174 DD       		.byte	-35
 402 0175 90       		.byte	-112
 403 0176 DF       		.byte	-33
 404 0177 01       		.byte	1
 405 0178 E0       		.byte	-32
 406 0179 40       		.byte	64
 407 017a E2       		.byte	-30
 408 017b 80       		.byte	-128
 409 017c E4       		.byte	-28
 410 017d 40       		.byte	64
 411 017e E5       		.byte	-27
 412 017f 40       		.byte	64
 413 0180 E6       		.byte	-26
 414 0181 80       		.byte	-128
 415 0182 E8       		.byte	-24
 416 0183 40       		.byte	64
 417 0184 EA       		.byte	-22
 418 0185 80       		.byte	-128
 419 0186 EC       		.byte	-20
 420 0187 40       		.byte	64
 421 0188 ED       		.byte	-19
 422 0189 20       		.byte	32
 423 018a EE       		.byte	-18
 424 018b 80       		.byte	-128
 425 018c 05       		.byte	5
 426 018d 08       		.byte	8
 427 018e 07       		.byte	7
 428 018f 09       		.byte	9
 429 0190 08       		.byte	8
 430 0191 08       		.byte	8
 431 0192 09       		.byte	9
 432 0193 20       		.byte	32
 433 0194 0E       		.byte	14
 434 0195 20       		.byte	32
 435 0196 15       		.byte	21
 436 0197 80       		.byte	-128
 437 0198 16       		.byte	22
 438 0199 A0       		.byte	-96
 439 019a 18       		.byte	24
 440 019b 08       		.byte	8
 441 019c 19       		.byte	25
 442 019d 01       		.byte	1
 443 019e 1E       		.byte	30
 444 019f 60       		.byte	96
 445 01a0 1F       		.byte	31
 446 01a1 08       		.byte	8
 447 01a2 21       		.byte	33
 448 01a3 68       		.byte	104
 449 01a4 22       		.byte	34
 450 01a5 80       		.byte	-128
 451 01a6 27       		.byte	39
 452 01a7 49       		.byte	73
 453 01a8 29       		.byte	41
 454 01a9 01       		.byte	1
 455 01aa 2D       		.byte	45
 456 01ab 08       		.byte	8
ARM GAS  C:\Users\ukul426\AppData\Local\Temp\ccG0UCjU.s 			page 9


 457 01ac 2F       		.byte	47
 458 01ad 0A       		.byte	10
 459 01ae 31       		.byte	49
 460 01af 28       		.byte	40
 461 01b0 32       		.byte	50
 462 01b1 80       		.byte	-128
 463 01b2 37       		.byte	55
 464 01b3 49       		.byte	73
 465 01b4 3A       		.byte	58
 466 01b5 40       		.byte	64
 467 01b6 3C       		.byte	60
 468 01b7 20       		.byte	32
 469 01b8 3E       		.byte	62
 470 01b9 60       		.byte	96
 471 01ba 40       		.byte	64
 472 01bb 04       		.byte	4
 473 01bc 41       		.byte	65
 474 01bd 04       		.byte	4
 475 01be 43       		.byte	67
 476 01bf 14       		.byte	20
 477 01c0 47       		.byte	71
 478 01c1 14       		.byte	20
 479 01c2 48       		.byte	72
 480 01c3 01       		.byte	1
 481 01c4 4B       		.byte	75
 482 01c5 40       		.byte	64
 483 01c6 4D       		.byte	77
 484 01c7 01       		.byte	1
 485 01c8 4F       		.byte	79
 486 01c9 44       		.byte	68
 487 01ca 54       		.byte	84
 488 01cb 02       		.byte	2
 489 01cc 56       		.byte	86
 490 01cd 18       		.byte	24
 491 01ce 58       		.byte	88
 492 01cf 40       		.byte	64
 493 01d0 59       		.byte	89
 494 01d1 20       		.byte	32
 495 01d2 5D       		.byte	93
 496 01d3 80       		.byte	-128
 497 01d4 60       		.byte	96
 498 01d5 08       		.byte	8
 499 01d6 62       		.byte	98
 500 01d7 40       		.byte	64
 501 01d8 66       		.byte	102
 502 01d9 80       		.byte	-128
 503 01da C0       		.byte	-64
 504 01db E0       		.byte	-32
 505 01dc C2       		.byte	-62
 506 01dd 26       		.byte	38
 507 01de C4       		.byte	-60
 508 01df B0       		.byte	-80
 509 01e0 CA       		.byte	-54
 510 01e1 71       		.byte	113
 511 01e2 CC       		.byte	-52
 512 01e3 DE       		.byte	-34
 513 01e4 CE       		.byte	-50
ARM GAS  C:\Users\ukul426\AppData\Local\Temp\ccG0UCjU.s 			page 10


 514 01e5 38       		.byte	56
 515 01e6 D0       		.byte	-48
 516 01e7 66       		.byte	102
 517 01e8 D2       		.byte	-46
 518 01e9 18       		.byte	24
 519 01ea D6       		.byte	-42
 520 01eb 1C       		.byte	28
 521 01ec D8       		.byte	-40
 522 01ed 1C       		.byte	28
 523 01ee E2       		.byte	-30
 524 01ef 40       		.byte	64
 525 01f0 02       		.byte	2
 526 01f1 01       		.byte	1
 527 01f2 03       		.byte	3
 528 01f3 01       		.byte	1
 529 01f4 04       		.byte	4
 530 01f5 38       		.byte	56
 531 01f6 05       		.byte	5
 532 01f7 02       		.byte	2
 533 01f8 06       		.byte	6
 534 01f9 06       		.byte	6
 535 01fa 07       		.byte	7
 536 01fb 01       		.byte	1
 537 01fc 08       		.byte	8
 538 01fd 34       		.byte	52
 539 01fe 0A       		.byte	10
 540 01ff 0A       		.byte	10
 541 0200 0C       		.byte	12
 542 0201 0A       		.byte	10
 543 0202 0E       		.byte	14
 544 0203 34       		.byte	52
 545 0204 13       		.byte	19
 546 0205 04       		.byte	4
 547 0206 16       		.byte	22
 548 0207 40       		.byte	64
 549 0208 18       		.byte	24
 550 0209 3E       		.byte	62
 551 020a 1B       		.byte	27
 552 020b 02       		.byte	2
 553 020c 1C       		.byte	28
 554 020d 26       		.byte	38
 555 020e 1E       		.byte	30
 556 020f 18       		.byte	24
 557 0210 21       		.byte	33
 558 0211 04       		.byte	4
 559 0212 24       		.byte	36
 560 0213 0E       		.byte	14
 561 0214 30       		.byte	48
 562 0215 01       		.byte	1
 563 0216 31       		.byte	49
 564 0217 04       		.byte	4
 565 0218 32       		.byte	50
 566 0219 1E       		.byte	30
 567 021a 33       		.byte	51
 568 021b 03       		.byte	3
 569 021c 34       		.byte	52
 570 021d 60       		.byte	96
ARM GAS  C:\Users\ukul426\AppData\Local\Temp\ccG0UCjU.s 			page 11


 571 021e 3F       		.byte	63
 572 021f 01       		.byte	1
 573 0220 40       		.byte	64
 574 0221 42       		.byte	66
 575 0222 45       		.byte	69
 576 0223 02       		.byte	2
 577 0224 48       		.byte	72
 578 0225 01       		.byte	1
 579 0226 49       		.byte	73
 580 0227 FF       		.byte	-1
 581 0228 4A       		.byte	74
 582 0229 FF       		.byte	-1
 583 022a 4B       		.byte	75
 584 022b FF       		.byte	-1
 585 022c 54       		.byte	84
 586 022d 0F       		.byte	15
 587 022e 58       		.byte	88
 588 022f 04       		.byte	4
 589 0230 59       		.byte	89
 590 0231 0A       		.byte	10
 591 0232 5A       		.byte	90
 592 0233 0A       		.byte	10
 593 0234 5B       		.byte	91
 594 0235 04       		.byte	4
 595 0236 5C       		.byte	92
 596 0237 90       		.byte	-112
 597 0238 5D       		.byte	93
 598 0239 09       		.byte	9
 599 023a 5F       		.byte	95
 600 023b 05       		.byte	5
 601 023c 60       		.byte	96
 602 023d 80       		.byte	-128
 603 023e 62       		.byte	98
 604 023f 40       		.byte	64
 605 0240 63       		.byte	99
 606 0241 40       		.byte	64
 607 0242 64       		.byte	100
 608 0243 40       		.byte	64
 609 0244 65       		.byte	101
 610 0245 40       		.byte	64
 611 0246 66       		.byte	102
 612 0247 80       		.byte	-128
 613 0248 68       		.byte	104
 614 0249 80       		.byte	-128
 615 024a 6A       		.byte	106
 616 024b 80       		.byte	-128
 617 024c 6C       		.byte	108
 618 024d 80       		.byte	-128
 619 024e 6E       		.byte	110
 620 024f 80       		.byte	-128
 621 0250 80       		.byte	-128
 622 0251 02       		.byte	2
 623 0252 81       		.byte	-127
 624 0253 02       		.byte	2
 625 0254 82       		.byte	-126
 626 0255 0C       		.byte	12
 627 0256 83       		.byte	-125
ARM GAS  C:\Users\ukul426\AppData\Local\Temp\ccG0UCjU.s 			page 12


 628 0257 04       		.byte	4
 629 0258 85       		.byte	-123
 630 0259 02       		.byte	2
 631 025a 87       		.byte	-121
 632 025b 14       		.byte	20
 633 025c 88       		.byte	-120
 634 025d 08       		.byte	8
 635 025e 89       		.byte	-119
 636 025f 04       		.byte	4
 637 0260 8B       		.byte	-117
 638 0261 02       		.byte	2
 639 0262 8F       		.byte	-113
 640 0263 01       		.byte	1
 641 0264 95       		.byte	-107
 642 0265 02       		.byte	2
 643 0266 97       		.byte	-105
 644 0267 0C       		.byte	12
 645 0268 98       		.byte	-104
 646 0269 02       		.byte	2
 647 026a AC       		.byte	-84
 648 026b 02       		.byte	2
 649 026c AE       		.byte	-82
 650 026d 01       		.byte	1
 651 026e B0       		.byte	-80
 652 026f 08       		.byte	8
 653 0270 B1       		.byte	-79
 654 0271 08       		.byte	8
 655 0272 B2       		.byte	-78
 656 0273 04       		.byte	4
 657 0274 B3       		.byte	-77
 658 0275 10       		.byte	16
 659 0276 B4       		.byte	-76
 660 0277 02       		.byte	2
 661 0278 B5       		.byte	-75
 662 0279 06       		.byte	6
 663 027a B6       		.byte	-74
 664 027b 01       		.byte	1
 665 027c B7       		.byte	-73
 666 027d 01       		.byte	1
 667 027e B8       		.byte	-72
 668 027f 20       		.byte	32
 669 0280 BB       		.byte	-69
 670 0281 20       		.byte	32
 671 0282 BE       		.byte	-66
 672 0283 11       		.byte	17
 673 0284 D6       		.byte	-42
 674 0285 08       		.byte	8
 675 0286 D8       		.byte	-40
 676 0287 04       		.byte	4
 677 0288 D9       		.byte	-39
 678 0289 04       		.byte	4
 679 028a DB       		.byte	-37
 680 028b 04       		.byte	4
 681 028c DD       		.byte	-35
 682 028d 90       		.byte	-112
 683 028e DF       		.byte	-33
 684 028f 01       		.byte	1
ARM GAS  C:\Users\ukul426\AppData\Local\Temp\ccG0UCjU.s 			page 13


 685 0290 00       		.byte	0
 686 0291 10       		.byte	16
 687 0292 01       		.byte	1
 688 0293 01       		.byte	1
 689 0294 05       		.byte	5
 690 0295 08       		.byte	8
 691 0296 07       		.byte	7
 692 0297 45       		.byte	69
 693 0298 09       		.byte	9
 694 0299 20       		.byte	32
 695 029a 0B       		.byte	11
 696 029b 08       		.byte	8
 697 029c 0C       		.byte	12
 698 029d 90       		.byte	-112
 699 029e 0E       		.byte	14
 700 029f 20       		.byte	32
 701 02a0 10       		.byte	16
 702 02a1 02       		.byte	2
 703 02a2 11       		.byte	17
 704 02a3 40       		.byte	64
 705 02a4 12       		.byte	18
 706 02a5 02       		.byte	2
 707 02a6 17       		.byte	23
 708 02a7 08       		.byte	8
 709 02a8 18       		.byte	24
 710 02a9 14       		.byte	20
 711 02aa 19       		.byte	25
 712 02ab 02       		.byte	2
 713 02ac 1A       		.byte	26
 714 02ad 01       		.byte	1
 715 02ae 1C       		.byte	28
 716 02af 20       		.byte	32
 717 02b0 1D       		.byte	29
 718 02b1 08       		.byte	8
 719 02b2 1E       		.byte	30
 720 02b3 04       		.byte	4
 721 02b4 1F       		.byte	31
 722 02b5 02       		.byte	2
 723 02b6 21       		.byte	33
 724 02b7 11       		.byte	17
 725 02b8 22       		.byte	34
 726 02b9 44       		.byte	68
 727 02ba 26       		.byte	38
 728 02bb 01       		.byte	1
 729 02bc 27       		.byte	39
 730 02bd 10       		.byte	16
 731 02be 2E       		.byte	46
 732 02bf 01       		.byte	1
 733 02c0 32       		.byte	50
 734 02c1 04       		.byte	4
 735 02c2 36       		.byte	54
 736 02c3 02       		.byte	2
 737 02c4 37       		.byte	55
 738 02c5 10       		.byte	16
 739 02c6 38       		.byte	56
 740 02c7 08       		.byte	8
 741 02c8 39       		.byte	57
ARM GAS  C:\Users\ukul426\AppData\Local\Temp\ccG0UCjU.s 			page 14


 742 02c9 22       		.byte	34
 743 02ca 3A       		.byte	58
 744 02cb 40       		.byte	64
 745 02cc 3D       		.byte	61
 746 02cd 02       		.byte	2
 747 02ce 3F       		.byte	63
 748 02cf 08       		.byte	8
 749 02d0 44       		.byte	68
 750 02d1 10       		.byte	16
 751 02d2 45       		.byte	69
 752 02d3 09       		.byte	9
 753 02d4 47       		.byte	71
 754 02d5 10       		.byte	16
 755 02d6 4F       		.byte	79
 756 02d7 08       		.byte	8
 757 02d8 58       		.byte	88
 758 02d9 80       		.byte	-128
 759 02da 5C       		.byte	92
 760 02db 20       		.byte	32
 761 02dc 5E       		.byte	94
 762 02dd 0A       		.byte	10
 763 02de 5F       		.byte	95
 764 02df 40       		.byte	64
 765 02e0 62       		.byte	98
 766 02e1 40       		.byte	64
 767 02e2 66       		.byte	102
 768 02e3 08       		.byte	8
 769 02e4 67       		.byte	103
 770 02e5 04       		.byte	4
 771 02e6 7C       		.byte	124
 772 02e7 08       		.byte	8
 773 02e8 7F       		.byte	127
 774 02e9 04       		.byte	4
 775 02ea 80       		.byte	-128
 776 02eb 20       		.byte	32
 777 02ec 81       		.byte	-127
 778 02ed 40       		.byte	64
 779 02ee 84       		.byte	-124
 780 02ef 80       		.byte	-128
 781 02f0 90       		.byte	-112
 782 02f1 08       		.byte	8
 783 02f2 91       		.byte	-111
 784 02f3 01       		.byte	1
 785 02f4 93       		.byte	-109
 786 02f5 04       		.byte	4
 787 02f6 94       		.byte	-108
 788 02f7 04       		.byte	4
 789 02f8 95       		.byte	-107
 790 02f9 08       		.byte	8
 791 02fa 98       		.byte	-104
 792 02fb 02       		.byte	2
 793 02fc 9A       		.byte	-102
 794 02fd 18       		.byte	24
 795 02fe 9B       		.byte	-101
 796 02ff 49       		.byte	73
 797 0300 9D       		.byte	-99
 798 0301 08       		.byte	8
ARM GAS  C:\Users\ukul426\AppData\Local\Temp\ccG0UCjU.s 			page 15


 799 0302 A0       		.byte	-96
 800 0303 02       		.byte	2
 801 0304 A2       		.byte	-94
 802 0305 80       		.byte	-128
 803 0306 A3       		.byte	-93
 804 0307 08       		.byte	8
 805 0308 A4       		.byte	-92
 806 0309 11       		.byte	17
 807 030a A7       		.byte	-89
 808 030b 02       		.byte	2
 809 030c A9       		.byte	-87
 810 030d A0       		.byte	-96
 811 030e B0       		.byte	-80
 812 030f 42       		.byte	66
 813 0310 C0       		.byte	-64
 814 0311 FA       		.byte	-6
 815 0312 C2       		.byte	-62
 816 0313 E2       		.byte	-30
 817 0314 C4       		.byte	-60
 818 0315 21       		.byte	33
 819 0316 CA       		.byte	-54
 820 0317 80       		.byte	-128
 821 0318 CC       		.byte	-52
 822 0319 A2       		.byte	-94
 823 031a CE       		.byte	-50
 824 031b CF       		.byte	-49
 825 031c D0       		.byte	-48
 826 031d A0       		.byte	-96
 827 031e D6       		.byte	-42
 828 031f F8       		.byte	-8
 829 0320 D8       		.byte	-40
 830 0321 68       		.byte	104
 831 0322 DE       		.byte	-34
 832 0323 60       		.byte	96
 833 0324 EA       		.byte	-22
 834 0325 04       		.byte	4
 835 0326 01       		.byte	1
 836 0327 02       		.byte	2
 837 0328 03       		.byte	3
 838 0329 01       		.byte	1
 839 032a 06       		.byte	6
 840 032b 05       		.byte	5
 841 032c 07       		.byte	7
 842 032d 02       		.byte	2
 843 032e 0B       		.byte	11
 844 032f 08       		.byte	8
 845 0330 0C       		.byte	12
 846 0331 05       		.byte	5
 847 0332 11       		.byte	17
 848 0333 08       		.byte	8
 849 0334 12       		.byte	18
 850 0335 02       		.byte	2
 851 0336 18       		.byte	24
 852 0337 04       		.byte	4
 853 0338 1A       		.byte	26
 854 0339 01       		.byte	1
 855 033a 20       		.byte	32
ARM GAS  C:\Users\ukul426\AppData\Local\Temp\ccG0UCjU.s 			page 16


 856 033b 08       		.byte	8
 857 033c 21       		.byte	33
 858 033d 04       		.byte	4
 859 033e 2C       		.byte	44
 860 033f 08       		.byte	8
 861 0340 2F       		.byte	47
 862 0341 01       		.byte	1
 863 0342 30       		.byte	48
 864 0343 01       		.byte	1
 865 0344 31       		.byte	49
 866 0345 08       		.byte	8
 867 0346 32       		.byte	50
 868 0347 04       		.byte	4
 869 0348 33       		.byte	51
 870 0349 04       		.byte	4
 871 034a 34       		.byte	52
 872 034b 08       		.byte	8
 873 034c 35       		.byte	53
 874 034d 03       		.byte	3
 875 034e 36       		.byte	54
 876 034f 02       		.byte	2
 877 0350 38       		.byte	56
 878 0351 20       		.byte	32
 879 0352 3E       		.byte	62
 880 0353 05       		.byte	5
 881 0354 3F       		.byte	63
 882 0355 05       		.byte	5
 883 0356 40       		.byte	64
 884 0357 12       		.byte	18
 885 0358 47       		.byte	71
 886 0359 20       		.byte	32
 887 035a 48       		.byte	72
 888 035b 20       		.byte	32
 889 035c 49       		.byte	73
 890 035d FF       		.byte	-1
 891 035e 4A       		.byte	74
 892 035f FF       		.byte	-1
 893 0360 4B       		.byte	75
 894 0361 FF       		.byte	-1
 895 0362 56       		.byte	86
 896 0363 08       		.byte	8
 897 0364 58       		.byte	88
 898 0365 04       		.byte	4
 899 0366 59       		.byte	89
 900 0367 08       		.byte	8
 901 0368 5A       		.byte	90
 902 0369 08       		.byte	8
 903 036a 5B       		.byte	91
 904 036b 04       		.byte	4
 905 036c 5C       		.byte	92
 906 036d 90       		.byte	-112
 907 036e 5D       		.byte	93
 908 036f 99       		.byte	-103
 909 0370 5F       		.byte	95
 910 0371 01       		.byte	1
 911 0372 60       		.byte	96
 912 0373 80       		.byte	-128
ARM GAS  C:\Users\ukul426\AppData\Local\Temp\ccG0UCjU.s 			page 17


 913 0374 62       		.byte	98
 914 0375 40       		.byte	64
 915 0376 63       		.byte	99
 916 0377 40       		.byte	64
 917 0378 64       		.byte	100
 918 0379 40       		.byte	64
 919 037a 65       		.byte	101
 920 037b 40       		.byte	64
 921 037c 66       		.byte	102
 922 037d 80       		.byte	-128
 923 037e 68       		.byte	104
 924 037f 80       		.byte	-128
 925 0380 6A       		.byte	106
 926 0381 80       		.byte	-128
 927 0382 6C       		.byte	108
 928 0383 80       		.byte	-128
 929 0384 6E       		.byte	110
 930 0385 80       		.byte	-128
 931 0386 84       		.byte	-124
 932 0387 A3       		.byte	-93
 933 0388 86       		.byte	-122
 934 0389 5C       		.byte	92
 935 038a 88       		.byte	-120
 936 038b 7F       		.byte	127
 937 038c 8C       		.byte	-116
 938 038d 96       		.byte	-106
 939 038e 8D       		.byte	-115
 940 038f 02       		.byte	2
 941 0390 8E       		.byte	-114
 942 0391 68       		.byte	104
 943 0392 8F       		.byte	-113
 944 0393 01       		.byte	1
 945 0394 94       		.byte	-108
 946 0395 FE       		.byte	-2
 947 0396 96       		.byte	-106
 948 0397 01       		.byte	1
 949 0398 9A       		.byte	-102
 950 0399 01       		.byte	1
 951 039a 9C       		.byte	-100
 952 039b 0E       		.byte	14
 953 039c 9E       		.byte	-98
 954 039d F0       		.byte	-16
 955 039e 9F       		.byte	-97
 956 039f 02       		.byte	2
 957 03a0 A3       		.byte	-93
 958 03a1 01       		.byte	1
 959 03a2 A4       		.byte	-92
 960 03a3 C5       		.byte	-59
 961 03a4 A6       		.byte	-90
 962 03a5 3A       		.byte	58
 963 03a6 B1       		.byte	-79
 964 03a7 03       		.byte	3
 965 03a8 B2       		.byte	-78
 966 03a9 FF       		.byte	-1
 967 03aa BE       		.byte	-66
 968 03ab 04       		.byte	4
 969 03ac C0       		.byte	-64
ARM GAS  C:\Users\ukul426\AppData\Local\Temp\ccG0UCjU.s 			page 18


 970 03ad 61       		.byte	97
 971 03ae C6       		.byte	-58
 972 03af 02       		.byte	2
 973 03b0 C8       		.byte	-56
 974 03b1 04       		.byte	4
 975 03b2 C9       		.byte	-55
 976 03b3 FF       		.byte	-1
 977 03b4 CA       		.byte	-54
 978 03b5 FF       		.byte	-1
 979 03b6 CB       		.byte	-53
 980 03b7 FF       		.byte	-1
 981 03b8 D6       		.byte	-42
 982 03b9 08       		.byte	8
 983 03ba D8       		.byte	-40
 984 03bb 04       		.byte	4
 985 03bc D9       		.byte	-39
 986 03bd 08       		.byte	8
 987 03be DA       		.byte	-38
 988 03bf 08       		.byte	8
 989 03c0 DB       		.byte	-37
 990 03c1 04       		.byte	4
 991 03c2 DC       		.byte	-36
 992 03c3 90       		.byte	-112
 993 03c4 DD       		.byte	-35
 994 03c5 99       		.byte	-103
 995 03c6 DF       		.byte	-33
 996 03c7 01       		.byte	1
 997 03c8 E0       		.byte	-32
 998 03c9 80       		.byte	-128
 999 03ca E2       		.byte	-30
 1000 03cb 40       		.byte	64
 1001 03cc E3       		.byte	-29
 1002 03cd 40       		.byte	64
 1003 03ce E4       		.byte	-28
 1004 03cf 40       		.byte	64
 1005 03d0 E5       		.byte	-27
 1006 03d1 40       		.byte	64
 1007 03d2 E6       		.byte	-26
 1008 03d3 80       		.byte	-128
 1009 03d4 E8       		.byte	-24
 1010 03d5 80       		.byte	-128
 1011 03d6 EA       		.byte	-22
 1012 03d7 80       		.byte	-128
 1013 03d8 EC       		.byte	-20
 1014 03d9 80       		.byte	-128
 1015 03da EE       		.byte	-18
 1016 03db 80       		.byte	-128
 1017 03dc 02       		.byte	2
 1018 03dd 02       		.byte	2
 1019 03de 03       		.byte	3
 1020 03df 20       		.byte	32
 1021 03e0 05       		.byte	5
 1022 03e1 0C       		.byte	12
 1023 03e2 07       		.byte	7
 1024 03e3 09       		.byte	9
 1025 03e4 08       		.byte	8
 1026 03e5 10       		.byte	16
ARM GAS  C:\Users\ukul426\AppData\Local\Temp\ccG0UCjU.s 			page 19


 1027 03e6 0A       		.byte	10
 1028 03e7 80       		.byte	-128
 1029 03e8 0C       		.byte	12
 1030 03e9 80       		.byte	-128
 1031 03ea 0D       		.byte	13
 1032 03eb 08       		.byte	8
 1033 03ec 0E       		.byte	14
 1034 03ed 04       		.byte	4
 1035 03ee 10       		.byte	16
 1036 03ef 02       		.byte	2
 1037 03f0 11       		.byte	17
 1038 03f1 01       		.byte	1
 1039 03f2 17       		.byte	23
 1040 03f3 04       		.byte	4
 1041 03f4 1A       		.byte	26
 1042 03f5 50       		.byte	80
 1043 03f6 1B       		.byte	27
 1044 03f7 A0       		.byte	-96
 1045 03f8 1E       		.byte	30
 1046 03f9 20       		.byte	32
 1047 03fa 20       		.byte	32
 1048 03fb 04       		.byte	4
 1049 03fc 23       		.byte	35
 1050 03fd 50       		.byte	80
 1051 03fe 27       		.byte	39
 1052 03ff 40       		.byte	64
 1053 0400 28       		.byte	40
 1054 0401 02       		.byte	2
 1055 0402 2A       		.byte	42
 1056 0403 01       		.byte	1
 1057 0404 2C       		.byte	44
 1058 0405 40       		.byte	64
 1059 0406 30       		.byte	48
 1060 0407 80       		.byte	-128
 1061 0408 32       		.byte	50
 1062 0409 83       		.byte	-125
 1063 040a 33       		.byte	51
 1064 040b 0C       		.byte	12
 1065 040c 37       		.byte	55
 1066 040d 40       		.byte	64
 1067 040e 38       		.byte	56
 1068 040f 06       		.byte	6
 1069 0410 3A       		.byte	58
 1070 0411 10       		.byte	16
 1071 0412 3F       		.byte	63
 1072 0413 80       		.byte	-128
 1073 0414 40       		.byte	64
 1074 0415 06       		.byte	6
 1075 0416 47       		.byte	71
 1076 0417 40       		.byte	64
 1077 0418 4E       		.byte	78
 1078 0419 04       		.byte	4
 1079 041a 50       		.byte	80
 1080 041b 01       		.byte	1
 1081 041c 57       		.byte	87
 1082 041d 40       		.byte	64
 1083 041e 58       		.byte	88
ARM GAS  C:\Users\ukul426\AppData\Local\Temp\ccG0UCjU.s 			page 20


 1084 041f 80       		.byte	-128
 1085 0420 5C       		.byte	92
 1086 0421 80       		.byte	-128
 1087 0422 5D       		.byte	93
 1088 0423 20       		.byte	32
 1089 0424 63       		.byte	99
 1090 0425 02       		.byte	2
 1091 0426 64       		.byte	100
 1092 0427 08       		.byte	8
 1093 0428 67       		.byte	103
 1094 0429 02       		.byte	2
 1095 042a 69       		.byte	105
 1096 042b 50       		.byte	80
 1097 042c 7B       		.byte	123
 1098 042d 01       		.byte	1
 1099 042e 7F       		.byte	127
 1100 042f 01       		.byte	1
 1101 0430 80       		.byte	-128
 1102 0431 04       		.byte	4
 1103 0432 83       		.byte	-125
 1104 0433 40       		.byte	64
 1105 0434 85       		.byte	-123
 1106 0435 10       		.byte	16
 1107 0436 8E       		.byte	-114
 1108 0437 01       		.byte	1
 1109 0438 91       		.byte	-111
 1110 0439 21       		.byte	33
 1111 043a 92       		.byte	-110
 1112 043b 84       		.byte	-124
 1113 043c 95       		.byte	-107
 1114 043d 08       		.byte	8
 1115 043e 97       		.byte	-105
 1116 043f 40       		.byte	64
 1117 0440 98       		.byte	-104
 1118 0441 02       		.byte	2
 1119 0442 9A       		.byte	-102
 1120 0443 10       		.byte	16
 1121 0444 9B       		.byte	-101
 1122 0445 09       		.byte	9
 1123 0446 9C       		.byte	-100
 1124 0447 08       		.byte	8
 1125 0448 9D       		.byte	-99
 1126 0449 08       		.byte	8
 1127 044a 9F       		.byte	-97
 1128 044b 04       		.byte	4
 1129 044c A0       		.byte	-96
 1130 044d 12       		.byte	18
 1131 044e A1       		.byte	-95
 1132 044f 08       		.byte	8
 1133 0450 A2       		.byte	-94
 1134 0451 80       		.byte	-128
 1135 0452 A3       		.byte	-93
 1136 0453 08       		.byte	8
 1137 0454 A4       		.byte	-92
 1138 0455 81       		.byte	-127
 1139 0456 A5       		.byte	-91
 1140 0457 20       		.byte	32
ARM GAS  C:\Users\ukul426\AppData\Local\Temp\ccG0UCjU.s 			page 21


 1141 0458 A6       		.byte	-90
 1142 0459 10       		.byte	16
 1143 045a A9       		.byte	-87
 1144 045b 02       		.byte	2
 1145 045c AA       		.byte	-86
 1146 045d 04       		.byte	4
 1147 045e AB       		.byte	-85
 1148 045f 10       		.byte	16
 1149 0460 B5       		.byte	-75
 1150 0461 01       		.byte	1
 1151 0462 C0       		.byte	-64
 1152 0463 E5       		.byte	-27
 1153 0464 C2       		.byte	-62
 1154 0465 EA       		.byte	-22
 1155 0466 C4       		.byte	-60
 1156 0467 29       		.byte	41
 1157 0468 CA       		.byte	-54
 1158 0469 89       		.byte	-119
 1159 046a CC       		.byte	-52
 1160 046b 11       		.byte	17
 1161 046c CE       		.byte	-50
 1162 046d 17       		.byte	23
 1163 046e D0       		.byte	-48
 1164 046f 1C       		.byte	28
 1165 0470 D2       		.byte	-46
 1166 0471 20       		.byte	32
 1167 0472 D6       		.byte	-42
 1168 0473 38       		.byte	56
 1169 0474 D8       		.byte	-40
 1170 0475 38       		.byte	56
 1171 0476 DE       		.byte	-34
 1172 0477 18       		.byte	24
 1173 0478 E4       		.byte	-28
 1174 0479 48       		.byte	72
 1175 047a 04       		.byte	4
 1176 047b FE       		.byte	-2
 1177 047c 06       		.byte	6
 1178 047d 01       		.byte	1
 1179 047e 08       		.byte	8
 1180 047f A3       		.byte	-93
 1181 0480 09       		.byte	9
 1182 0481 5D       		.byte	93
 1183 0482 0A       		.byte	10
 1184 0483 5C       		.byte	92
 1185 0484 0B       		.byte	11
 1186 0485 20       		.byte	32
 1187 0486 0D       		.byte	13
 1188 0487 40       		.byte	64
 1189 0488 0F       		.byte	15
 1190 0489 08       		.byte	8
 1191 048a 10       		.byte	16
 1192 048b 0E       		.byte	14
 1193 048c 11       		.byte	17
 1194 048d 66       		.byte	102
 1195 048e 12       		.byte	18
 1196 048f F0       		.byte	-16
 1197 0490 13       		.byte	19
ARM GAS  C:\Users\ukul426\AppData\Local\Temp\ccG0UCjU.s 			page 22


 1198 0491 10       		.byte	16
 1199 0492 14       		.byte	20
 1200 0493 7F       		.byte	127
 1201 0494 17       		.byte	23
 1202 0495 78       		.byte	120
 1203 0496 19       		.byte	25
 1204 0497 3B       		.byte	59
 1205 0498 1A       		.byte	26
 1206 0499 01       		.byte	1
 1207 049a 1C       		.byte	28
 1208 049b C5       		.byte	-59
 1209 049c 1E       		.byte	30
 1210 049d 3A       		.byte	58
 1211 049e 23       		.byte	35
 1212 049f 80       		.byte	-128
 1213 04a0 28       		.byte	40
 1214 04a1 96       		.byte	-106
 1215 04a2 29       		.byte	41
 1216 04a3 66       		.byte	102
 1217 04a4 2A       		.byte	42
 1218 04a5 68       		.byte	104
 1219 04a6 2B       		.byte	43
 1220 04a7 08       		.byte	8
 1221 04a8 31       		.byte	49
 1222 04a9 78       		.byte	120
 1223 04aa 33       		.byte	51
 1224 04ab C0       		.byte	-64
 1225 04ac 35       		.byte	53
 1226 04ad 07       		.byte	7
 1227 04ae 36       		.byte	54
 1228 04af FF       		.byte	-1
 1229 04b0 39       		.byte	57
 1230 04b1 20       		.byte	32
 1231 04b2 3E       		.byte	62
 1232 04b3 40       		.byte	64
 1233 04b4 56       		.byte	86
 1234 04b5 08       		.byte	8
 1235 04b6 58       		.byte	88
 1236 04b7 04       		.byte	4
 1237 04b8 59       		.byte	89
 1238 04b9 04       		.byte	4
 1239 04ba 5B       		.byte	91
 1240 04bb 04       		.byte	4
 1241 04bc 5D       		.byte	93
 1242 04bd 90       		.byte	-112
 1243 04be 5F       		.byte	95
 1244 04bf 01       		.byte	1
 1245 04c0 82       		.byte	-126
 1246 04c1 10       		.byte	16
 1247 04c2 84       		.byte	-124
 1248 04c3 0B       		.byte	11
 1249 04c4 85       		.byte	-123
 1250 04c5 01       		.byte	1
 1251 04c6 86       		.byte	-122
 1252 04c7 04       		.byte	4
 1253 04c8 88       		.byte	-120
 1254 04c9 0C       		.byte	12
ARM GAS  C:\Users\ukul426\AppData\Local\Temp\ccG0UCjU.s 			page 23


 1255 04ca 8A       		.byte	-118
 1256 04cb 02       		.byte	2
 1257 04cc 8B       		.byte	-117
 1258 04cd 09       		.byte	9
 1259 04ce 8D       		.byte	-115
 1260 04cf 04       		.byte	4
 1261 04d0 8E       		.byte	-114
 1262 04d1 0F       		.byte	15
 1263 04d2 8F       		.byte	-113
 1264 04d3 02       		.byte	2
 1265 04d4 90       		.byte	-112
 1266 04d5 0C       		.byte	12
 1267 04d6 92       		.byte	-110
 1268 04d7 01       		.byte	1
 1269 04d8 94       		.byte	-108
 1270 04d9 08       		.byte	8
 1271 04da 96       		.byte	-106
 1272 04db 01       		.byte	1
 1273 04dc 9C       		.byte	-100
 1274 04dd 20       		.byte	32
 1275 04de 9D       		.byte	-99
 1276 04df 02       		.byte	2
 1277 04e0 9F       		.byte	-97
 1278 04e1 04       		.byte	4
 1279 04e2 A1       		.byte	-95
 1280 04e3 02       		.byte	2
 1281 04e4 A2       		.byte	-94
 1282 04e5 60       		.byte	96
 1283 04e6 A3       		.byte	-93
 1284 04e7 04       		.byte	4
 1285 04e8 A5       		.byte	-91
 1286 04e9 02       		.byte	2
 1287 04ea A7       		.byte	-89
 1288 04eb 04       		.byte	4
 1289 04ec A8       		.byte	-88
 1290 04ed 07       		.byte	7
 1291 04ee AF       		.byte	-81
 1292 04ef 01       		.byte	1
 1293 04f0 B0       		.byte	-80
 1294 04f1 20       		.byte	32
 1295 04f2 B1       		.byte	-79
 1296 04f3 06       		.byte	6
 1297 04f4 B2       		.byte	-78
 1298 04f5 10       		.byte	16
 1299 04f6 B4       		.byte	-76
 1300 04f7 0F       		.byte	15
 1301 04f8 B5       		.byte	-75
 1302 04f9 08       		.byte	8
 1303 04fa B6       		.byte	-74
 1304 04fb 40       		.byte	64
 1305 04fc B7       		.byte	-73
 1306 04fd 01       		.byte	1
 1307 04fe BB       		.byte	-69
 1308 04ff 02       		.byte	2
 1309 0500 BE       		.byte	-66
 1310 0501 01       		.byte	1
 1311 0502 BF       		.byte	-65
ARM GAS  C:\Users\ukul426\AppData\Local\Temp\ccG0UCjU.s 			page 24


 1312 0503 40       		.byte	64
 1313 0504 D2       		.byte	-46
 1314 0505 80       		.byte	-128
 1315 0506 D4       		.byte	-44
 1316 0507 0F       		.byte	15
 1317 0508 D6       		.byte	-42
 1318 0509 04       		.byte	4
 1319 050a D8       		.byte	-40
 1320 050b 04       		.byte	4
 1321 050c D9       		.byte	-39
 1322 050d 04       		.byte	4
 1323 050e DB       		.byte	-37
 1324 050f 04       		.byte	4
 1325 0510 DF       		.byte	-33
 1326 0511 01       		.byte	1
 1327 0512 00       		.byte	0
 1328 0513 84       		.byte	-124
 1329 0514 01       		.byte	1
 1330 0515 20       		.byte	32
 1331 0516 03       		.byte	3
 1332 0517 80       		.byte	-128
 1333 0518 04       		.byte	4
 1334 0519 04       		.byte	4
 1335 051a 05       		.byte	5
 1336 051b 20       		.byte	32
 1337 051c 06       		.byte	6
 1338 051d 20       		.byte	32
 1339 051e 08       		.byte	8
 1340 051f 08       		.byte	8
 1341 0520 09       		.byte	9
 1342 0521 01       		.byte	1
 1343 0522 0A       		.byte	10
 1344 0523 01       		.byte	1
 1345 0524 0E       		.byte	14
 1346 0525 2A       		.byte	42
 1347 0526 0F       		.byte	15
 1348 0527 40       		.byte	64
 1349 0528 10       		.byte	16
 1350 0529 04       		.byte	4
 1351 052a 11       		.byte	17
 1352 052b 20       		.byte	32
 1353 052c 12       		.byte	18
 1354 052d 40       		.byte	64
 1355 052e 14       		.byte	20
 1356 052f 08       		.byte	8
 1357 0530 15       		.byte	21
 1358 0531 20       		.byte	32
 1359 0532 18       		.byte	24
 1360 0533 42       		.byte	66
 1361 0534 19       		.byte	25
 1362 0535 28       		.byte	40
 1363 0536 1A       		.byte	26
 1364 0537 01       		.byte	1
 1365 0538 1F       		.byte	31
 1366 0539 40       		.byte	64
 1367 053a 20       		.byte	32
 1368 053b 82       		.byte	-126
ARM GAS  C:\Users\ukul426\AppData\Local\Temp\ccG0UCjU.s 			page 25


 1369 053c 23       		.byte	35
 1370 053d 44       		.byte	68
 1371 053e 24       		.byte	36
 1372 053f 20       		.byte	32
 1373 0540 25       		.byte	37
 1374 0541 31       		.byte	49
 1375 0542 26       		.byte	38
 1376 0543 15       		.byte	21
 1377 0544 29       		.byte	41
 1378 0545 08       		.byte	8
 1379 0546 2A       		.byte	42
 1380 0547 80       		.byte	-128
 1381 0548 2B       		.byte	43
 1382 0549 80       		.byte	-128
 1383 054a 2D       		.byte	45
 1384 054b 20       		.byte	32
 1385 054c 2F       		.byte	47
 1386 054d 40       		.byte	64
 1387 054e 32       		.byte	50
 1388 054f 40       		.byte	64
 1389 0550 34       		.byte	52
 1390 0551 08       		.byte	8
 1391 0552 36       		.byte	54
 1392 0553 11       		.byte	17
 1393 0554 38       		.byte	56
 1394 0555 20       		.byte	32
 1395 0556 3B       		.byte	59
 1396 0557 44       		.byte	68
 1397 0558 3E       		.byte	62
 1398 0559 20       		.byte	32
 1399 055a 3F       		.byte	63
 1400 055b 40       		.byte	64
 1401 055c 58       		.byte	88
 1402 055d 04       		.byte	4
 1403 055e 59       		.byte	89
 1404 055f 01       		.byte	1
 1405 0560 5A       		.byte	90
 1406 0561 50       		.byte	80
 1407 0562 5C       		.byte	92
 1408 0563 80       		.byte	-128
 1409 0564 62       		.byte	98
 1410 0565 02       		.byte	2
 1411 0566 67       		.byte	103
 1412 0567 02       		.byte	2
 1413 0568 72       		.byte	114
 1414 0569 80       		.byte	-128
 1415 056a 91       		.byte	-111
 1416 056b 20       		.byte	32
 1417 056c 92       		.byte	-110
 1418 056d D4       		.byte	-44
 1419 056e 95       		.byte	-107
 1420 056f 08       		.byte	8
 1421 0570 96       		.byte	-106
 1422 0571 02       		.byte	2
 1423 0572 9A       		.byte	-102
 1424 0573 10       		.byte	16
 1425 0574 9B       		.byte	-101
ARM GAS  C:\Users\ukul426\AppData\Local\Temp\ccG0UCjU.s 			page 26


 1426 0575 09       		.byte	9
 1427 0576 9C       		.byte	-100
 1428 0577 90       		.byte	-112
 1429 0578 9D       		.byte	-99
 1430 0579 04       		.byte	4
 1431 057a A0       		.byte	-96
 1432 057b 10       		.byte	16
 1433 057c A2       		.byte	-94
 1434 057d 80       		.byte	-128
 1435 057e A3       		.byte	-93
 1436 057f 88       		.byte	-120
 1437 0580 A4       		.byte	-92
 1438 0581 01       		.byte	1
 1439 0582 A5       		.byte	-91
 1440 0583 20       		.byte	32
 1441 0584 A8       		.byte	-88
 1442 0585 80       		.byte	-128
 1443 0586 A9       		.byte	-87
 1444 0587 60       		.byte	96
 1445 0588 B0       		.byte	-80
 1446 0589 40       		.byte	64
 1447 058a B2       		.byte	-78
 1448 058b 04       		.byte	4
 1449 058c B3       		.byte	-77
 1450 058d 10       		.byte	16
 1451 058e C0       		.byte	-64
 1452 058f 6F       		.byte	111
 1453 0590 C2       		.byte	-62
 1454 0591 FD       		.byte	-3
 1455 0592 C4       		.byte	-60
 1456 0593 4A       		.byte	74
 1457 0594 CA       		.byte	-54
 1458 0595 AB       		.byte	-85
 1459 0596 CC       		.byte	-52
 1460 0597 E8       		.byte	-24
 1461 0598 CE       		.byte	-50
 1462 0599 3E       		.byte	62
 1463 059a D6       		.byte	-42
 1464 059b 1F       		.byte	31
 1465 059c D8       		.byte	-40
 1466 059d 11       		.byte	17
 1467 059e EC       		.byte	-20
 1468 059f 04       		.byte	4
 1469 05a0 EE       		.byte	-18
 1470 05a1 80       		.byte	-128
 1471 05a2 EA       		.byte	-22
 1472 05a3 80       		.byte	-128
 1473 05a4 EC       		.byte	-20
 1474 05a5 04       		.byte	4
 1475 05a6 E4       		.byte	-28
 1476 05a7 08       		.byte	8
 1477 05a8 EA       		.byte	-22
 1478 05a9 10       		.byte	16
 1479 05aa EA       		.byte	-22
 1480 05ab A4       		.byte	-92
 1481 05ac B8       		.byte	-72
 1482 05ad 02       		.byte	2
ARM GAS  C:\Users\ukul426\AppData\Local\Temp\ccG0UCjU.s 			page 27


 1483 05ae BE       		.byte	-66
 1484 05af 01       		.byte	1
 1485 05b0 D8       		.byte	-40
 1486 05b1 04       		.byte	4
 1487 05b2 DF       		.byte	-33
 1488 05b3 01       		.byte	1
 1489 05b4 1C       		.byte	28
 1490 05b5 40       		.byte	64
 1491 05b6 8C       		.byte	-116
 1492 05b7 40       		.byte	64
 1493 05b8 E2       		.byte	-30
 1494 05b9 40       		.byte	64
 1495 05ba 01       		.byte	1
 1496 05bb 03       		.byte	3
 1497 05bc 0B       		.byte	11
 1498 05bd 04       		.byte	4
 1499 05be 19       		.byte	25
 1500 05bf 02       		.byte	2
 1501 05c0 1B       		.byte	27
 1502 05c1 01       		.byte	1
 1503 05c2 24       		.byte	36
 1504 05c3 04       		.byte	4
 1505 05c4 27       		.byte	39
 1506 05c5 03       		.byte	3
 1507 05c6 28       		.byte	40
 1508 05c7 06       		.byte	6
 1509 05c8 2A       		.byte	42
 1510 05c9 01       		.byte	1
 1511 05ca 2C       		.byte	44
 1512 05cb 06       		.byte	6
 1513 05cc 30       		.byte	48
 1514 05cd 01       		.byte	1
 1515 05ce 31       		.byte	49
 1516 05cf 04       		.byte	4
 1517 05d0 32       		.byte	50
 1518 05d1 02       		.byte	2
 1519 05d2 34       		.byte	52
 1520 05d3 04       		.byte	4
 1521 05d4 35       		.byte	53
 1522 05d5 02       		.byte	2
 1523 05d6 37       		.byte	55
 1524 05d7 01       		.byte	1
 1525 05d8 38       		.byte	56
 1526 05d9 28       		.byte	40
 1527 05da 3E       		.byte	62
 1528 05db 10       		.byte	16
 1529 05dc 3F       		.byte	63
 1530 05dd 50       		.byte	80
 1531 05de 40       		.byte	64
 1532 05df 52       		.byte	82
 1533 05e0 41       		.byte	65
 1534 05e1 06       		.byte	6
 1535 05e2 49       		.byte	73
 1536 05e3 FF       		.byte	-1
 1537 05e4 4A       		.byte	74
 1538 05e5 FF       		.byte	-1
 1539 05e6 4B       		.byte	75
ARM GAS  C:\Users\ukul426\AppData\Local\Temp\ccG0UCjU.s 			page 28


 1540 05e7 FF       		.byte	-1
 1541 05e8 4D       		.byte	77
 1542 05e9 A0       		.byte	-96
 1543 05ea 4F       		.byte	79
 1544 05eb 01       		.byte	1
 1545 05ec 50       		.byte	80
 1546 05ed 18       		.byte	24
 1547 05ee 54       		.byte	84
 1548 05ef 0F       		.byte	15
 1549 05f0 56       		.byte	86
 1550 05f1 04       		.byte	4
 1551 05f2 58       		.byte	88
 1552 05f3 04       		.byte	4
 1553 05f4 59       		.byte	89
 1554 05f5 04       		.byte	4
 1555 05f6 5A       		.byte	90
 1556 05f7 04       		.byte	4
 1557 05f8 5B       		.byte	91
 1558 05f9 04       		.byte	4
 1559 05fa 5F       		.byte	95
 1560 05fb 01       		.byte	1
 1561 05fc 60       		.byte	96
 1562 05fd 40       		.byte	64
 1563 05fe 62       		.byte	98
 1564 05ff 80       		.byte	-128
 1565 0600 64       		.byte	100
 1566 0601 40       		.byte	64
 1567 0602 65       		.byte	101
 1568 0603 40       		.byte	64
 1569 0604 66       		.byte	102
 1570 0605 80       		.byte	-128
 1571 0606 68       		.byte	104
 1572 0607 40       		.byte	64
 1573 0608 6A       		.byte	106
 1574 0609 80       		.byte	-128
 1575 060a 6C       		.byte	108
 1576 060b 40       		.byte	64
 1577 060c 6D       		.byte	109
 1578 060d 20       		.byte	32
 1579 060e 6E       		.byte	110
 1580 060f 80       		.byte	-128
 1581 0610 84       		.byte	-124
 1582 0611 C1       		.byte	-63
 1583 0612 86       		.byte	-122
 1584 0613 12       		.byte	18
 1585 0614 88       		.byte	-120
 1586 0615 B7       		.byte	-73
 1587 0616 89       		.byte	-119
 1588 0617 FD       		.byte	-3
 1589 0618 8A       		.byte	-118
 1590 0619 40       		.byte	64
 1591 061a 8B       		.byte	-117
 1592 061b 02       		.byte	2
 1593 061c 8C       		.byte	-116
 1594 061d 84       		.byte	-124
 1595 061e 8E       		.byte	-114
 1596 061f 10       		.byte	16
ARM GAS  C:\Users\ukul426\AppData\Local\Temp\ccG0UCjU.s 			page 29


 1597 0620 91       		.byte	-111
 1598 0621 30       		.byte	48
 1599 0622 93       		.byte	-109
 1600 0623 C9       		.byte	-55
 1601 0624 94       		.byte	-108
 1602 0625 C0       		.byte	-64
 1603 0626 95       		.byte	-107
 1604 0627 CF       		.byte	-49
 1605 0628 96       		.byte	-106
 1606 0629 24       		.byte	36
 1607 062a 97       		.byte	-105
 1608 062b 30       		.byte	48
 1609 062c 99       		.byte	-103
 1610 062d 73       		.byte	115
 1611 062e 9A       		.byte	-102
 1612 062f 07       		.byte	7
 1613 0630 9D       		.byte	-99
 1614 0631 94       		.byte	-108
 1615 0632 9F       		.byte	-97
 1616 0633 60       		.byte	96
 1617 0634 A0       		.byte	-96
 1618 0635 01       		.byte	1
 1619 0636 A2       		.byte	-94
 1620 0637 F2       		.byte	-14
 1621 0638 A4       		.byte	-92
 1622 0639 77       		.byte	119
 1623 063a A7       		.byte	-89
 1624 063b 0F       		.byte	15
 1625 063c A9       		.byte	-87
 1626 063d 9E       		.byte	-98
 1627 063e AA       		.byte	-86
 1628 063f 08       		.byte	8
 1629 0640 AB       		.byte	-85
 1630 0641 60       		.byte	96
 1631 0642 B2       		.byte	-78
 1632 0643 F0       		.byte	-16
 1633 0644 B3       		.byte	-77
 1634 0645 FF       		.byte	-1
 1635 0646 B4       		.byte	-76
 1636 0647 0F       		.byte	15
 1637 0648 BF       		.byte	-65
 1638 0649 04       		.byte	4
 1639 064a C0       		.byte	-64
 1640 064b 56       		.byte	86
 1641 064c C1       		.byte	-63
 1642 064d 02       		.byte	2
 1643 064e C5       		.byte	-59
 1644 064f 0C       		.byte	12
 1645 0650 C6       		.byte	-58
 1646 0651 24       		.byte	36
 1647 0652 C7       		.byte	-57
 1648 0653 3E       		.byte	62
 1649 0654 C8       		.byte	-56
 1650 0655 3D       		.byte	61
 1651 0656 C9       		.byte	-55
 1652 0657 FF       		.byte	-1
 1653 0658 CA       		.byte	-54
ARM GAS  C:\Users\ukul426\AppData\Local\Temp\ccG0UCjU.s 			page 30


 1654 0659 FF       		.byte	-1
 1655 065a CB       		.byte	-53
 1656 065b FF       		.byte	-1
 1657 065c CD       		.byte	-51
 1658 065d AF       		.byte	-81
 1659 065e CE       		.byte	-50
 1660 065f 07       		.byte	7
 1661 0660 CF       		.byte	-49
 1662 0661 01       		.byte	1
 1663 0662 D0       		.byte	-48
 1664 0663 18       		.byte	24
 1665 0664 D8       		.byte	-40
 1666 0665 04       		.byte	4
 1667 0666 D9       		.byte	-39
 1668 0667 04       		.byte	4
 1669 0668 DA       		.byte	-38
 1670 0669 04       		.byte	4
 1671 066a DB       		.byte	-37
 1672 066b 04       		.byte	4
 1673 066c DF       		.byte	-33
 1674 066d 01       		.byte	1
 1675 066e E0       		.byte	-32
 1676 066f 40       		.byte	64
 1677 0670 E2       		.byte	-30
 1678 0671 80       		.byte	-128
 1679 0672 E4       		.byte	-28
 1680 0673 40       		.byte	64
 1681 0674 E5       		.byte	-27
 1682 0675 40       		.byte	64
 1683 0676 E6       		.byte	-26
 1684 0677 80       		.byte	-128
 1685 0678 E8       		.byte	-24
 1686 0679 40       		.byte	64
 1687 067a EA       		.byte	-22
 1688 067b 80       		.byte	-128
 1689 067c EC       		.byte	-20
 1690 067d 40       		.byte	64
 1691 067e ED       		.byte	-19
 1692 067f 20       		.byte	32
 1693 0680 EE       		.byte	-18
 1694 0681 80       		.byte	-128
 1695 0682 04       		.byte	4
 1696 0683 10       		.byte	16
 1697 0684 06       		.byte	6
 1698 0685 20       		.byte	32
 1699 0686 07       		.byte	7
 1700 0687 01       		.byte	1
 1701 0688 0D       		.byte	13
 1702 0689 28       		.byte	40
 1703 068a 10       		.byte	16
 1704 068b 02       		.byte	2
 1705 068c 11       		.byte	17
 1706 068d 30       		.byte	48
 1707 068e 12       		.byte	18
 1708 068f 20       		.byte	32
 1709 0690 13       		.byte	19
 1710 0691 08       		.byte	8
ARM GAS  C:\Users\ukul426\AppData\Local\Temp\ccG0UCjU.s 			page 31


 1711 0692 14       		.byte	20
 1712 0693 80       		.byte	-128
 1713 0694 17       		.byte	23
 1714 0695 18       		.byte	24
 1715 0696 18       		.byte	24
 1716 0697 04       		.byte	4
 1717 0698 19       		.byte	25
 1718 0699 08       		.byte	8
 1719 069a 1A       		.byte	26
 1720 069b 48       		.byte	72
 1721 069c 1D       		.byte	29
 1722 069d 3C       		.byte	60
 1723 069e 1F       		.byte	31
 1724 069f 10       		.byte	16
 1725 06a0 22       		.byte	34
 1726 06a1 51       		.byte	81
 1727 06a2 27       		.byte	39
 1728 06a3 10       		.byte	16
 1729 06a4 29       		.byte	41
 1730 06a5 08       		.byte	8
 1731 06a6 2E       		.byte	46
 1732 06a7 20       		.byte	32
 1733 06a8 2F       		.byte	47
 1734 06a9 18       		.byte	24
 1735 06aa 31       		.byte	49
 1736 06ab 10       		.byte	16
 1737 06ac 34       		.byte	52
 1738 06ad 80       		.byte	-128
 1739 06ae 35       		.byte	53
 1740 06af 04       		.byte	4
 1741 06b0 36       		.byte	54
 1742 06b1 A0       		.byte	-96
 1743 06b2 37       		.byte	55
 1744 06b3 01       		.byte	1
 1745 06b4 38       		.byte	56
 1746 06b5 02       		.byte	2
 1747 06b6 3A       		.byte	58
 1748 06b7 10       		.byte	16
 1749 06b8 3C       		.byte	60
 1750 06b9 30       		.byte	48
 1751 06ba 40       		.byte	64
 1752 06bb 04       		.byte	4
 1753 06bc 45       		.byte	69
 1754 06bd 20       		.byte	32
 1755 06be 4A       		.byte	74
 1756 06bf 01       		.byte	1
 1757 06c0 4B       		.byte	75
 1758 06c1 60       		.byte	96
 1759 06c2 4E       		.byte	78
 1760 06c3 04       		.byte	4
 1761 06c4 4F       		.byte	79
 1762 06c5 44       		.byte	68
 1763 06c6 54       		.byte	84
 1764 06c7 02       		.byte	2
 1765 06c8 55       		.byte	85
 1766 06c9 10       		.byte	16
 1767 06ca 56       		.byte	86
ARM GAS  C:\Users\ukul426\AppData\Local\Temp\ccG0UCjU.s 			page 32


 1768 06cb 4A       		.byte	74
 1769 06cc 57       		.byte	87
 1770 06cd 20       		.byte	32
 1771 06ce 5A       		.byte	90
 1772 06cf A1       		.byte	-95
 1773 06d0 5B       		.byte	91
 1774 06d1 08       		.byte	8
 1775 06d2 63       		.byte	99
 1776 06d3 80       		.byte	-128
 1777 06d4 6E       		.byte	110
 1778 06d5 20       		.byte	32
 1779 06d6 6F       		.byte	111
 1780 06d7 02       		.byte	2
 1781 06d8 83       		.byte	-125
 1782 06d9 40       		.byte	64
 1783 06da 84       		.byte	-124
 1784 06db 10       		.byte	16
 1785 06dc 86       		.byte	-122
 1786 06dd 11       		.byte	17
 1787 06de 8B       		.byte	-117
 1788 06df 02       		.byte	2
 1789 06e0 90       		.byte	-112
 1790 06e1 02       		.byte	2
 1791 06e2 95       		.byte	-107
 1792 06e3 10       		.byte	16
 1793 06e4 96       		.byte	-106
 1794 06e5 42       		.byte	66
 1795 06e6 97       		.byte	-105
 1796 06e7 04       		.byte	4
 1797 06e8 9A       		.byte	-102
 1798 06e9 10       		.byte	16
 1799 06ea 9B       		.byte	-101
 1800 06eb 09       		.byte	9
 1801 06ec 9D       		.byte	-99
 1802 06ed 04       		.byte	4
 1803 06ee 9E       		.byte	-98
 1804 06ef 4A       		.byte	74
 1805 06f0 A0       		.byte	-96
 1806 06f1 10       		.byte	16
 1807 06f2 A2       		.byte	-94
 1808 06f3 81       		.byte	-127
 1809 06f4 A3       		.byte	-93
 1810 06f5 08       		.byte	8
 1811 06f6 A7       		.byte	-89
 1812 06f7 20       		.byte	32
 1813 06f8 A8       		.byte	-88
 1814 06f9 80       		.byte	-128
 1815 06fa B5       		.byte	-75
 1816 06fb 02       		.byte	2
 1817 06fc B7       		.byte	-73
 1818 06fd 10       		.byte	16
 1819 06fe C0       		.byte	-64
 1820 06ff E0       		.byte	-32
 1821 0700 C2       		.byte	-62
 1822 0701 60       		.byte	96
 1823 0702 C4       		.byte	-60
 1824 0703 77       		.byte	119
ARM GAS  C:\Users\ukul426\AppData\Local\Temp\ccG0UCjU.s 			page 33


 1825 0704 CA       		.byte	-54
 1826 0705 62       		.byte	98
 1827 0706 CC       		.byte	-52
 1828 0707 F4       		.byte	-12
 1829 0708 CE       		.byte	-50
 1830 0709 25       		.byte	37
 1831 070a D0       		.byte	-48
 1832 070b 24       		.byte	36
 1833 070c D2       		.byte	-46
 1834 070d 3C       		.byte	60
 1835 070e D6       		.byte	-42
 1836 070f 0F       		.byte	15
 1837 0710 D8       		.byte	-40
 1838 0711 01       		.byte	1
 1839 0712 E6       		.byte	-26
 1840 0713 80       		.byte	-128
 1841 0714 E8       		.byte	-24
 1842 0715 40       		.byte	64
 1843 0716 EE       		.byte	-18
 1844 0717 40       		.byte	64
 1845 0718 00       		.byte	0
 1846 0719 01       		.byte	1
 1847 071a 0D       		.byte	13
 1848 071b 02       		.byte	2
 1849 071c 0E       		.byte	14
 1850 071d 05       		.byte	5
 1851 071e 0F       		.byte	15
 1852 071f 01       		.byte	1
 1853 0720 11       		.byte	17
 1854 0721 08       		.byte	8
 1855 0722 14       		.byte	20
 1856 0723 08       		.byte	8
 1857 0724 17       		.byte	23
 1858 0725 02       		.byte	2
 1859 0726 1A       		.byte	26
 1860 0727 0A       		.byte	10
 1861 0728 1B       		.byte	27
 1862 0729 01       		.byte	1
 1863 072a 27       		.byte	39
 1864 072b 04       		.byte	4
 1865 072c 2D       		.byte	45
 1866 072d 04       		.byte	4
 1867 072e 2E       		.byte	46
 1868 072f 08       		.byte	8
 1869 0730 30       		.byte	48
 1870 0731 04       		.byte	4
 1871 0732 32       		.byte	50
 1872 0733 02       		.byte	2
 1873 0734 33       		.byte	51
 1874 0735 03       		.byte	3
 1875 0736 34       		.byte	52
 1876 0737 01       		.byte	1
 1877 0738 35       		.byte	53
 1878 0739 08       		.byte	8
 1879 073a 36       		.byte	54
 1880 073b 08       		.byte	8
 1881 073c 37       		.byte	55
ARM GAS  C:\Users\ukul426\AppData\Local\Temp\ccG0UCjU.s 			page 34


 1882 073d 04       		.byte	4
 1883 073e 3E       		.byte	62
 1884 073f 50       		.byte	80
 1885 0740 3F       		.byte	63
 1886 0741 50       		.byte	80
 1887 0742 40       		.byte	64
 1888 0743 32       		.byte	50
 1889 0744 46       		.byte	70
 1890 0745 02       		.byte	2
 1891 0746 48       		.byte	72
 1892 0747 04       		.byte	4
 1893 0748 49       		.byte	73
 1894 0749 FF       		.byte	-1
 1895 074a 4A       		.byte	74
 1896 074b FF       		.byte	-1
 1897 074c 4B       		.byte	75
 1898 074d FF       		.byte	-1
 1899 074e 52       		.byte	82
 1900 074f 80       		.byte	-128
 1901 0750 54       		.byte	84
 1902 0751 0F       		.byte	15
 1903 0752 58       		.byte	88
 1904 0753 04       		.byte	4
 1905 0754 59       		.byte	89
 1906 0755 08       		.byte	8
 1907 0756 5A       		.byte	90
 1908 0757 08       		.byte	8
 1909 0758 5B       		.byte	91
 1910 0759 04       		.byte	4
 1911 075a 5C       		.byte	92
 1912 075b 90       		.byte	-112
 1913 075c 5D       		.byte	93
 1914 075d 09       		.byte	9
 1915 075e 5F       		.byte	95
 1916 075f 05       		.byte	5
 1917 0760 60       		.byte	96
 1918 0761 80       		.byte	-128
 1919 0762 62       		.byte	98
 1920 0763 40       		.byte	64
 1921 0764 63       		.byte	99
 1922 0765 40       		.byte	64
 1923 0766 64       		.byte	100
 1924 0767 40       		.byte	64
 1925 0768 65       		.byte	101
 1926 0769 40       		.byte	64
 1927 076a 66       		.byte	102
 1928 076b 80       		.byte	-128
 1929 076c 68       		.byte	104
 1930 076d 80       		.byte	-128
 1931 076e 6A       		.byte	106
 1932 076f 80       		.byte	-128
 1933 0770 6C       		.byte	108
 1934 0771 80       		.byte	-128
 1935 0772 6E       		.byte	110
 1936 0773 80       		.byte	-128
 1937 0774 84       		.byte	-124
 1938 0775 FD       		.byte	-3
ARM GAS  C:\Users\ukul426\AppData\Local\Temp\ccG0UCjU.s 			page 35


 1939 0776 86       		.byte	-122
 1940 0777 02       		.byte	2
 1941 0778 87       		.byte	-121
 1942 0779 07       		.byte	7
 1943 077a 88       		.byte	-120
 1944 077b CF       		.byte	-49
 1945 077c 89       		.byte	-119
 1946 077d F7       		.byte	-9
 1947 077e 8A       		.byte	-118
 1948 077f 30       		.byte	48
 1949 0780 8C       		.byte	-116
 1950 0781 94       		.byte	-108
 1951 0782 8E       		.byte	-114
 1952 0783 60       		.byte	96
 1953 0784 90       		.byte	-112
 1954 0785 9E       		.byte	-98
 1955 0786 92       		.byte	-110
 1956 0787 60       		.byte	96
 1957 0788 94       		.byte	-108
 1958 0789 30       		.byte	48
 1959 078a 95       		.byte	-107
 1960 078b 77       		.byte	119
 1961 078c 96       		.byte	-106
 1962 078d C9       		.byte	-55
 1963 078e 99       		.byte	-103
 1964 078f 54       		.byte	84
 1965 0790 9B       		.byte	-101
 1966 0791 A0       		.byte	-96
 1967 0792 9D       		.byte	-99
 1968 0793 A1       		.byte	-95
 1969 0794 9F       		.byte	-97
 1970 0795 52       		.byte	82
 1971 0796 A6       		.byte	-90
 1972 0797 0F       		.byte	15
 1973 0798 A7       		.byte	-89
 1974 0799 08       		.byte	8
 1975 079a A8       		.byte	-88
 1976 079b 73       		.byte	115
 1977 079c A9       		.byte	-87
 1978 079d C0       		.byte	-64
 1979 079e AB       		.byte	-85
 1980 079f 34       		.byte	52
 1981 07a0 AD       		.byte	-83
 1982 07a1 31       		.byte	49
 1983 07a2 AF       		.byte	-81
 1984 07a3 C2       		.byte	-62
 1985 07a4 B2       		.byte	-78
 1986 07a5 FF       		.byte	-1
 1987 07a6 B3       		.byte	-77
 1988 07a7 0F       		.byte	15
 1989 07a8 B5       		.byte	-75
 1990 07a9 F0       		.byte	-16
 1991 07aa BE       		.byte	-66
 1992 07ab 04       		.byte	4
 1993 07ac D8       		.byte	-40
 1994 07ad 04       		.byte	4
 1995 07ae D9       		.byte	-39
ARM GAS  C:\Users\ukul426\AppData\Local\Temp\ccG0UCjU.s 			page 36


 1996 07af 04       		.byte	4
 1997 07b0 DB       		.byte	-37
 1998 07b1 04       		.byte	4
 1999 07b2 DF       		.byte	-33
 2000 07b3 01       		.byte	1
 2001 07b4 00       		.byte	0
 2002 07b5 84       		.byte	-124
 2003 07b6 01       		.byte	1
 2004 07b7 20       		.byte	32
 2005 07b8 03       		.byte	3
 2006 07b9 02       		.byte	2
 2007 07ba 05       		.byte	5
 2008 07bb 01       		.byte	1
 2009 07bc 06       		.byte	6
 2010 07bd 02       		.byte	2
 2011 07be 08       		.byte	8
 2012 07bf 08       		.byte	8
 2013 07c0 09       		.byte	9
 2014 07c1 01       		.byte	1
 2015 07c2 0A       		.byte	10
 2016 07c3 A0       		.byte	-96
 2017 07c4 0E       		.byte	14
 2018 07c5 24       		.byte	36
 2019 07c6 10       		.byte	16
 2020 07c7 14       		.byte	20
 2021 07c8 11       		.byte	17
 2022 07c9 20       		.byte	32
 2023 07ca 14       		.byte	20
 2024 07cb 10       		.byte	16
 2025 07cc 15       		.byte	21
 2026 07cd 08       		.byte	8
 2027 07ce 17       		.byte	23
 2028 07cf 40       		.byte	64
 2029 07d0 19       		.byte	25
 2030 07d1 08       		.byte	8
 2031 07d2 1D       		.byte	29
 2032 07d3 01       		.byte	1
 2033 07d4 1E       		.byte	30
 2034 07d5 2A       		.byte	42
 2035 07d6 20       		.byte	32
 2036 07d7 04       		.byte	4
 2037 07d8 21       		.byte	33
 2038 07d9 14       		.byte	20
 2039 07da 24       		.byte	36
 2040 07db 08       		.byte	8
 2041 07dc 26       		.byte	38
 2042 07dd 08       		.byte	8
 2043 07de 27       		.byte	39
 2044 07df 12       		.byte	18
 2045 07e0 29       		.byte	41
 2046 07e1 28       		.byte	40
 2047 07e2 2B       		.byte	43
 2048 07e3 02       		.byte	2
 2049 07e4 2E       		.byte	46
 2050 07e5 40       		.byte	64
 2051 07e6 2F       		.byte	47
 2052 07e7 20       		.byte	32
ARM GAS  C:\Users\ukul426\AppData\Local\Temp\ccG0UCjU.s 			page 37


 2053 07e8 30       		.byte	48
 2054 07e9 04       		.byte	4
 2055 07ea 32       		.byte	50
 2056 07eb 50       		.byte	80
 2057 07ec 34       		.byte	52
 2058 07ed 20       		.byte	32
 2059 07ee 35       		.byte	53
 2060 07ef 02       		.byte	2
 2061 07f0 36       		.byte	54
 2062 07f1 08       		.byte	8
 2063 07f2 39       		.byte	57
 2064 07f3 28       		.byte	40
 2065 07f4 3F       		.byte	63
 2066 07f5 80       		.byte	-128
 2067 07f6 44       		.byte	68
 2068 07f7 20       		.byte	32
 2069 07f8 47       		.byte	71
 2070 07f9 10       		.byte	16
 2071 07fa 57       		.byte	87
 2072 07fb 40       		.byte	64
 2073 07fc 5A       		.byte	90
 2074 07fd 08       		.byte	8
 2075 07fe 5B       		.byte	91
 2076 07ff 08       		.byte	8
 2077 0800 5C       		.byte	92
 2078 0801 40       		.byte	64
 2079 0802 5D       		.byte	93
 2080 0803 10       		.byte	16
 2081 0804 5E       		.byte	94
 2082 0805 08       		.byte	8
 2083 0806 5F       		.byte	95
 2084 0807 02       		.byte	2
 2085 0808 66       		.byte	102
 2086 0809 08       		.byte	8
 2087 080a 67       		.byte	103
 2088 080b 04       		.byte	4
 2089 080c 68       		.byte	104
 2090 080d 0A       		.byte	10
 2091 080e 77       		.byte	119
 2092 080f 40       		.byte	64
 2093 0810 7E       		.byte	126
 2094 0811 04       		.byte	4
 2095 0812 7F       		.byte	127
 2096 0813 01       		.byte	1
 2097 0814 88       		.byte	-120
 2098 0815 02       		.byte	2
 2099 0816 8C       		.byte	-116
 2100 0817 0C       		.byte	12
 2101 0818 90       		.byte	-112
 2102 0819 42       		.byte	66
 2103 081a 92       		.byte	-110
 2104 081b 04       		.byte	4
 2105 081c 93       		.byte	-109
 2106 081d 02       		.byte	2
 2107 081e 94       		.byte	-108
 2108 081f 04       		.byte	4
 2109 0820 95       		.byte	-107
ARM GAS  C:\Users\ukul426\AppData\Local\Temp\ccG0UCjU.s 			page 38


 2110 0821 08       		.byte	8
 2111 0822 96       		.byte	-106
 2112 0823 02       		.byte	2
 2113 0824 98       		.byte	-104
 2114 0825 28       		.byte	40
 2115 0826 99       		.byte	-103
 2116 0827 20       		.byte	32
 2117 0828 9A       		.byte	-102
 2118 0829 10       		.byte	16
 2119 082a 9B       		.byte	-101
 2120 082b 09       		.byte	9
 2121 082c 9C       		.byte	-100
 2122 082d 90       		.byte	-112
 2123 082e 9D       		.byte	-99
 2124 082f 04       		.byte	4
 2125 0830 9E       		.byte	-98
 2126 0831 40       		.byte	64
 2127 0832 A0       		.byte	-96
 2128 0833 50       		.byte	80
 2129 0834 A1       		.byte	-95
 2130 0835 11       		.byte	17
 2131 0836 A2       		.byte	-94
 2132 0837 80       		.byte	-128
 2133 0838 A3       		.byte	-93
 2134 0839 08       		.byte	8
 2135 083a A8       		.byte	-88
 2136 083b 04       		.byte	4
 2137 083c A9       		.byte	-87
 2138 083d 01       		.byte	1
 2139 083e AA       		.byte	-86
 2140 083f 02       		.byte	2
 2141 0840 B0       		.byte	-80
 2142 0841 20       		.byte	32
 2143 0842 C0       		.byte	-64
 2144 0843 97       		.byte	-105
 2145 0844 C2       		.byte	-62
 2146 0845 6C       		.byte	108
 2147 0846 C4       		.byte	-60
 2148 0847 86       		.byte	-122
 2149 0848 CA       		.byte	-54
 2150 0849 5E       		.byte	94
 2151 084a CC       		.byte	-52
 2152 084b EE       		.byte	-18
 2153 084c CE       		.byte	-50
 2154 084d 16       		.byte	22
 2155 084e D0       		.byte	-48
 2156 084f 60       		.byte	96
 2157 0850 D6       		.byte	-42
 2158 0851 F0       		.byte	-16
 2159 0852 D8       		.byte	-40
 2160 0853 60       		.byte	96
 2161 0854 DE       		.byte	-34
 2162 0855 30       		.byte	48
 2163 0856 E6       		.byte	-26
 2164 0857 90       		.byte	-112
 2165 0858 E0       		.byte	-32
 2166 0859 10       		.byte	16
ARM GAS  C:\Users\ukul426\AppData\Local\Temp\ccG0UCjU.s 			page 39


 2167 085a EA       		.byte	-22
 2168 085b 80       		.byte	-128
 2169 085c 30       		.byte	48
 2170 085d 80       		.byte	-128
 2171 085e 37       		.byte	55
 2172 085f 20       		.byte	32
 2173 0860 8D       		.byte	-115
 2174 0861 10       		.byte	16
 2175 0862 CC       		.byte	-52
 2176 0863 30       		.byte	48
 2177 0864 50       		.byte	80
 2178 0865 04       		.byte	4
 2179 0866 54       		.byte	84
 2180 0867 02       		.byte	2
 2181 0868 57       		.byte	87
 2182 0869 40       		.byte	64
 2183 086a 59       		.byte	89
 2184 086b 80       		.byte	-128
 2185 086c 84       		.byte	-124
 2186 086d 10       		.byte	16
 2187 086e 99       		.byte	-103
 2188 086f 10       		.byte	16
 2189 0870 9F       		.byte	-97
 2190 0871 20       		.byte	32
 2191 0872 A4       		.byte	-92
 2192 0873 80       		.byte	-128
 2193 0874 A6       		.byte	-90
 2194 0875 01       		.byte	1
 2195 0876 AA       		.byte	-86
 2196 0877 01       		.byte	1
 2197 0878 D4       		.byte	-44
 2198 0879 E0       		.byte	-32
 2199 087a D6       		.byte	-42
 2200 087b 20       		.byte	32
 2201 087c E4       		.byte	-28
 2202 087d 40       		.byte	64
 2203 087e EC       		.byte	-20
 2204 087f 80       		.byte	-128
 2205 0880 19       		.byte	25
 2206 0881 40       		.byte	64
 2207 0882 46       		.byte	70
 2208 0883 02       		.byte	2
 2209 0884 57       		.byte	87
 2210 0885 04       		.byte	4
 2211 0886 61       		.byte	97
 2212 0887 10       		.byte	16
 2213 0888 80       		.byte	-128
 2214 0889 04       		.byte	4
 2215 088a 83       		.byte	-125
 2216 088b 40       		.byte	64
 2217 088c 85       		.byte	-123
 2218 088d 40       		.byte	64
 2219 088e 86       		.byte	-122
 2220 088f 02       		.byte	2
 2221 0890 8E       		.byte	-114
 2222 0891 40       		.byte	64
 2223 0892 94       		.byte	-108
ARM GAS  C:\Users\ukul426\AppData\Local\Temp\ccG0UCjU.s 			page 40


 2224 0893 08       		.byte	8
 2225 0894 99       		.byte	-103
 2226 0895 10       		.byte	16
 2227 0896 9C       		.byte	-100
 2228 0897 10       		.byte	16
 2229 0898 9D       		.byte	-99
 2230 0899 80       		.byte	-128
 2231 089a 9F       		.byte	-97
 2232 089b 20       		.byte	32
 2233 089c A4       		.byte	-92
 2234 089d 80       		.byte	-128
 2235 089e A6       		.byte	-90
 2236 089f 01       		.byte	1
 2237 08a0 A7       		.byte	-89
 2238 08a1 40       		.byte	64
 2239 08a2 A8       		.byte	-88
 2240 08a3 02       		.byte	2
 2241 08a4 C6       		.byte	-58
 2242 08a5 40       		.byte	64
 2243 08a6 D0       		.byte	-48
 2244 08a7 20       		.byte	32
 2245 08a8 D4       		.byte	-44
 2246 08a9 40       		.byte	64
 2247 08aa D8       		.byte	-40
 2248 08ab 40       		.byte	64
 2249 08ac E2       		.byte	-30
 2250 08ad 20       		.byte	32
 2251 08ae E6       		.byte	-26
 2252 08af 80       		.byte	-128
 2253 08b0 EA       		.byte	-22
 2254 08b1 20       		.byte	32
 2255 08b2 1B       		.byte	27
 2256 08b3 04       		.byte	4
 2257 08b4 1E       		.byte	30
 2258 08b5 40       		.byte	64
 2259 08b6 61       		.byte	97
 2260 08b7 10       		.byte	16
 2261 08b8 65       		.byte	101
 2262 08b9 10       		.byte	16
 2263 08ba 93       		.byte	-109
 2264 08bb 80       		.byte	-128
 2265 08bc 96       		.byte	-106
 2266 08bd 40       		.byte	64
 2267 08be 99       		.byte	-103
 2268 08bf 10       		.byte	16
 2269 08c0 9C       		.byte	-100
 2270 08c1 10       		.byte	16
 2271 08c2 9D       		.byte	-99
 2272 08c3 80       		.byte	-128
 2273 08c4 9F       		.byte	-97
 2274 08c5 20       		.byte	32
 2275 08c6 A4       		.byte	-92
 2276 08c7 80       		.byte	-128
 2277 08c8 A6       		.byte	-90
 2278 08c9 01       		.byte	1
 2279 08ca A7       		.byte	-89
 2280 08cb 04       		.byte	4
ARM GAS  C:\Users\ukul426\AppData\Local\Temp\ccG0UCjU.s 			page 41


 2281 08cc B3       		.byte	-77
 2282 08cd 40       		.byte	64
 2283 08ce C6       		.byte	-58
 2284 08cf 30       		.byte	48
 2285 08d0 D8       		.byte	-40
 2286 08d1 C0       		.byte	-64
 2287 08d2 14       		.byte	20
 2288 08d3 40       		.byte	64
 2289 08d4 28       		.byte	40
 2290 08d5 02       		.byte	2
 2291 08d6 C4       		.byte	-60
 2292 08d7 04       		.byte	4
 2293 08d8 CA       		.byte	-54
 2294 08d9 08       		.byte	8
 2295 08da 11       		.byte	17
 2296 08db 02       		.byte	2
 2297 08dc 9F       		.byte	-97
 2298 08dd 08       		.byte	8
 2299 08de AB       		.byte	-85
 2300 08df 08       		.byte	8
 2301 08e0 B0       		.byte	-80
 2302 08e1 42       		.byte	66
 2303 08e2 C4       		.byte	-60
 2304 08e3 08       		.byte	8
 2305 08e4 EA       		.byte	-22
 2306 08e5 05       		.byte	5
 2307 08e6 01       		.byte	1
 2308 08e7 10       		.byte	16
 2309 08e8 57       		.byte	87
 2310 08e9 20       		.byte	32
 2311 08ea 87       		.byte	-121
 2312 08eb 20       		.byte	32
 2313 08ec 9F       		.byte	-97
 2314 08ed 08       		.byte	8
 2315 08ee B5       		.byte	-75
 2316 08ef 01       		.byte	1
 2317 08f0 C0       		.byte	-64
 2318 08f1 02       		.byte	2
 2319 08f2 D4       		.byte	-44
 2320 08f3 02       		.byte	2
 2321 08f4 EA       		.byte	-22
 2322 08f5 08       		.byte	8
 2323 08f6 00       		.byte	0
 2324 08f7 02       		.byte	2
 2325 08f8 9F       		.byte	-97
 2326 08f9 08       		.byte	8
 2327 08fa A3       		.byte	-93
 2328 08fb 04       		.byte	4
 2329 08fc AB       		.byte	-85
 2330 08fd 04       		.byte	4
 2331 08fe B1       		.byte	-79
 2332 08ff 10       		.byte	16
 2333 0900 C0       		.byte	-64
 2334 0901 08       		.byte	8
 2335 0902 EA       		.byte	-22
 2336 0903 01       		.byte	1
 2337 0904 2B       		.byte	43
ARM GAS  C:\Users\ukul426\AppData\Local\Temp\ccG0UCjU.s 			page 42


 2338 0905 08       		.byte	8
 2339 0906 53       		.byte	83
 2340 0907 40       		.byte	64
 2341 0908 57       		.byte	87
 2342 0909 20       		.byte	32
 2343 090a 5A       		.byte	90
 2344 090b 40       		.byte	64
 2345 090c 5F       		.byte	95
 2346 090d 80       		.byte	-128
 2347 090e 8B       		.byte	-117
 2348 090f 02       		.byte	2
 2349 0910 8F       		.byte	-113
 2350 0911 80       		.byte	-128
 2351 0912 92       		.byte	-110
 2352 0913 40       		.byte	64
 2353 0914 93       		.byte	-109
 2354 0915 80       		.byte	-128
 2355 0916 9C       		.byte	-100
 2356 0917 10       		.byte	16
 2357 0918 9D       		.byte	-99
 2358 0919 80       		.byte	-128
 2359 091a A3       		.byte	-93
 2360 091b 04       		.byte	4
 2361 091c A4       		.byte	-92
 2362 091d 80       		.byte	-128
 2363 091e A6       		.byte	-90
 2364 091f 01       		.byte	1
 2365 0920 AB       		.byte	-85
 2366 0921 20       		.byte	32
 2367 0922 CA       		.byte	-54
 2368 0923 10       		.byte	16
 2369 0924 D4       		.byte	-44
 2370 0925 E0       		.byte	-32
 2371 0926 D6       		.byte	-42
 2372 0927 20       		.byte	32
 2373 0928 EA       		.byte	-22
 2374 0929 80       		.byte	-128
 2375 092a 08       		.byte	8
 2376 092b 10       		.byte	16
 2377 092c 0E       		.byte	14
 2378 092d 02       		.byte	2
 2379 092e 70       		.byte	112
 2380 092f 02       		.byte	2
 2381 0930 7F       		.byte	127
 2382 0931 02       		.byte	2
 2383 0932 80       		.byte	-128
 2384 0933 80       		.byte	-128
 2385 0934 87       		.byte	-121
 2386 0935 20       		.byte	32
 2387 0936 88       		.byte	-120
 2388 0937 02       		.byte	2
 2389 0938 9C       		.byte	-100
 2390 0939 10       		.byte	16
 2391 093a A3       		.byte	-93
 2392 093b 02       		.byte	2
 2393 093c A4       		.byte	-92
 2394 093d 80       		.byte	-128
ARM GAS  C:\Users\ukul426\AppData\Local\Temp\ccG0UCjU.s 			page 43


 2395 093e A6       		.byte	-90
 2396 093f 01       		.byte	1
 2397 0940 A7       		.byte	-89
 2398 0941 20       		.byte	32
 2399 0942 AB       		.byte	-85
 2400 0943 08       		.byte	8
 2401 0944 B5       		.byte	-75
 2402 0945 80       		.byte	-128
 2403 0946 B7       		.byte	-73
 2404 0947 04       		.byte	4
 2405 0948 C2       		.byte	-62
 2406 0949 C0       		.byte	-64
 2407 094a DC       		.byte	-36
 2408 094b 80       		.byte	-128
 2409 094c DE       		.byte	-34
 2410 094d 20       		.byte	32
 2411 094e E2       		.byte	-30
 2412 094f 20       		.byte	32
 2413 0950 E6       		.byte	-26
 2414 0951 10       		.byte	16
 2415 0952 EC       		.byte	-20
 2416 0953 80       		.byte	-128
 2417 0954 63       		.byte	99
 2418 0955 08       		.byte	8
 2419 0956 64       		.byte	100
 2420 0957 80       		.byte	-128
 2421 0958 8C       		.byte	-116
 2422 0959 80       		.byte	-128
 2423 095a 9F       		.byte	-97
 2424 095b 08       		.byte	8
 2425 095c A3       		.byte	-93
 2426 095d 04       		.byte	4
 2427 095e B0       		.byte	-80
 2428 095f 01       		.byte	1
 2429 0960 D8       		.byte	-40
 2430 0961 03       		.byte	3
 2431 0962 E0       		.byte	-32
 2432 0963 08       		.byte	8
 2433 0964 EA       		.byte	-22
 2434 0965 01       		.byte	1
 2435 0966 13       		.byte	19
 2436 0967 08       		.byte	8
 2437 0968 9F       		.byte	-97
 2438 0969 08       		.byte	8
 2439 096a C4       		.byte	-60
 2440 096b 08       		.byte	8
 2441 096c 00       		.byte	0
 2442 096d 01       		.byte	1
 2443 096e 01       		.byte	1
 2444 096f 01       		.byte	1
 2445 0970 08       		.byte	8
 2446 0971 01       		.byte	1
 2447 0972 09       		.byte	9
 2448 0973 01       		.byte	1
 2449 0974 0A       		.byte	10
 2450 0975 01       		.byte	1
 2451 0976 0B       		.byte	11
ARM GAS  C:\Users\ukul426\AppData\Local\Temp\ccG0UCjU.s 			page 44


 2452 0977 01       		.byte	1
 2453 0978 10       		.byte	16
 2454 0979 01       		.byte	1
 2455 097a 11       		.byte	17
 2456 097b 01       		.byte	1
 2457 097c 1A       		.byte	26
 2458 097d 01       		.byte	1
 2459 097e 1B       		.byte	27
 2460 097f 01       		.byte	1
 2461 0980 00       		.byte	0
 2462 0981 0F       		.byte	15
 2463 0982 04       		.byte	4
 2464 0983 C0       		.byte	-64
 2465 0984 00       		.byte	0
 2466 0985 0F       		.byte	15
 2467 0986 0F       		.byte	15
 2468 0987 00       		.byte	0
 2469 0988 0F       		.byte	15
 2470 0989 00       		.byte	0
 2471 098a 00       		.byte	0
 2472 098b 00       		.byte	0
 2473 098c 60       		.byte	96
 2474 098d 07       		.byte	7
 2475 098e 07       		.byte	7
 2476 098f 00       		.byte	0
 2477 0990 07       		.byte	7
 2478 0991 00       		.byte	0
 2479 0992 00       		.byte	0
 2480 0993 00       		.byte	0
 2481 0994 00       		.byte	0
 2482 0995 1F       		.byte	31
 2483 0996 1F       		.byte	31
 2484 0997 00       		.byte	0
 2485 0998 1F       		.byte	31
 2486 0999 00       		.byte	0
 2487 099a 00       		.byte	0
 2488 099b 00       		.byte	0
 2489 099c 00       		.byte	0
 2490 099d CB       		.byte	-53
 2491 099e CB       		.byte	-53
 2492 099f 00       		.byte	0
 2493 09a0 C0       		.byte	-64
 2494 09a1 00       		.byte	0
 2495 09a2 00       		.byte	0
 2496 09a3 00       		.byte	0
 2497 09a4 00       		.byte	0
 2498 09a5 07       		.byte	7
 2499 09a6 07       		.byte	7
 2500 09a7 00       		.byte	0
 2501 09a8 00       		.byte	0
 2502 09a9 00       		.byte	0
 2503 09aa 00       		.byte	0
 2504 09ab 00       		.byte	0
 2505 09ac C0       		.byte	-64
 2506 09ad 00       		.byte	0
 2507 09ae 00       		.byte	0
 2508 09af 00       		.byte	0
ARM GAS  C:\Users\ukul426\AppData\Local\Temp\ccG0UCjU.s 			page 45


 2509 09b0 00       		.byte	0
 2510 09b1 00       		.byte	0
 2511 09b2 0F       		.byte	15
 2512 09b3 00       		.byte	0
 2513 09b4 2F       		.byte	47
 2514 09b5 00       		.byte	0
 2515 09b6 1C       		.byte	28
 2516 09b7 01       		.byte	1
 2517              		.section	.cywolatch,"a",%progbits
 2518              		.align	2
 2519              		.type	cy_meta_wonvl, %object
 2520              		.size	cy_meta_wonvl, 4
 2521              	cy_meta_wonvl:
 2522 0000 BC       		.byte	-68
 2523 0001 90       		.byte	-112
 2524 0002 AC       		.byte	-84
 2525 0003 AF       		.byte	-81
 2526              		.section	.cycustnvl,"a",%progbits
 2527              		.align	2
 2528              		.type	cy_meta_custnvl, %object
 2529              		.size	cy_meta_custnvl, 4
 2530              	cy_meta_custnvl:
 2531 0000 00       		.byte	0
 2532 0001 00       		.byte	0
 2533 0002 40       		.byte	64
 2534 0003 05       		.byte	5
 2535              		.section	.cymeta,"a",%progbits
 2536              		.align	2
 2537              		.type	cy_metadata, %object
 2538              		.size	cy_metadata, 12
 2539              	cy_metadata:
 2540 0000 00       		.byte	0
 2541 0001 01       		.byte	1
 2542 0002 2E       		.byte	46
 2543 0003 16       		.byte	22
 2544 0004 10       		.byte	16
 2545 0005 69       		.byte	105
 2546 0006 00       		.byte	0
 2547 0007 01       		.byte	1
 2548 0008 00       		.byte	0
 2549 0009 00       		.byte	0
 2550 000a 00       		.byte	0
 2551 000b 00       		.byte	0
 2552              		.section	.cyflashprotect,"a",%progbits
 2553              		.align	2
 2554              		.type	cy_meta_flashprotect, %object
 2555              		.size	cy_meta_flashprotect, 256
 2556              	cy_meta_flashprotect:
 2557 0000 00000000 		.space	256
 2557      00000000 
 2557      00000000 
 2557      00000000 
 2557      00000000 
 2558              		.text
 2559              	.Letext0:
 2560              		.file 1 "c:\\program files (x86)\\cypress\\psoc creator\\4.2\\psoc creator\\import\\gnu\\arm\\5.4.
 2561              		.file 2 "c:\\program files (x86)\\cypress\\psoc creator\\4.2\\psoc creator\\import\\gnu\\arm\\5.4.
ARM GAS  C:\Users\ukul426\AppData\Local\Temp\ccG0UCjU.s 			page 46


 2562              		.file 3 "Generated_Source\\PSoC5\\cymetadata.c"
 2563              		.section	.debug_info,"",%progbits
 2564              	.Ldebug_info0:
 2565 0000 35010000 		.4byte	0x135
 2566 0004 0400     		.2byte	0x4
 2567 0006 00000000 		.4byte	.Ldebug_abbrev0
 2568 000a 04       		.byte	0x4
 2569 000b 01       		.uleb128 0x1
 2570 000c 24000000 		.4byte	.LASF17
 2571 0010 0C       		.byte	0xc
 2572 0011 E1010000 		.4byte	.LASF18
 2573 0015 D7000000 		.4byte	.LASF19
 2574 0019 00000000 		.4byte	.Ldebug_line0
 2575 001d 02       		.uleb128 0x2
 2576 001e 01       		.byte	0x1
 2577 001f 06       		.byte	0x6
 2578 0020 D5010000 		.4byte	.LASF0
 2579 0024 03       		.uleb128 0x3
 2580 0025 00000000 		.4byte	.LASF9
 2581 0029 01       		.byte	0x1
 2582 002a 1D       		.byte	0x1d
 2583 002b 2F000000 		.4byte	0x2f
 2584 002f 02       		.uleb128 0x2
 2585 0030 01       		.byte	0x1
 2586 0031 08       		.byte	0x8
 2587 0032 16000000 		.4byte	.LASF1
 2588 0036 02       		.uleb128 0x2
 2589 0037 02       		.byte	0x2
 2590 0038 05       		.byte	0x5
 2591 0039 C2010000 		.4byte	.LASF2
 2592 003d 02       		.uleb128 0x2
 2593 003e 02       		.byte	0x2
 2594 003f 07       		.byte	0x7
 2595 0040 C4000000 		.4byte	.LASF3
 2596 0044 02       		.uleb128 0x2
 2597 0045 04       		.byte	0x4
 2598 0046 05       		.byte	0x5
 2599 0047 CC010000 		.4byte	.LASF4
 2600 004b 02       		.uleb128 0x2
 2601 004c 04       		.byte	0x4
 2602 004d 07       		.byte	0x7
 2603 004e B2000000 		.4byte	.LASF5
 2604 0052 02       		.uleb128 0x2
 2605 0053 08       		.byte	0x8
 2606 0054 05       		.byte	0x5
 2607 0055 B4010000 		.4byte	.LASF6
 2608 0059 02       		.uleb128 0x2
 2609 005a 08       		.byte	0x8
 2610 005b 07       		.byte	0x7
 2611 005c 69010000 		.4byte	.LASF7
 2612 0060 04       		.uleb128 0x4
 2613 0061 04       		.byte	0x4
 2614 0062 05       		.byte	0x5
 2615 0063 696E7400 		.ascii	"int\000"
 2616 0067 02       		.uleb128 0x2
 2617 0068 04       		.byte	0x4
 2618 0069 07       		.byte	0x7
ARM GAS  C:\Users\ukul426\AppData\Local\Temp\ccG0UCjU.s 			page 47


 2619 006a 5C010000 		.4byte	.LASF8
 2620 006e 03       		.uleb128 0x3
 2621 006f 80010000 		.4byte	.LASF10
 2622 0073 02       		.byte	0x2
 2623 0074 18       		.byte	0x18
 2624 0075 24000000 		.4byte	0x24
 2625 0079 05       		.uleb128 0x5
 2626 007a 91000000 		.4byte	0x91
 2627 007e 8A000000 		.4byte	0x8a
 2628 0082 06       		.uleb128 0x6
 2629 0083 8A000000 		.4byte	0x8a
 2630 0087 B709     		.2byte	0x9b7
 2631 0089 00       		.byte	0
 2632 008a 02       		.uleb128 0x2
 2633 008b 04       		.byte	0x4
 2634 008c 07       		.byte	0x7
 2635 008d AB010000 		.4byte	.LASF11
 2636 0091 07       		.uleb128 0x7
 2637 0092 6E000000 		.4byte	0x6e
 2638 0096 08       		.uleb128 0x8
 2639 0097 4A010000 		.4byte	.LASF12
 2640 009b 03       		.byte	0x3
 2641 009c 1F       		.byte	0x1f
 2642 009d A7000000 		.4byte	0xa7
 2643 00a1 05       		.uleb128 0x5
 2644 00a2 03       		.byte	0x3
 2645 00a3 00000000 		.4byte	cy_meta_configecc
 2646 00a7 07       		.uleb128 0x7
 2647 00a8 79000000 		.4byte	0x79
 2648 00ac 05       		.uleb128 0x5
 2649 00ad 91000000 		.4byte	0x91
 2650 00b1 BC000000 		.4byte	0xbc
 2651 00b5 09       		.uleb128 0x9
 2652 00b6 8A000000 		.4byte	0x8a
 2653 00ba 03       		.byte	0x3
 2654 00bb 00       		.byte	0
 2655 00bc 0A       		.uleb128 0xa
 2656 00bd 3A010000 		.4byte	.LASF13
 2657 00c1 03       		.byte	0x3
 2658 00c2 6301     		.2byte	0x163
 2659 00c4 CE000000 		.4byte	0xce
 2660 00c8 05       		.uleb128 0x5
 2661 00c9 03       		.byte	0x3
 2662 00ca 00000000 		.4byte	cy_meta_custnvl
 2663 00ce 07       		.uleb128 0x7
 2664 00cf AC000000 		.4byte	0xac
 2665 00d3 0A       		.uleb128 0xa
 2666 00d4 9D010000 		.4byte	.LASF14
 2667 00d8 03       		.byte	0x3
 2668 00d9 7101     		.2byte	0x171
 2669 00db E5000000 		.4byte	0xe5
 2670 00df 05       		.uleb128 0x5
 2671 00e0 03       		.byte	0x3
 2672 00e1 00000000 		.4byte	cy_meta_wonvl
 2673 00e5 07       		.uleb128 0x7
 2674 00e6 AC000000 		.4byte	0xac
 2675 00ea 05       		.uleb128 0x5
ARM GAS  C:\Users\ukul426\AppData\Local\Temp\ccG0UCjU.s 			page 48


 2676 00eb 91000000 		.4byte	0x91
 2677 00ef FA000000 		.4byte	0xfa
 2678 00f3 09       		.uleb128 0x9
 2679 00f4 8A000000 		.4byte	0x8a
 2680 00f8 FF       		.byte	0xff
 2681 00f9 00       		.byte	0
 2682 00fa 0A       		.uleb128 0xa
 2683 00fb 88010000 		.4byte	.LASF15
 2684 00ff 03       		.byte	0x3
 2685 0100 7F01     		.2byte	0x17f
 2686 0102 0C010000 		.4byte	0x10c
 2687 0106 05       		.uleb128 0x5
 2688 0107 03       		.byte	0x3
 2689 0108 00000000 		.4byte	cy_meta_flashprotect
 2690 010c 07       		.uleb128 0x7
 2691 010d EA000000 		.4byte	0xea
 2692 0111 05       		.uleb128 0x5
 2693 0112 91000000 		.4byte	0x91
 2694 0116 21010000 		.4byte	0x121
 2695 011a 09       		.uleb128 0x9
 2696 011b 8A000000 		.4byte	0x8a
 2697 011f 0B       		.byte	0xb
 2698 0120 00       		.byte	0
 2699 0121 0A       		.uleb128 0xa
 2700 0122 0A000000 		.4byte	.LASF16
 2701 0126 03       		.byte	0x3
 2702 0127 AC01     		.2byte	0x1ac
 2703 0129 33010000 		.4byte	0x133
 2704 012d 05       		.uleb128 0x5
 2705 012e 03       		.byte	0x3
 2706 012f 00000000 		.4byte	cy_metadata
 2707 0133 07       		.uleb128 0x7
 2708 0134 11010000 		.4byte	0x111
 2709 0138 00       		.byte	0
 2710              		.section	.debug_abbrev,"",%progbits
 2711              	.Ldebug_abbrev0:
 2712 0000 01       		.uleb128 0x1
 2713 0001 11       		.uleb128 0x11
 2714 0002 01       		.byte	0x1
 2715 0003 25       		.uleb128 0x25
 2716 0004 0E       		.uleb128 0xe
 2717 0005 13       		.uleb128 0x13
 2718 0006 0B       		.uleb128 0xb
 2719 0007 03       		.uleb128 0x3
 2720 0008 0E       		.uleb128 0xe
 2721 0009 1B       		.uleb128 0x1b
 2722 000a 0E       		.uleb128 0xe
 2723 000b 10       		.uleb128 0x10
 2724 000c 17       		.uleb128 0x17
 2725 000d 00       		.byte	0
 2726 000e 00       		.byte	0
 2727 000f 02       		.uleb128 0x2
 2728 0010 24       		.uleb128 0x24
 2729 0011 00       		.byte	0
 2730 0012 0B       		.uleb128 0xb
 2731 0013 0B       		.uleb128 0xb
 2732 0014 3E       		.uleb128 0x3e
ARM GAS  C:\Users\ukul426\AppData\Local\Temp\ccG0UCjU.s 			page 49


 2733 0015 0B       		.uleb128 0xb
 2734 0016 03       		.uleb128 0x3
 2735 0017 0E       		.uleb128 0xe
 2736 0018 00       		.byte	0
 2737 0019 00       		.byte	0
 2738 001a 03       		.uleb128 0x3
 2739 001b 16       		.uleb128 0x16
 2740 001c 00       		.byte	0
 2741 001d 03       		.uleb128 0x3
 2742 001e 0E       		.uleb128 0xe
 2743 001f 3A       		.uleb128 0x3a
 2744 0020 0B       		.uleb128 0xb
 2745 0021 3B       		.uleb128 0x3b
 2746 0022 0B       		.uleb128 0xb
 2747 0023 49       		.uleb128 0x49
 2748 0024 13       		.uleb128 0x13
 2749 0025 00       		.byte	0
 2750 0026 00       		.byte	0
 2751 0027 04       		.uleb128 0x4
 2752 0028 24       		.uleb128 0x24
 2753 0029 00       		.byte	0
 2754 002a 0B       		.uleb128 0xb
 2755 002b 0B       		.uleb128 0xb
 2756 002c 3E       		.uleb128 0x3e
 2757 002d 0B       		.uleb128 0xb
 2758 002e 03       		.uleb128 0x3
 2759 002f 08       		.uleb128 0x8
 2760 0030 00       		.byte	0
 2761 0031 00       		.byte	0
 2762 0032 05       		.uleb128 0x5
 2763 0033 01       		.uleb128 0x1
 2764 0034 01       		.byte	0x1
 2765 0035 49       		.uleb128 0x49
 2766 0036 13       		.uleb128 0x13
 2767 0037 01       		.uleb128 0x1
 2768 0038 13       		.uleb128 0x13
 2769 0039 00       		.byte	0
 2770 003a 00       		.byte	0
 2771 003b 06       		.uleb128 0x6
 2772 003c 21       		.uleb128 0x21
 2773 003d 00       		.byte	0
 2774 003e 49       		.uleb128 0x49
 2775 003f 13       		.uleb128 0x13
 2776 0040 2F       		.uleb128 0x2f
 2777 0041 05       		.uleb128 0x5
 2778 0042 00       		.byte	0
 2779 0043 00       		.byte	0
 2780 0044 07       		.uleb128 0x7
 2781 0045 26       		.uleb128 0x26
 2782 0046 00       		.byte	0
 2783 0047 49       		.uleb128 0x49
 2784 0048 13       		.uleb128 0x13
 2785 0049 00       		.byte	0
 2786 004a 00       		.byte	0
 2787 004b 08       		.uleb128 0x8
 2788 004c 34       		.uleb128 0x34
 2789 004d 00       		.byte	0
ARM GAS  C:\Users\ukul426\AppData\Local\Temp\ccG0UCjU.s 			page 50


 2790 004e 03       		.uleb128 0x3
 2791 004f 0E       		.uleb128 0xe
 2792 0050 3A       		.uleb128 0x3a
 2793 0051 0B       		.uleb128 0xb
 2794 0052 3B       		.uleb128 0x3b
 2795 0053 0B       		.uleb128 0xb
 2796 0054 49       		.uleb128 0x49
 2797 0055 13       		.uleb128 0x13
 2798 0056 3F       		.uleb128 0x3f
 2799 0057 19       		.uleb128 0x19
 2800 0058 02       		.uleb128 0x2
 2801 0059 18       		.uleb128 0x18
 2802 005a 00       		.byte	0
 2803 005b 00       		.byte	0
 2804 005c 09       		.uleb128 0x9
 2805 005d 21       		.uleb128 0x21
 2806 005e 00       		.byte	0
 2807 005f 49       		.uleb128 0x49
 2808 0060 13       		.uleb128 0x13
 2809 0061 2F       		.uleb128 0x2f
 2810 0062 0B       		.uleb128 0xb
 2811 0063 00       		.byte	0
 2812 0064 00       		.byte	0
 2813 0065 0A       		.uleb128 0xa
 2814 0066 34       		.uleb128 0x34
 2815 0067 00       		.byte	0
 2816 0068 03       		.uleb128 0x3
 2817 0069 0E       		.uleb128 0xe
 2818 006a 3A       		.uleb128 0x3a
 2819 006b 0B       		.uleb128 0xb
 2820 006c 3B       		.uleb128 0x3b
 2821 006d 05       		.uleb128 0x5
 2822 006e 49       		.uleb128 0x49
 2823 006f 13       		.uleb128 0x13
 2824 0070 3F       		.uleb128 0x3f
 2825 0071 19       		.uleb128 0x19
 2826 0072 02       		.uleb128 0x2
 2827 0073 18       		.uleb128 0x18
 2828 0074 00       		.byte	0
 2829 0075 00       		.byte	0
 2830 0076 00       		.byte	0
 2831              		.section	.debug_aranges,"",%progbits
 2832 0000 14000000 		.4byte	0x14
 2833 0004 0200     		.2byte	0x2
 2834 0006 00000000 		.4byte	.Ldebug_info0
 2835 000a 04       		.byte	0x4
 2836 000b 00       		.byte	0
 2837 000c 0000     		.2byte	0
 2838 000e 0000     		.2byte	0
 2839 0010 00000000 		.4byte	0
 2840 0014 00000000 		.4byte	0
 2841              		.section	.debug_line,"",%progbits
 2842              	.Ldebug_line0:
 2843 0000 3D010000 		.section	.debug_str,"MS",%progbits,1
 2843      02003701 
 2843      00000201 
 2843      FB0E0D00 
ARM GAS  C:\Users\ukul426\AppData\Local\Temp\ccG0UCjU.s 			page 51


 2843      01010101 
 2844              	.LASF9:
 2845 0000 5F5F7569 		.ascii	"__uint8_t\000"
 2845      6E74385F 
 2845      7400
 2846              	.LASF16:
 2847 000a 63795F6D 		.ascii	"cy_metadata\000"
 2847      65746164 
 2847      61746100 
 2848              	.LASF1:
 2849 0016 756E7369 		.ascii	"unsigned char\000"
 2849      676E6564 
 2849      20636861 
 2849      7200
 2850              	.LASF17:
 2851 0024 474E5520 		.ascii	"GNU C11 5.4.1 20160609 (release) [ARM/embedded-5-br"
 2851      43313120 
 2851      352E342E 
 2851      31203230 
 2851      31363036 
 2852 0057 616E6368 		.ascii	"anch revision 237715] -mcpu=cortex-m3 -mthumb -g -O"
 2852      20726576 
 2852      6973696F 
 2852      6E203233 
 2852      37373135 
 2853 008a 67202D66 		.ascii	"g -ffunction-sections -ffat-lto-objects\000"
 2853      66756E63 
 2853      74696F6E 
 2853      2D736563 
 2853      74696F6E 
 2854              	.LASF5:
 2855 00b2 6C6F6E67 		.ascii	"long unsigned int\000"
 2855      20756E73 
 2855      69676E65 
 2855      6420696E 
 2855      7400
 2856              	.LASF3:
 2857 00c4 73686F72 		.ascii	"short unsigned int\000"
 2857      7420756E 
 2857      7369676E 
 2857      65642069 
 2857      6E7400
 2858              	.LASF19:
 2859 00d7 483A5C44 		.ascii	"H:\\Documents\\303 - 301\\COMPSYS303\\301backup\\Um"
 2859      6F63756D 
 2859      656E7473 
 2859      5C333033 
 2859      202D2033 
 2860 0105 615C355F 		.ascii	"a\\5_points\\301_15_path_following\\Additional_HD.c"
 2860      706F696E 
 2860      74735C33 
 2860      30315F31 
 2860      355F7061 
 2861 0135 7964736E 		.ascii	"ydsn\000"
 2861      00
 2862              	.LASF13:
 2863 013a 63795F6D 		.ascii	"cy_meta_custnvl\000"
ARM GAS  C:\Users\ukul426\AppData\Local\Temp\ccG0UCjU.s 			page 52


 2863      6574615F 
 2863      63757374 
 2863      6E766C00 
 2864              	.LASF12:
 2865 014a 63795F6D 		.ascii	"cy_meta_configecc\000"
 2865      6574615F 
 2865      636F6E66 
 2865      69676563 
 2865      6300
 2866              	.LASF8:
 2867 015c 756E7369 		.ascii	"unsigned int\000"
 2867      676E6564 
 2867      20696E74 
 2867      00
 2868              	.LASF7:
 2869 0169 6C6F6E67 		.ascii	"long long unsigned int\000"
 2869      206C6F6E 
 2869      6720756E 
 2869      7369676E 
 2869      65642069 
 2870              	.LASF10:
 2871 0180 75696E74 		.ascii	"uint8_t\000"
 2871      385F7400 
 2872              	.LASF15:
 2873 0188 63795F6D 		.ascii	"cy_meta_flashprotect\000"
 2873      6574615F 
 2873      666C6173 
 2873      6870726F 
 2873      74656374 
 2874              	.LASF14:
 2875 019d 63795F6D 		.ascii	"cy_meta_wonvl\000"
 2875      6574615F 
 2875      776F6E76 
 2875      6C00
 2876              	.LASF11:
 2877 01ab 73697A65 		.ascii	"sizetype\000"
 2877      74797065 
 2877      00
 2878              	.LASF6:
 2879 01b4 6C6F6E67 		.ascii	"long long int\000"
 2879      206C6F6E 
 2879      6720696E 
 2879      7400
 2880              	.LASF2:
 2881 01c2 73686F72 		.ascii	"short int\000"
 2881      7420696E 
 2881      7400
 2882              	.LASF4:
 2883 01cc 6C6F6E67 		.ascii	"long int\000"
 2883      20696E74 
 2883      00
 2884              	.LASF0:
 2885 01d5 7369676E 		.ascii	"signed char\000"
 2885      65642063 
 2885      68617200 
 2886              	.LASF18:
 2887 01e1 47656E65 		.ascii	"Generated_Source\\PSoC5\\cymetadata.c\000"
ARM GAS  C:\Users\ukul426\AppData\Local\Temp\ccG0UCjU.s 			page 53


 2887      72617465 
 2887      645F536F 
 2887      75726365 
 2887      5C50536F 
 2888              		.ident	"GCC: (GNU Tools for ARM Embedded Processors) 5.4.1 20160609 (release) [ARM/embedded-5-bran
