ARM GAS  C:\Users\dulan\AppData\Local\Temp\ccgcisAG.s 			page 1


   1              		.syntax unified
   2              		.cpu cortex-m3
   3              		.fpu softvfp
   4              		.eabi_attribute 20, 1
   5              		.eabi_attribute 21, 1
   6              		.eabi_attribute 23, 3
   7              		.eabi_attribute 24, 1
   8              		.eabi_attribute 25, 1
   9              		.eabi_attribute 26, 1
  10              		.eabi_attribute 30, 1
  11              		.eabi_attribute 34, 1
  12              		.eabi_attribute 18, 4
  13              		.thumb
  14              		.syntax unified
  15              		.file	"movements.c"
  16              		.text
  17              	.Ltext0:
  18              		.cfi_sections	.debug_frame
  19              	.Letext0:
  20              		.section	.debug_line,"",%progbits
  21              	.Ldebug_line0:
  22              		.section	.debug_str,"MS",%progbits,1
  23              	.LASF0:
  24 0000 474E5520 		.ascii	"GNU C11 5.4.1 20160609 (release) [ARM/embedded-5-br"
  24      43313120 
  24      352E342E 
  24      31203230 
  24      31363036 
  25 0033 616E6368 		.ascii	"anch revision 237715] -mcpu=cortex-m3 -mthumb -g -O"
  25      20726576 
  25      6973696F 
  25      6E203233 
  25      37373135 
  26 0066 67202D66 		.ascii	"g -ffunction-sections -ffat-lto-objects\000"
  26      66756E63 
  26      74696F6E 
  26      2D736563 
  26      74696F6E 
  27              	.LASF1:
  28 008e 6D6F7665 		.ascii	"movements.c\000"
  28      6D656E74 
  28      732E6300 
  29              	.LASF2:
  30 009a 433A5C55 		.ascii	"C:\\Users\\dulan\\OneDrive\\Desktop\\ENGGEN\\2023_s"
  30      73657273 
  30      5C64756C 
  30      616E5C4F 
  30      6E654472 
  31 00c7 656D325C 		.ascii	"em2\\303\\COMPSYS303\\301backup\\Dulanya\\301_15_pa"
  31      3330335C 
  31      434F4D50 
  31      53595333 
  31      30335C33 
  32 00f5 74685F66 		.ascii	"th_following\\Additional_HD.cydsn\000"
  32      6F6C6C6F 
  32      77696E67 
  32      5C416464 
ARM GAS  C:\Users\dulan\AppData\Local\Temp\ccgcisAG.s 			page 2


  32      6974696F 
  33              		.ident	"GCC: (GNU Tools for ARM Embedded Processors) 5.4.1 20160609 (release) [ARM/embedded-5-bran
