15:29:33 **** Build of configuration Nios II for project cs303 ****
make all 
Info: Building ../cs303_bsp/
C:/intelFPGA/18.1/nios2eds/bin/gnu/H-x86_64-mingw32/bin/make --no-print-directory -C ../cs303_bsp/
Compiling alt_alarm_start.c...
nios2-elf-gcc -xc -MP -MMD -c  -I./HAL/inc -I. -I./drivers/inc -pipe -D__hal__ -DALT_NO_INSTRUCTION_EMULATION -DALT_SINGLE_THREADED    -O0 -g -Wall  -mno-hw-div -mhw-mul -mno-hw-mulx -mgpopt=global   -o obj/HAL/src/alt_alarm_start.o HAL/src/alt_alarm_start.c
Compiling alt_busy_sleep.c...
nios2-elf-gcc -xc -MP -MMD -c  -I./HAL/inc -I. -I./drivers/inc -pipe -D__hal__ -DALT_NO_INSTRUCTION_EMULATION -DALT_SINGLE_THREADED    -O0 -g -Wall  -mno-hw-div -mhw-mul -mno-hw-mulx -mgpopt=global   -o obj/HAL/src/alt_busy_sleep.o HAL/src/alt_busy_sleep.c
Compiling alt_close.c...
nios2-elf-gcc -xc -MP -MMD -c  -I./HAL/inc -I. -I./drivers/inc -pipe -D__hal__ -DALT_NO_INSTRUCTION_EMULATION -DALT_SINGLE_THREADED    -O0 -g -Wall  -mno-hw-div -mhw-mul -mno-hw-mulx -mgpopt=global   -o obj/HAL/src/alt_close.o HAL/src/alt_close.c
Compiling alt_dcache_flush.c...
nios2-elf-gcc -xc -MP -MMD -c  -I./HAL/inc -I. -I./drivers/inc -pipe -D__hal__ -DALT_NO_INSTRUCTION_EMULATION -DALT_SINGLE_THREADED    -O0 -g -Wall  -mno-hw-div -mhw-mul -mno-hw-mulx -mgpopt=global   -o obj/HAL/src/alt_dcache_flush.o HAL/src/alt_dcache_flush.c
Compiling alt_dcache_flush_all.c...
nios2-elf-gcc -xc -MP -MMD -c  -I./HAL/inc -I. -I./drivers/inc -pipe -D__hal__ -DALT_NO_INSTRUCTION_EMULATION -DALT_SINGLE_THREADED    -O0 -g -Wall  -mno-hw-div -mhw-mul -mno-hw-mulx -mgpopt=global   -o obj/HAL/src/alt_dcache_flush_all.o HAL/src/alt_dcache_flush_all.c
Compiling alt_dcache_flush_no_writeback.c...
nios2-elf-gcc -xc -MP -MMD -c  -I./HAL/inc -I. -I./drivers/inc -pipe -D__hal__ -DALT_NO_INSTRUCTION_EMULATION -DALT_SINGLE_THREADED    -O0 -g -Wall  -mno-hw-div -mhw-mul -mno-hw-mulx -mgpopt=global   -o obj/HAL/src/alt_dcache_flush_no_writeback.o HAL/src/alt_dcache_flush_no_writeback.c
Compiling alt_dev.c...
nios2-elf-gcc -xc -MP -MMD -c  -I./HAL/inc -I. -I./drivers/inc -pipe -D__hal__ -DALT_NO_INSTRUCTION_EMULATION -DALT_SINGLE_THREADED    -O0 -g -Wall  -mno-hw-div -mhw-mul -mno-hw-mulx -mgpopt=global   -o obj/HAL/src/alt_dev.o HAL/src/alt_dev.c
Compiling alt_dev_llist_insert.c...
nios2-elf-gcc -xc -MP -MMD -c  -I./HAL/inc -I. -I./drivers/inc -pipe -D__hal__ -DALT_NO_INSTRUCTION_EMULATION -DALT_SINGLE_THREADED    -O0 -g -Wall  -mno-hw-div -mhw-mul -mno-hw-mulx -mgpopt=global   -o obj/HAL/src/alt_dev_llist_insert.o HAL/src/alt_dev_llist_insert.c
Compiling alt_dma_rxchan_open.c...
nios2-elf-gcc -xc -MP -MMD -c  -I./HAL/inc -I. -I./drivers/inc -pipe -D__hal__ -DALT_NO_INSTRUCTION_EMULATION -DALT_SINGLE_THREADED    -O0 -g -Wall  -mno-hw-div -mhw-mul -mno-hw-mulx -mgpopt=global   -o obj/HAL/src/alt_dma_rxchan_open.o HAL/src/alt_dma_rxchan_open.c
Compiling alt_dma_txchan_open.c...
nios2-elf-gcc -xc -MP -MMD -c  -I./HAL/inc -I. -I./drivers/inc -pipe -D__hal__ -DALT_NO_INSTRUCTION_EMULATION -DALT_SINGLE_THREADED    -O0 -g -Wall  -mno-hw-div -mhw-mul -mno-hw-mulx -mgpopt=global   -o obj/HAL/src/alt_dma_txchan_open.o HAL/src/alt_dma_txchan_open.c
Compiling alt_do_ctors.c...
nios2-elf-gcc -xc -MP -MMD -c  -I./HAL/inc -I. -I./drivers/inc -pipe -D__hal__ -DALT_NO_INSTRUCTION_EMULATION -DALT_SINGLE_THREADED    -O0 -g -Wall  -mno-hw-div -mhw-mul -mno-hw-mulx -mgpopt=global   -o obj/HAL/src/alt_do_ctors.o HAL/src/alt_do_ctors.c
Compiling alt_do_dtors.c...
nios2-elf-gcc -xc -MP -MMD -c  -I./HAL/inc -I. -I./drivers/inc -pipe -D__hal__ -DALT_NO_INSTRUCTION_EMULATION -DALT_SINGLE_THREADED    -O0 -g -Wall  -mno-hw-div -mhw-mul -mno-hw-mulx -mgpopt=global   -o obj/HAL/src/alt_do_dtors.o HAL/src/alt_do_dtors.c
Compiling alt_ecc_fatal_entry.S...
nios2-elf-gcc -MP -MMD -c   -O0 -g -Wall  -mno-hw-div -mhw-mul -mno-hw-mulx -mgpopt=global    -I./HAL/inc -I. -I./drivers/inc -pipe -D__hal__ -DALT_NO_INSTRUCTION_EMULATION -DALT_SINGLE_THREADED  -Wa,-gdwarf2  -o obj/HAL/src/alt_ecc_fatal_entry.o HAL/src/alt_ecc_fatal_entry.S
Compiling alt_ecc_fatal_exception.c...
nios2-elf-gcc -xc -MP -MMD -c  -I./HAL/inc -I. -I./drivers/inc -pipe -D__hal__ -DALT_NO_INSTRUCTION_EMULATION -DALT_SINGLE_THREADED    -O0 -g -Wall  -mno-hw-div -mhw-mul -mno-hw-mulx -mgpopt=global   -o obj/HAL/src/alt_ecc_fatal_exception.o HAL/src/alt_ecc_fatal_exception.c
Compiling alt_env_lock.c...
nios2-elf-gcc -xc -MP -MMD -c  -I./HAL/inc -I. -I./drivers/inc -pipe -D__hal__ -DALT_NO_INSTRUCTION_EMULATION -DALT_SINGLE_THREADED    -O0 -g -Wall  -mno-hw-div -mhw-mul -mno-hw-mulx -mgpopt=global   -o obj/HAL/src/alt_env_lock.o HAL/src/alt_env_lock.c
Compiling alt_environ.c...
nios2-elf-gcc -xc -MP -MMD -c  -I./HAL/inc -I. -I./drivers/inc -pipe -D__hal__ -DALT_NO_INSTRUCTION_EMULATION -DALT_SINGLE_THREADED    -O0 -g -Wall  -mno-hw-div -mhw-mul -mno-hw-mulx -mgpopt=global   -o obj/HAL/src/alt_environ.o HAL/src/alt_environ.c
Compiling alt_errno.c...
nios2-elf-gcc -xc -MP -MMD -c  -I./HAL/inc -I. -I./drivers/inc -pipe -D__hal__ -DALT_NO_INSTRUCTION_EMULATION -DALT_SINGLE_THREADED    -O0 -g -Wall  -mno-hw-div -mhw-mul -mno-hw-mulx -mgpopt=global   -o obj/HAL/src/alt_errno.o HAL/src/alt_errno.c
Compiling alt_exception_entry.S...
nios2-elf-gcc -MP -MMD -c   -O0 -g -Wall  -mno-hw-div -mhw-mul -mno-hw-mulx -mgpopt=global    -I./HAL/inc -I. -I./drivers/inc -pipe -D__hal__ -DALT_NO_INSTRUCTION_EMULATION -DALT_SINGLE_THREADED  -Wa,-gdwarf2  -o obj/HAL/src/alt_exception_entry.o HAL/src/alt_exception_entry.S
Compiling alt_exception_muldiv.S...
nios2-elf-gcc -MP -MMD -c   -O0 -g -Wall  -mno-hw-div -mhw-mul -mno-hw-mulx -mgpopt=global    -I./HAL/inc -I. -I./drivers/inc -pipe -D__hal__ -DALT_NO_INSTRUCTION_EMULATION -DALT_SINGLE_THREADED  -Wa,-gdwarf2  -o obj/HAL/src/alt_exception_muldiv.o HAL/src/alt_exception_muldiv.S
Compiling alt_exception_trap.S...
nios2-elf-gcc -MP -MMD -c   -O0 -g -Wall  -mno-hw-div -mhw-mul -mno-hw-mulx -mgpopt=global    -I./HAL/inc -I. -I./drivers/inc -pipe -D__hal__ -DALT_NO_INSTRUCTION_EMULATION -DALT_SINGLE_THREADED  -Wa,-gdwarf2  -o obj/HAL/src/alt_exception_trap.o HAL/src/alt_exception_trap.S
Compiling alt_execve.c...
nios2-elf-gcc -xc -MP -MMD -c  -I./HAL/inc -I. -I./drivers/inc -pipe -D__hal__ -DALT_NO_INSTRUCTION_EMULATION -DALT_SINGLE_THREADED    -O0 -g -Wall  -mno-hw-div -mhw-mul -mno-hw-mulx -mgpopt=global   -o obj/HAL/src/alt_execve.o HAL/src/alt_execve.c
Compiling alt_exit.c...
nios2-elf-gcc -xc -MP -MMD -c  -I./HAL/inc -I. -I./drivers/inc -pipe -D__hal__ -DALT_NO_INSTRUCTION_EMULATION -DALT_SINGLE_THREADED    -O0 -g -Wall  -mno-hw-div -mhw-mul -mno-hw-mulx -mgpopt=global   -o obj/HAL/src/alt_exit.o HAL/src/alt_exit.c
Compiling alt_fcntl.c...
nios2-elf-gcc -xc -MP -MMD -c  -I./HAL/inc -I. -I./drivers/inc -pipe -D__hal__ -DALT_NO_INSTRUCTION_EMULATION -DALT_SINGLE_THREADED    -O0 -g -Wall  -mno-hw-div -mhw-mul -mno-hw-mulx -mgpopt=global   -o obj/HAL/src/alt_fcntl.o HAL/src/alt_fcntl.c
Compiling alt_fd_lock.c...
nios2-elf-gcc -xc -MP -MMD -c  -I./HAL/inc -I. -I./drivers/inc -pipe -D__hal__ -DALT_NO_INSTRUCTION_EMULATION -DALT_SINGLE_THREADED    -O0 -g -Wall  -mno-hw-div -mhw-mul -mno-hw-mulx -mgpopt=global   -o obj/HAL/src/alt_fd_lock.o HAL/src/alt_fd_lock.c
Compiling alt_fd_unlock.c...
nios2-elf-gcc -xc -MP -MMD -c  -I./HAL/inc -I. -I./drivers/inc -pipe -D__hal__ -DALT_NO_INSTRUCTION_EMULATION -DALT_SINGLE_THREADED    -O0 -g -Wall  -mno-hw-div -mhw-mul -mno-hw-mulx -mgpopt=global   -o obj/HAL/src/alt_fd_unlock.o HAL/src/alt_fd_unlock.c
Compiling alt_find_dev.c...
nios2-elf-gcc -xc -MP -MMD -c  -I./HAL/inc -I. -I./drivers/inc -pipe -D__hal__ -DALT_NO_INSTRUCTION_EMULATION -DALT_SINGLE_THREADED    -O0 -g -Wall  -mno-hw-div -mhw-mul -mno-hw-mulx -mgpopt=global   -o obj/HAL/src/alt_find_dev.o HAL/src/alt_find_dev.c
Compiling alt_find_file.c...
nios2-elf-gcc -xc -MP -MMD -c  -I./HAL/inc -I. -I./drivers/inc -pipe -D__hal__ -DALT_NO_INSTRUCTION_EMULATION -DALT_SINGLE_THREADED    -O0 -g -Wall  -mno-hw-div -mhw-mul -mno-hw-mulx -mgpopt=global   -o obj/HAL/src/alt_find_file.o HAL/src/alt_find_file.c
Compiling alt_flash_dev.c...
nios2-elf-gcc -xc -MP -MMD -c  -I./HAL/inc -I. -I./drivers/inc -pipe -D__hal__ -DALT_NO_INSTRUCTION_EMULATION -DALT_SINGLE_THREADED    -O0 -g -Wall  -mno-hw-div -mhw-mul -mno-hw-mulx -mgpopt=global   -o obj/HAL/src/alt_flash_dev.o HAL/src/alt_flash_dev.c
Compiling alt_fork.c...
nios2-elf-gcc -xc -MP -MMD -c  -I./HAL/inc -I. -I./drivers/inc -pipe -D__hal__ -DALT_NO_INSTRUCTION_EMULATION -DALT_SINGLE_THREADED    -O0 -g -Wall  -mno-hw-div -mhw-mul -mno-hw-mulx -mgpopt=global   -o obj/HAL/src/alt_fork.o HAL/src/alt_fork.c
Compiling alt_fs_reg.c...
nios2-elf-gcc -xc -MP -MMD -c  -I./HAL/inc -I. -I./drivers/inc -pipe -D__hal__ -DALT_NO_INSTRUCTION_EMULATION -DALT_SINGLE_THREADED    -O0 -g -Wall  -mno-hw-div -mhw-mul -mno-hw-mulx -mgpopt=global   -o obj/HAL/src/alt_fs_reg.o HAL/src/alt_fs_reg.c
Compiling alt_fstat.c...
nios2-elf-gcc -xc -MP -MMD -c  -I./HAL/inc -I. -I./drivers/inc -pipe -D__hal__ -DALT_NO_INSTRUCTION_EMULATION -DALT_SINGLE_THREADED    -O0 -g -Wall  -mno-hw-div -mhw-mul -mno-hw-mulx -mgpopt=global   -o obj/HAL/src/alt_fstat.o HAL/src/alt_fstat.c
Compiling alt_get_fd.c...
nios2-elf-gcc -xc -MP -MMD -c  -I./HAL/inc -I. -I./drivers/inc -pipe -D__hal__ -DALT_NO_INSTRUCTION_EMULATION -DALT_SINGLE_THREADED    -O0 -g -Wall  -mno-hw-div -mhw-mul -mno-hw-mulx -mgpopt=global   -o obj/HAL/src/alt_get_fd.o HAL/src/alt_get_fd.c
Compiling alt_getchar.c...
nios2-elf-gcc -xc -MP -MMD -c  -I./HAL/inc -I. -I./drivers/inc -pipe -D__hal__ -DALT_NO_INSTRUCTION_EMULATION -DALT_SINGLE_THREADED    -O0 -g -Wall  -mno-hw-div -mhw-mul -mno-hw-mulx -mgpopt=global   -o obj/HAL/src/alt_getchar.o HAL/src/alt_getchar.c
Compiling alt_getpid.c...
nios2-elf-gcc -xc -MP -MMD -c  -I./HAL/inc -I. -I./drivers/inc -pipe -D__hal__ -DALT_NO_INSTRUCTION_EMULATION -DALT_SINGLE_THREADED    -O0 -g -Wall  -mno-hw-div -mhw-mul -mno-hw-mulx -mgpopt=global   -o obj/HAL/src/alt_getpid.o HAL/src/alt_getpid.c
Compiling alt_gettod.c...
nios2-elf-gcc -xc -MP -MMD -c  -I./HAL/inc -I. -I./drivers/inc -pipe -D__hal__ -DALT_NO_INSTRUCTION_EMULATION -DALT_SINGLE_THREADED    -O0 -g -Wall  -mno-hw-div -mhw-mul -mno-hw-mulx -mgpopt=global   -o obj/HAL/src/alt_gettod.o HAL/src/alt_gettod.c
Compiling alt_gmon.c...
nios2-elf-gcc -xc -MP -MMD -c  -I./HAL/inc -I. -I./drivers/inc -pipe -D__hal__ -DALT_NO_INSTRUCTION_EMULATION -DALT_SINGLE_THREADED    -O0 -g -Wall  -mno-hw-div -mhw-mul -mno-hw-mulx -mgpopt=global   -o obj/HAL/src/alt_gmon.o HAL/src/alt_gmon.c
Compiling alt_icache_flush.c...
nios2-elf-gcc -xc -MP -MMD -c  -I./HAL/inc -I. -I./drivers/inc -pipe -D__hal__ -DALT_NO_INSTRUCTION_EMULATION -DALT_SINGLE_THREADED    -O0 -g -Wall  -mno-hw-div -mhw-mul -mno-hw-mulx -mgpopt=global   -o obj/HAL/src/alt_icache_flush.o HAL/src/alt_icache_flush.c
Compiling alt_icache_flush_all.c...
nios2-elf-gcc -xc -MP -MMD -c  -I./HAL/inc -I. -I./drivers/inc -pipe -D__hal__ -DALT_NO_INSTRUCTION_EMULATION -DALT_SINGLE_THREADED    -O0 -g -Wall  -mno-hw-div -mhw-mul -mno-hw-mulx -mgpopt=global   -o obj/HAL/src/alt_icache_flush_all.o HAL/src/alt_icache_flush_all.c
Compiling alt_iic.c...
nios2-elf-gcc -xc -MP -MMD -c  -I./HAL/inc -I. -I./drivers/inc -pipe -D__hal__ -DALT_NO_INSTRUCTION_EMULATION -DALT_SINGLE_THREADED    -O0 -g -Wall  -mno-hw-div -mhw-mul -mno-hw-mulx -mgpopt=global   -o obj/HAL/src/alt_iic.o HAL/src/alt_iic.c
Compiling alt_iic_isr_register.c...
nios2-elf-gcc -xc -MP -MMD -c  -I./HAL/inc -I. -I./drivers/inc -pipe -D__hal__ -DALT_NO_INSTRUCTION_EMULATION -DALT_SINGLE_THREADED    -O0 -g -Wall  -mno-hw-div -mhw-mul -mno-hw-mulx -mgpopt=global   -o obj/HAL/src/alt_iic_isr_register.o HAL/src/alt_iic_isr_register.c
Compiling alt_instruction_exception_entry.c...
nios2-elf-gcc -xc -MP -MMD -c  -I./HAL/inc -I. -I./drivers/inc -pipe -D__hal__ -DALT_NO_INSTRUCTION_EMULATION -DALT_SINGLE_THREADED    -O0 -g -Wall  -mno-hw-div -mhw-mul -mno-hw-mulx -mgpopt=global   -o obj/HAL/src/alt_instruction_exception_entry.o HAL/src/alt_instruction_exception_entry.c
Compiling alt_instruction_exception_register.c...
nios2-elf-gcc -xc -MP -MMD -c  -I./HAL/inc -I. -I./drivers/inc -pipe -D__hal__ -DALT_NO_INSTRUCTION_EMULATION -DALT_SINGLE_THREADED    -O0 -g -Wall  -mno-hw-div -mhw-mul -mno-hw-mulx -mgpopt=global   -o obj/HAL/src/alt_instruction_exception_register.o HAL/src/alt_instruction_exception_register.c
Compiling alt_io_redirect.c...
nios2-elf-gcc -xc -MP -MMD -c  -I./HAL/inc -I. -I./drivers/inc -pipe -D__hal__ -DALT_NO_INSTRUCTION_EMULATION -DALT_SINGLE_THREADED    -O0 -g -Wall  -mno-hw-div -mhw-mul -mno-hw-mulx -mgpopt=global   -o obj/HAL/src/alt_io_redirect.o HAL/src/alt_io_redirect.c
Compiling alt_ioctl.c...
nios2-elf-gcc -xc -MP -MMD -c  -I./HAL/inc -I. -I./drivers/inc -pipe -D__hal__ -DALT_NO_INSTRUCTION_EMULATION -DALT_SINGLE_THREADED    -O0 -g -Wall  -mno-hw-div -mhw-mul -mno-hw-mulx -mgpopt=global   -o obj/HAL/src/alt_ioctl.o HAL/src/alt_ioctl.c
Compiling alt_irq_entry.S...
nios2-elf-gcc -MP -MMD -c   -O0 -g -Wall  -mno-hw-div -mhw-mul -mno-hw-mulx -mgpopt=global    -I./HAL/inc -I. -I./drivers/inc -pipe -D__hal__ -DALT_NO_INSTRUCTION_EMULATION -DALT_SINGLE_THREADED  -Wa,-gdwarf2  -o obj/HAL/src/alt_irq_entry.o HAL/src/alt_irq_entry.S
Compiling alt_irq_handler.c...
nios2-elf-gcc -xc -MP -MMD -c  -I./HAL/inc -I. -I./drivers/inc -pipe -D__hal__ -DALT_NO_INSTRUCTION_EMULATION -DALT_SINGLE_THREADED    -O0 -g -Wall  -mno-hw-div -mhw-mul -mno-hw-mulx -mgpopt=global   -o obj/HAL/src/alt_irq_handler.o HAL/src/alt_irq_handler.c
Compiling alt_irq_register.c...
nios2-elf-gcc -xc -MP -MMD -c  -I./HAL/inc -I. -I./drivers/inc -pipe -D__hal__ -DALT_NO_INSTRUCTION_EMULATION -DALT_SINGLE_THREADED    -O0 -g -Wall  -mno-hw-div -mhw-mul -mno-hw-mulx -mgpopt=global   -o obj/HAL/src/alt_irq_register.o HAL/src/alt_irq_register.c
Compiling alt_irq_vars.c...
nios2-elf-gcc -xc -MP -MMD -c  -I./HAL/inc -I. -I./drivers/inc -pipe -D__hal__ -DALT_NO_INSTRUCTION_EMULATION -DALT_SINGLE_THREADED    -O0 -g -Wall  -mno-hw-div -mhw-mul -mno-hw-mulx -mgpopt=global   -o obj/HAL/src/alt_irq_vars.o HAL/src/alt_irq_vars.c
Compiling alt_isatty.c...
nios2-elf-gcc -xc -MP -MMD -c  -I./HAL/inc -I. -I./drivers/inc -pipe -D__hal__ -DALT_NO_INSTRUCTION_EMULATION -DALT_SINGLE_THREADED    -O0 -g -Wall  -mno-hw-div -mhw-mul -mno-hw-mulx -mgpopt=global   -o obj/HAL/src/alt_isatty.o HAL/src/alt_isatty.c
Compiling alt_kill.c...
nios2-elf-gcc -xc -MP -MMD -c  -I./HAL/inc -I. -I./drivers/inc -pipe -D__hal__ -DALT_NO_INSTRUCTION_EMULATION -DALT_SINGLE_THREADED    -O0 -g -Wall  -mno-hw-div -mhw-mul -mno-hw-mulx -mgpopt=global   -o obj/HAL/src/alt_kill.o HAL/src/alt_kill.c
Compiling alt_link.c...
nios2-elf-gcc -xc -MP -MMD -c  -I./HAL/inc -I. -I./drivers/inc -pipe -D__hal__ -DALT_NO_INSTRUCTION_EMULATION -DALT_SINGLE_THREADED    -O0 -g -Wall  -mno-hw-div -mhw-mul -mno-hw-mulx -mgpopt=global   -o obj/HAL/src/alt_link.o HAL/src/alt_link.c
Compiling alt_load.c...
nios2-elf-gcc -xc -MP -MMD -c  -I./HAL/inc -I. -I./drivers/inc -pipe -D__hal__ -DALT_NO_INSTRUCTION_EMULATION -DALT_SINGLE_THREADED    -O0 -g -Wall  -mno-hw-div -mhw-mul -mno-hw-mulx -mgpopt=global   -o obj/HAL/src/alt_load.o HAL/src/alt_load.c
Compiling alt_log_macro.S...
nios2-elf-gcc -MP -MMD -c   -O0 -g -Wall  -mno-hw-div -mhw-mul -mno-hw-mulx -mgpopt=global    -I./HAL/inc -I. -I./drivers/inc -pipe -D__hal__ -DALT_NO_INSTRUCTION_EMULATION -DALT_SINGLE_THREADED  -Wa,-gdwarf2  -o obj/HAL/src/alt_log_macro.o HAL/src/alt_log_macro.S
Compiling alt_log_printf.c...
nios2-elf-gcc -xc -MP -MMD -c  -I./HAL/inc -I. -I./drivers/inc -pipe -D__hal__ -DALT_NO_INSTRUCTION_EMULATION -DALT_SINGLE_THREADED    -O0 -g -Wall  -mno-hw-div -mhw-mul -mno-hw-mulx -mgpopt=global   -o obj/HAL/src/alt_log_printf.o HAL/src/alt_log_printf.c
Compiling alt_lseek.c...
nios2-elf-gcc -xc -MP -MMD -c  -I./HAL/inc -I. -I./drivers/inc -pipe -D__hal__ -DALT_NO_INSTRUCTION_EMULATION -DALT_SINGLE_THREADED    -O0 -g -Wall  -mno-hw-div -mhw-mul -mno-hw-mulx -mgpopt=global   -o obj/HAL/src/alt_lseek.o HAL/src/alt_lseek.c
Compiling alt_main.c...
nios2-elf-gcc -xc -MP -MMD -c  -I./HAL/inc -I. -I./drivers/inc -pipe -D__hal__ -DALT_NO_INSTRUCTION_EMULATION -DALT_SINGLE_THREADED    -O0 -g -Wall  -mno-hw-div -mhw-mul -mno-hw-mulx -mgpopt=global   -o obj/HAL/src/alt_main.o HAL/src/alt_main.c
Compiling alt_malloc_lock.c...
nios2-elf-gcc -xc -MP -MMD -c  -I./HAL/inc -I. -I./drivers/inc -pipe -D__hal__ -DALT_NO_INSTRUCTION_EMULATION -DALT_SINGLE_THREADED    -O0 -g -Wall  -mno-hw-div -mhw-mul -mno-hw-mulx -mgpopt=global   -o obj/HAL/src/alt_malloc_lock.o HAL/src/alt_malloc_lock.c
Compiling alt_mcount.S...
nios2-elf-gcc -MP -MMD -c   -O0 -g -Wall  -mno-hw-div -mhw-mul -mno-hw-mulx -mgpopt=global    -I./HAL/inc -I. -I./drivers/inc -pipe -D__hal__ -DALT_NO_INSTRUCTION_EMULATION -DALT_SINGLE_THREADED  -Wa,-gdwarf2  -o obj/HAL/src/alt_mcount.o HAL/src/alt_mcount.S
Compiling alt_open.c...
nios2-elf-gcc -xc -MP -MMD -c  -I./HAL/inc -I. -I./drivers/inc -pipe -D__hal__ -DALT_NO_INSTRUCTION_EMULATION -DALT_SINGLE_THREADED    -O0 -g -Wall  -mno-hw-div -mhw-mul -mno-hw-mulx -mgpopt=global   -o obj/HAL/src/alt_open.o HAL/src/alt_open.c
Compiling alt_printf.c...
nios2-elf-gcc -xc -MP -MMD -c  -I./HAL/inc -I. -I./drivers/inc -pipe -D__hal__ -DALT_NO_INSTRUCTION_EMULATION -DALT_SINGLE_THREADED    -O0 -g -Wall  -mno-hw-div -mhw-mul -mno-hw-mulx -mgpopt=global   -o obj/HAL/src/alt_printf.o HAL/src/alt_printf.c
Compiling alt_putchar.c...
nios2-elf-gcc -xc -MP -MMD -c  -I./HAL/inc -I. -I./drivers/inc -pipe -D__hal__ -DALT_NO_INSTRUCTION_EMULATION -DALT_SINGLE_THREADED    -O0 -g -Wall  -mno-hw-div -mhw-mul -mno-hw-mulx -mgpopt=global   -o obj/HAL/src/alt_putchar.o HAL/src/alt_putchar.c
Compiling alt_putcharbuf.c...
nios2-elf-gcc -xc -MP -MMD -c  -I./HAL/inc -I. -I./drivers/inc -pipe -D__hal__ -DALT_NO_INSTRUCTION_EMULATION -DALT_SINGLE_THREADED    -O0 -g -Wall  -mno-hw-div -mhw-mul -mno-hw-mulx -mgpopt=global   -o obj/HAL/src/alt_putcharbuf.o HAL/src/alt_putcharbuf.c
Compiling alt_putstr.c...
nios2-elf-gcc -xc -MP -MMD -c  -I./HAL/inc -I. -I./drivers/inc -pipe -D__hal__ -DALT_NO_INSTRUCTION_EMULATION -DALT_SINGLE_THREADED    -O0 -g -Wall  -mno-hw-div -mhw-mul -mno-hw-mulx -mgpopt=global   -o obj/HAL/src/alt_putstr.o HAL/src/alt_putstr.c
Compiling alt_read.c...
nios2-elf-gcc -xc -MP -MMD -c  -I./HAL/inc -I. -I./drivers/inc -pipe -D__hal__ -DALT_NO_INSTRUCTION_EMULATION -DALT_SINGLE_THREADED    -O0 -g -Wall  -mno-hw-div -mhw-mul -mno-hw-mulx -mgpopt=global   -o obj/HAL/src/alt_read.o HAL/src/alt_read.c
Compiling alt_release_fd.c...
nios2-elf-gcc -xc -MP -MMD -c  -I./HAL/inc -I. -I./drivers/inc -pipe -D__hal__ -DALT_NO_INSTRUCTION_EMULATION -DALT_SINGLE_THREADED    -O0 -g -Wall  -mno-hw-div -mhw-mul -mno-hw-mulx -mgpopt=global   -o obj/HAL/src/alt_release_fd.o HAL/src/alt_release_fd.c
Compiling alt_remap_cached.c...
nios2-elf-gcc -xc -MP -MMD -c  -I./HAL/inc -I. -I./drivers/inc -pipe -D__hal__ -DALT_NO_INSTRUCTION_EMULATION -DALT_SINGLE_THREADED    -O0 -g -Wall  -mno-hw-div -mhw-mul -mno-hw-mulx -mgpopt=global   -o obj/HAL/src/alt_remap_cached.o HAL/src/alt_remap_cached.c
Compiling alt_remap_uncached.c...
nios2-elf-gcc -xc -MP -MMD -c  -I./HAL/inc -I. -I./drivers/inc -pipe -D__hal__ -DALT_NO_INSTRUCTION_EMULATION -DALT_SINGLE_THREADED    -O0 -g -Wall  -mno-hw-div -mhw-mul -mno-hw-mulx -mgpopt=global   -o obj/HAL/src/alt_remap_uncached.o HAL/src/alt_remap_uncached.c
Compiling alt_rename.c...
nios2-elf-gcc -xc -MP -MMD -c  -I./HAL/inc -I. -I./drivers/inc -pipe -D__hal__ -DALT_NO_INSTRUCTION_EMULATION -DALT_SINGLE_THREADED    -O0 -g -Wall  -mno-hw-div -mhw-mul -mno-hw-mulx -mgpopt=global   -o obj/HAL/src/alt_rename.o HAL/src/alt_rename.c
Compiling alt_sbrk.c...
nios2-elf-gcc -xc -MP -MMD -c  -I./HAL/inc -I. -I./drivers/inc -pipe -D__hal__ -DALT_NO_INSTRUCTION_EMULATION -DALT_SINGLE_THREADED    -O0 -g -Wall  -mno-hw-div -mhw-mul -mno-hw-mulx -mgpopt=global   -o obj/HAL/src/alt_sbrk.o HAL/src/alt_sbrk.c
Compiling alt_settod.c...
nios2-elf-gcc -xc -MP -MMD -c  -I./HAL/inc -I. -I./drivers/inc -pipe -D__hal__ -DALT_NO_INSTRUCTION_EMULATION -DALT_SINGLE_THREADED    -O0 -g -Wall  -mno-hw-div -mhw-mul -mno-hw-mulx -mgpopt=global   -o obj/HAL/src/alt_settod.o HAL/src/alt_settod.c
Compiling alt_software_exception.S...
nios2-elf-gcc -MP -MMD -c   -O0 -g -Wall  -mno-hw-div -mhw-mul -mno-hw-mulx -mgpopt=global    -I./HAL/inc -I. -I./drivers/inc -pipe -D__hal__ -DALT_NO_INSTRUCTION_EMULATION -DALT_SINGLE_THREADED  -Wa,-gdwarf2  -o obj/HAL/src/alt_software_exception.o HAL/src/alt_software_exception.S
Compiling alt_stat.c...
nios2-elf-gcc -xc -MP -MMD -c  -I./HAL/inc -I. -I./drivers/inc -pipe -D__hal__ -DALT_NO_INSTRUCTION_EMULATION -DALT_SINGLE_THREADED    -O0 -g -Wall  -mno-hw-div -mhw-mul -mno-hw-mulx -mgpopt=global   -o obj/HAL/src/alt_stat.o HAL/src/alt_stat.c
Compiling alt_tick.c...
nios2-elf-gcc -xc -MP -MMD -c  -I./HAL/inc -I. -I./drivers/inc -pipe -D__hal__ -DALT_NO_INSTRUCTION_EMULATION -DALT_SINGLE_THREADED    -O0 -g -Wall  -mno-hw-div -mhw-mul -mno-hw-mulx -mgpopt=global   -o obj/HAL/src/alt_tick.o HAL/src/alt_tick.c
Compiling alt_times.c...
nios2-elf-gcc -xc -MP -MMD -c  -I./HAL/inc -I. -I./drivers/inc -pipe -D__hal__ -DALT_NO_INSTRUCTION_EMULATION -DALT_SINGLE_THREADED    -O0 -g -Wall  -mno-hw-div -mhw-mul -mno-hw-mulx -mgpopt=global   -o obj/HAL/src/alt_times.o HAL/src/alt_times.c
Compiling alt_uncached_free.c...
nios2-elf-gcc -xc -MP -MMD -c  -I./HAL/inc -I. -I./drivers/inc -pipe -D__hal__ -DALT_NO_INSTRUCTION_EMULATION -DALT_SINGLE_THREADED    -O0 -g -Wall  -mno-hw-div -mhw-mul -mno-hw-mulx -mgpopt=global   -o obj/HAL/src/alt_uncached_free.o HAL/src/alt_uncached_free.c
Compiling alt_uncached_malloc.c...
nios2-elf-gcc -xc -MP -MMD -c  -I./HAL/inc -I. -I./drivers/inc -pipe -D__hal__ -DALT_NO_INSTRUCTION_EMULATION -DALT_SINGLE_THREADED    -O0 -g -Wall  -mno-hw-div -mhw-mul -mno-hw-mulx -mgpopt=global   -o obj/HAL/src/alt_uncached_malloc.o HAL/src/alt_uncached_malloc.c
Compiling alt_unlink.c...
nios2-elf-gcc -xc -MP -MMD -c  -I./HAL/inc -I. -I./drivers/inc -pipe -D__hal__ -DALT_NO_INSTRUCTION_EMULATION -DALT_SINGLE_THREADED    -O0 -g -Wall  -mno-hw-div -mhw-mul -mno-hw-mulx -mgpopt=global   -o obj/HAL/src/alt_unlink.o HAL/src/alt_unlink.c
Compiling alt_usleep.c...
nios2-elf-gcc -xc -MP -MMD -c  -I./HAL/inc -I. -I./drivers/inc -pipe -D__hal__ -DALT_NO_INSTRUCTION_EMULATION -DALT_SINGLE_THREADED    -O0 -g -Wall  -mno-hw-div -mhw-mul -mno-hw-mulx -mgpopt=global   -o obj/HAL/src/alt_usleep.o HAL/src/alt_usleep.c
Compiling alt_wait.c...
nios2-elf-gcc -xc -MP -MMD -c  -I./HAL/inc -I. -I./drivers/inc -pipe -D__hal__ -DALT_NO_INSTRUCTION_EMULATION -DALT_SINGLE_THREADED    -O0 -g -Wall  -mno-hw-div -mhw-mul -mno-hw-mulx -mgpopt=global   -o obj/HAL/src/alt_wait.o HAL/src/alt_wait.c
Compiling alt_write.c...
nios2-elf-gcc -xc -MP -MMD -c  -I./HAL/inc -I. -I./drivers/inc -pipe -D__hal__ -DALT_NO_INSTRUCTION_EMULATION -DALT_SINGLE_THREADED    -O0 -g -Wall  -mno-hw-div -mhw-mul -mno-hw-mulx -mgpopt=global   -o obj/HAL/src/alt_write.o HAL/src/alt_write.c
Compiling altera_nios2_gen2_irq.c...
nios2-elf-gcc -xc -MP -MMD -c  -I./HAL/inc -I. -I./drivers/inc -pipe -D__hal__ -DALT_NO_INSTRUCTION_EMULATION -DALT_SINGLE_THREADED    -O0 -g -Wall  -mno-hw-div -mhw-mul -mno-hw-mulx -mgpopt=global   -o obj/HAL/src/altera_nios2_gen2_irq.o HAL/src/altera_nios2_gen2_irq.c
Compiling crt0.S...
nios2-elf-gcc -MP -MMD -c   -O0 -g -Wall  -mno-hw-div -mhw-mul -mno-hw-mulx -mgpopt=global    -I./HAL/inc -I. -I./drivers/inc -pipe -D__hal__ -DALT_NO_INSTRUCTION_EMULATION -DALT_SINGLE_THREADED  -Wa,-gdwarf2  -o obj/HAL/src/crt0.o HAL/src/crt0.S
Compiling alt_sys_init.c...
nios2-elf-gcc -xc -MP -MMD -c  -I./HAL/inc -I. -I./drivers/inc -pipe -D__hal__ -DALT_NO_INSTRUCTION_EMULATION -DALT_SINGLE_THREADED    -O0 -g -Wall  -mno-hw-div -mhw-mul -mno-hw-mulx -mgpopt=global   -o obj/alt_sys_init.o alt_sys_init.c
Compiling altera_avalon_jtag_uart_fd.c...
nios2-elf-gcc -xc -MP -MMD -c  -I./HAL/inc -I. -I./drivers/inc -pipe -D__hal__ -DALT_NO_INSTRUCTION_EMULATION -DALT_SINGLE_THREADED    -O0 -g -Wall  -mno-hw-div -mhw-mul -mno-hw-mulx -mgpopt=global   -o obj/drivers/src/altera_avalon_jtag_uart_fd.o drivers/src/altera_avalon_jtag_uart_fd.c
Compiling altera_avalon_jtag_uart_init.c...
nios2-elf-gcc -xc -MP -MMD -c  -I./HAL/inc -I. -I./drivers/inc -pipe -D__hal__ -DALT_NO_INSTRUCTION_EMULATION -DALT_SINGLE_THREADED    -O0 -g -Wall  -mno-hw-div -mhw-mul -mno-hw-mulx -mgpopt=global   -o obj/drivers/src/altera_avalon_jtag_uart_init.o drivers/src/altera_avalon_jtag_uart_init.c
Compiling altera_avalon_jtag_uart_ioctl.c...
nios2-elf-gcc -xc -MP -MMD -c  -I./HAL/inc -I. -I./drivers/inc -pipe -D__hal__ -DALT_NO_INSTRUCTION_EMULATION -DALT_SINGLE_THREADED    -O0 -g -Wall  -mno-hw-div -mhw-mul -mno-hw-mulx -mgpopt=global   -o obj/drivers/src/altera_avalon_jtag_uart_ioctl.o drivers/src/altera_avalon_jtag_uart_ioctl.c
Compiling altera_avalon_jtag_uart_read.c...
nios2-elf-gcc -xc -MP -MMD -c  -I./HAL/inc -I. -I./drivers/inc -pipe -D__hal__ -DALT_NO_INSTRUCTION_EMULATION -DALT_SINGLE_THREADED    -O0 -g -Wall  -mno-hw-div -mhw-mul -mno-hw-mulx -mgpopt=global   -o obj/drivers/src/altera_avalon_jtag_uart_read.o drivers/src/altera_avalon_jtag_uart_read.c
Compiling altera_avalon_jtag_uart_write.c...
nios2-elf-gcc -xc -MP -MMD -c  -I./HAL/inc -I. -I./drivers/inc -pipe -D__hal__ -DALT_NO_INSTRUCTION_EMULATION -DALT_SINGLE_THREADED    -O0 -g -Wall  -mno-hw-div -mhw-mul -mno-hw-mulx -mgpopt=global   -o obj/drivers/src/altera_avalon_jtag_uart_write.o drivers/src/altera_avalon_jtag_uart_write.c
Compiling altera_avalon_lcd_16207.c...
nios2-elf-gcc -xc -MP -MMD -c  -I./HAL/inc -I. -I./drivers/inc -pipe -D__hal__ -DALT_NO_INSTRUCTION_EMULATION -DALT_SINGLE_THREADED    -O0 -g -Wall  -mno-hw-div -mhw-mul -mno-hw-mulx -mgpopt=global   -o obj/drivers/src/altera_avalon_lcd_16207.o drivers/src/altera_avalon_lcd_16207.c
Compiling altera_avalon_lcd_16207_fd.c...
nios2-elf-gcc -xc -MP -MMD -c  -I./HAL/inc -I. -I./drivers/inc -pipe -D__hal__ -DALT_NO_INSTRUCTION_EMULATION -DALT_SINGLE_THREADED    -O0 -g -Wall  -mno-hw-div -mhw-mul -mno-hw-mulx -mgpopt=global   -o obj/drivers/src/altera_avalon_lcd_16207_fd.o drivers/src/altera_avalon_lcd_16207_fd.c
Compiling altera_avalon_timer_sc.c...
nios2-elf-gcc -xc -MP -MMD -c  -I./HAL/inc -I. -I./drivers/inc -pipe -D__hal__ -DALT_NO_INSTRUCTION_EMULATION -DALT_SINGLE_THREADED    -O0 -g -Wall  -mno-hw-div -mhw-mul -mno-hw-mulx -mgpopt=global   -o obj/drivers/src/altera_avalon_timer_sc.o drivers/src/altera_avalon_timer_sc.c
Compiling altera_avalon_timer_ts.c...
nios2-elf-gcc -xc -MP -MMD -c  -I./HAL/inc -I. -I./drivers/inc -pipe -D__hal__ -DALT_NO_INSTRUCTION_EMULATION -DALT_SINGLE_THREADED    -O0 -g -Wall  -mno-hw-div -mhw-mul -mno-hw-mulx -mgpopt=global   -o obj/drivers/src/altera_avalon_timer_ts.o drivers/src/altera_avalon_timer_ts.c
Compiling altera_avalon_timer_vars.c...
nios2-elf-gcc -xc -MP -MMD -c  -I./HAL/inc -I. -I./drivers/inc -pipe -D__hal__ -DALT_NO_INSTRUCTION_EMULATION -DALT_SINGLE_THREADED    -O0 -g -Wall  -mno-hw-div -mhw-mul -mno-hw-mulx -mgpopt=global   -o obj/drivers/src/altera_avalon_timer_vars.o drivers/src/altera_avalon_timer_vars.c
Compiling altera_avalon_uart_fd.c...
nios2-elf-gcc -xc -MP -MMD -c  -I./HAL/inc -I. -I./drivers/inc -pipe -D__hal__ -DALT_NO_INSTRUCTION_EMULATION -DALT_SINGLE_THREADED    -O0 -g -Wall  -mno-hw-div -mhw-mul -mno-hw-mulx -mgpopt=global   -o obj/drivers/src/altera_avalon_uart_fd.o drivers/src/altera_avalon_uart_fd.c
Compiling altera_avalon_uart_init.c...
nios2-elf-gcc -xc -MP -MMD -c  -I./HAL/inc -I. -I./drivers/inc -pipe -D__hal__ -DALT_NO_INSTRUCTION_EMULATION -DALT_SINGLE_THREADED    -O0 -g -Wall  -mno-hw-div -mhw-mul -mno-hw-mulx -mgpopt=global   -o obj/drivers/src/altera_avalon_uart_init.o drivers/src/altera_avalon_uart_init.c
Compiling altera_avalon_uart_ioctl.c...
nios2-elf-gcc -xc -MP -MMD -c  -I./HAL/inc -I. -I./drivers/inc -pipe -D__hal__ -DALT_NO_INSTRUCTION_EMULATION -DALT_SINGLE_THREADED    -O0 -g -Wall  -mno-hw-div -mhw-mul -mno-hw-mulx -mgpopt=global   -o obj/drivers/src/altera_avalon_uart_ioctl.o drivers/src/altera_avalon_uart_ioctl.c
Compiling altera_avalon_uart_read.c...
nios2-elf-gcc -xc -MP -MMD -c  -I./HAL/inc -I. -I./drivers/inc -pipe -D__hal__ -DALT_NO_INSTRUCTION_EMULATION -DALT_SINGLE_THREADED    -O0 -g -Wall  -mno-hw-div -mhw-mul -mno-hw-mulx -mgpopt=global   -o obj/drivers/src/altera_avalon_uart_read.o drivers/src/altera_avalon_uart_read.c
Compiling altera_avalon_uart_write.c...
nios2-elf-gcc -xc -MP -MMD -c  -I./HAL/inc -I. -I./drivers/inc -pipe -D__hal__ -DALT_NO_INSTRUCTION_EMULATION -DALT_SINGLE_THREADED    -O0 -g -Wall  -mno-hw-div -mhw-mul -mno-hw-mulx -mgpopt=global   -o obj/drivers/src/altera_avalon_uart_write.o drivers/src/altera_avalon_uart_write.c
Creating libhal_bsp.a...
rm -f -f libhal_bsp.a
nios2-elf-ar -src libhal_bsp.a obj/HAL/src/alt_alarm_start.o obj/HAL/src/alt_busy_sleep.o obj/HAL/src/alt_close.o obj/HAL/src/alt_dcache_flush.o obj/HAL/src/alt_dcache_flush_all.o obj/HAL/src/alt_dcache_flush_no_writeback.o obj/HAL/src/alt_dev.o obj/HAL/src/alt_dev_llist_insert.o obj/HAL/src/alt_dma_rxchan_open.o obj/HAL/src/alt_dma_txchan_open.o obj/HAL/src/alt_do_ctors.o obj/HAL/src/alt_do_dtors.o obj/HAL/src/alt_ecc_fatal_entry.o obj/HAL/src/alt_ecc_fatal_exception.o obj/HAL/src/alt_env_lock.o obj/HAL/src/alt_environ.o obj/HAL/src/alt_errno.o obj/HAL/src/alt_exception_entry.o obj/HAL/src/alt_exception_muldiv.o obj/HAL/src/alt_exception_trap.o obj/HAL/src/alt_execve.o obj/HAL/src/alt_exit.o obj/HAL/src/alt_fcntl.o obj/HAL/src/alt_fd_lock.o obj/HAL/src/alt_fd_unlock.o obj/HAL/src/alt_find_dev.o obj/HAL/src/alt_find_file.o obj/HAL/src/alt_flash_dev.o obj/HAL/src/alt_fork.o obj/HAL/src/alt_fs_reg.o obj/HAL/src/alt_fstat.o obj/HAL/src/alt_get_fd.o obj/HAL/src/alt_getchar.o obj/HAL/src/alt_getpid.o obj/HAL/src/alt_gettod.o obj/HAL/src/alt_gmon.o obj/HAL/src/alt_icache_flush.o obj/HAL/src/alt_icache_flush_all.o obj/HAL/src/alt_iic.o obj/HAL/src/alt_iic_isr_register.o obj/HAL/src/alt_instruction_exception_entry.o obj/HAL/src/alt_instruction_exception_register.o obj/HAL/src/alt_io_redirect.o obj/HAL/src/alt_ioctl.o obj/HAL/src/alt_irq_entry.o obj/HAL/src/alt_irq_handler.o obj/HAL/src/alt_irq_register.o obj/HAL/src/alt_irq_vars.o obj/HAL/src/alt_isatty.o obj/HAL/src/alt_kill.o obj/HAL/src/alt_link.o obj/HAL/src/alt_load.o obj/HAL/src/alt_log_macro.o obj/HAL/src/alt_log_printf.o obj/HAL/src/alt_lseek.o obj/HAL/src/alt_main.o obj/HAL/src/alt_malloc_lock.o obj/HAL/src/alt_mcount.o obj/HAL/src/alt_open.o obj/HAL/src/alt_printf.o obj/HAL/src/alt_putchar.o obj/HAL/src/alt_putcharbuf.o obj/HAL/src/alt_putstr.o obj/HAL/src/alt_read.o obj/HAL/src/alt_release_fd.o obj/HAL/src/alt_remap_cached.o obj/HAL/src/alt_remap_uncached.o obj/HAL/src/alt_rename.o obj/HAL/src/alt_sbrk.o obj/HAL/src/alt_settod.o obj/HAL/src/alt_software_exception.o obj/HAL/src/alt_stat.o obj/HAL/src/alt_tick.o obj/HAL/src/alt_times.o obj/HAL/src/alt_uncached_free.o obj/HAL/src/alt_uncached_malloc.o obj/HAL/src/alt_unlink.o obj/HAL/src/alt_usleep.o obj/HAL/src/alt_wait.o obj/HAL/src/alt_write.o obj/HAL/src/altera_nios2_gen2_irq.o obj/HAL/src/crt0.o obj/alt_sys_init.o obj/drivers/src/altera_avalon_jtag_uart_fd.o obj/drivers/src/altera_avalon_jtag_uart_init.o obj/drivers/src/altera_avalon_jtag_uart_ioctl.o obj/drivers/src/altera_avalon_jtag_uart_read.o obj/drivers/src/altera_avalon_jtag_uart_write.o obj/drivers/src/altera_avalon_lcd_16207.o obj/drivers/src/altera_avalon_lcd_16207_fd.o obj/drivers/src/altera_avalon_timer_sc.o obj/drivers/src/altera_avalon_timer_ts.o obj/drivers/src/altera_avalon_timer_vars.o obj/drivers/src/altera_avalon_uart_fd.o obj/drivers/src/altera_avalon_uart_init.o obj/drivers/src/altera_avalon_uart_ioctl.o obj/drivers/src/altera_avalon_uart_read.o obj/drivers/src/altera_avalon_uart_write.o
[BSP build complete]
Info: Compiling hello_world.c to obj/default/hello_world.o
nios2-elf-gcc -xc -MP -MMD -c -I../cs303_bsp//HAL/inc -I../cs303_bsp/ -I../cs303_bsp//drivers/inc  -pipe -D__hal__ -DALT_NO_INSTRUCTION_EMULATION -DALT_SINGLE_THREADED    -O0 -g -Wall   -mno-hw-div -mhw-mul -mno-hw-mulx -mgpopt=global  -o obj/default/hello_world.o hello_world.c
Info: Compiling pacemaker.c to obj/default/pacemaker.o
nios2-elf-gcc -xc -MP -MMD -c -I../cs303_bsp//HAL/inc -I../cs303_bsp/ -I../cs303_bsp//drivers/inc  -pipe -D__hal__ -DALT_NO_INSTRUCTION_EMULATION -DALT_SINGLE_THREADED    -O0 -g -Wall   -mno-hw-div -mhw-mul -mno-hw-mulx -mgpopt=global  -o obj/default/pacemaker.o pacemaker.c
pacemaker.c: In function 'logic':
pacemaker.c:74:23: warning: suggest parentheses around '&&' within '||' [-Wparentheses]
   d->_g140 = d->_g137 && d->_cg139 || d->_g138 && d->_cg141;
                       ^
pacemaker.c:128:20: warning: suggest parentheses around '&&' within '||' [-Wparentheses]
   d->_g12 = d->_g7 && d->_cg8 || d->_g14 && d->_cg12;
                    ^
pacemaker.c:129:31: warning: suggest parentheses around '&&' within '||' [-Wparentheses]
   d->_g8 = d->_g5 || d->_g149 && !d->_cg20;
                               ^
pacemaker.c:138:30: warning: suggest parentheses around '&&' within '||' [-Wparentheses]
   d->_g9 = d->_GO || d->_g21 && d->_cg22 || d->_g18 || d->_g4 && !d->_cg4;
                              ^
pacemaker.c:138:63: warning: suggest parentheses around '&&' within '||' [-Wparentheses]
   d->_g9 = d->_GO || d->_g21 && d->_cg22 || d->_g18 || d->_g4 && !d->_cg4;
                                                               ^
pacemaker.c:166:21: warning: suggest parentheses around '&&' within '||' [-Wparentheses]
   d->_g36 = d->_g39 && d->_cg35 || d->_g34 && d->_cg37;
                     ^
pacemaker.c:171:34: warning: suggest parentheses around '&&' within '||' [-Wparentheses]
   d->_g45_e2 = d->_GO || d->_g47 && !d->_cg48 || d->_g51 || d->_g50 && !d->_cg50;
                                  ^
pacemaker.c:171:69: warning: suggest parentheses around '&&' within '||' [-Wparentheses]
   d->_g45_e2 = d->_GO || d->_g47 && !d->_cg48 || d->_g51 || d->_g50 && !d->_cg50;
                                                                     ^
pacemaker.c:191:21: warning: suggest parentheses around '&&' within '||' [-Wparentheses]
   d->_g50 = d->_g51 && !d->_cg31 || d->_g39 && !d->_cg35;
                     ^
pacemaker.c:194:21: warning: suggest parentheses around '&&' within '||' [-Wparentheses]
   d->_g48 = d->_g34 && !d->_cg37 || d->_g27 && !d->_cg40;
                     ^
pacemaker.c:195:32: warning: suggest parentheses around '&&' within '||' [-Wparentheses]
   d->_g49 = d->_g36 || d->_g46 && !d->_cg46;
                                ^
pacemaker.c:219:21: warning: suggest parentheses around '&&' within '||' [-Wparentheses]
   d->_g64 = d->_g61 && d->_cg63 || d->_g62 && d->_cg65;
                     ^
pacemaker.c:224:34: warning: suggest parentheses around '&&' within '||' [-Wparentheses]
   d->_g64_e1 = d->_GO || d->_g72 && !d->_cg76 || d->_g55 && !d->_cg55;
                                  ^
pacemaker.c:224:58: warning: suggest parentheses around '&&' within '||' [-Wparentheses]
   d->_g64_e1 = d->_GO || d->_g72 && !d->_cg76 || d->_g55 && !d->_cg55;
                                                          ^
pacemaker.c:240:24: warning: suggest parentheses around '&&' within '||' [-Wparentheses]
   d->_g55 = d->_g73_e2 && !d->_cg59 || d->_g61 && !d->_cg63;
                        ^
pacemaker.c:243:21: warning: suggest parentheses around '&&' within '||' [-Wparentheses]
   d->_g77 = d->_g62 && !d->_cg65 || d->_g76 && !d->_cg68;
                     ^
pacemaker.c:244:32: warning: suggest parentheses around '&&' within '||' [-Wparentheses]
   d->_g56 = d->_g64 || d->_g46 && !d->_cg74;
                                ^
pacemaker.c:283:21: warning: suggest parentheses around '&&' within '||' [-Wparentheses]
   d->_g89 = d->_g84 && d->_cg85 || d->_g88 && d->_cg89;
                     ^
pacemaker.c:284:32: warning: suggest parentheses around '&&' within '||' [-Wparentheses]
   d->_g85 = d->_g94 || d->_g65 && !d->_cg97;
                                ^
pacemaker.c:293:31: warning: suggest parentheses around '&&' within '||' [-Wparentheses]
   d->_g96 = d->_GO || d->_g95 && d->_cg99 || d->_g98 || d->_g57 && !d->_cg81;
                               ^
pacemaker.c:293:65: warning: suggest parentheses around '&&' within '||' [-Wparentheses]
   d->_g96 = d->_GO || d->_g95 && d->_cg99 || d->_g98 || d->_g57 && !d->_cg81;
                                                                 ^
pacemaker.c:322:23: warning: suggest parentheses around '&&' within '||' [-Wparentheses]
   d->_g113 = d->_g110 && d->_cg112 || d->_g111 && d->_cg114;
                       ^
pacemaker.c:333:48: warning: suggest parentheses around '&&' within '||' [-Wparentheses]
   d->_g122 = d->_GO || d->_g113 || d->_g113_e1 && !d->_cg104;
                                                ^
pacemaker.c:353:23: warning: suggest parentheses around '&&' within '||' [-Wparentheses]
   d->_g105 = d->_g125 && !d->_cg108 || d->_g110 && !d->_cg112;
                       ^
pacemaker.c:356:23: warning: suggest parentheses around '&&' within '||' [-Wparentheses]
   d->_g112 = d->_g111 && !d->_cg114 || d->_g126 && !d->_cg117;
                       ^
pacemaker.c:357:35: warning: suggest parentheses around '&&' within '||' [-Wparentheses]
   d->_g108 = d->_g104 || d->_g123 && !d->_cg123;
                                   ^
pacemaker.c:358:48: warning: suggest parentheses around '&&' within '||' [-Wparentheses]
   d->_g117 = d->_GO || d->_g149_e2 || d->_g131 && !d->_cg131;
                                                ^
pacemaker.c:374:23: warning: suggest parentheses around '&&' within '||' [-Wparentheses]
   d->_g131 = d->_g106 && !d->_cg135 || d->_g137 && !d->_cg139;
                       ^
pacemaker.c:377:23: warning: suggest parentheses around '&&' within '||' [-Wparentheses]
   d->_g152 = d->_g138 && !d->_cg141 || d->_g154 && !d->_cg144;
                       ^
pacemaker.c:378:35: warning: suggest parentheses around '&&' within '||' [-Wparentheses]
   d->_g153 = d->_g123 || d->_g150 && !d->_cg150;
                                   ^
Info: Linking cs303.elf
nios2-elf-g++  -T'../cs303_bsp//linker.x' -msys-crt0='../cs303_bsp//obj/HAL/src/crt0.o' -msys-lib=hal_bsp -L../cs303_bsp/   -Wl,-Map=cs303.map   -O0 -g -Wall   -mno-hw-div -mhw-mul -mno-hw-mulx -mgpopt=global  -o cs303.elf obj/default/hello_world.o obj/default/pacemaker.o -lm -msys-lib=m
nios2-elf-insert cs303.elf --thread_model hal --cpu_name cpu --qsys true --simulation_enabled false --stderr_dev jtag_uart --stdin_dev jtag_uart --stdout_dev jtag_uart --sopc_system_name nios2_system --quartus_project_dir "H:/Documents/COMPSYS303/Uma/Project/DE2-115/DE2-115" --sopcinfo H:/Documents/COMPSYS303/Uma/Project/DE2-115/DE2-115/software/cs303_bsp/../../nios2_system.sopcinfo
Info: (cs303.elf) 95 KBytes program size (code + initialized data).
Info:             8089 KBytes free for stack + heap.
Info: Creating cs303.objdump
nios2-elf-objdump --disassemble --syms --all-header --source cs303.elf >cs303.objdump
[cs303 build complete]
15:33:08 **** Build of configuration Nios II for project cs303 ****
make all 
Info: Building ../cs303_bsp/
C:/intelFPGA/18.1/nios2eds/bin/gnu/H-x86_64-mingw32/bin/make --no-print-directory -C ../cs303_bsp/
[BSP build complete]
Info: Compiling hello_world.c to obj/default/hello_world.o
nios2-elf-gcc -xc -MP -MMD -c -I../cs303_bsp//HAL/inc -I../cs303_bsp/ -I../cs303_bsp//drivers/inc  -pipe -D__hal__ -DALT_NO_INSTRUCTION_EMULATION -DALT_SINGLE_THREADED    -O0 -g -Wall   -mno-hw-div -mhw-mul -mno-hw-mulx -mgpopt=global  -o obj/default/hello_world.o hello_world.c
Info: Linking cs303.elf
nios2-elf-g++  -T'../cs303_bsp//linker.x' -msys-crt0='../cs303_bsp//obj/HAL/src/crt0.o' -msys-lib=hal_bsp -L../cs303_bsp/   -Wl,-Map=cs303.map   -O0 -g -Wall   -mno-hw-div -mhw-mul -mno-hw-mulx -mgpopt=global  -o cs303.elf obj/default/hello_world.o obj/default/pacemaker.o -lm -msys-lib=m
nios2-elf-insert cs303.elf --thread_model hal --cpu_name cpu --qsys true --simulation_enabled false --stderr_dev jtag_uart --stdin_dev jtag_uart --stdout_dev jtag_uart --sopc_system_name nios2_system --quartus_project_dir "H:/Documents/COMPSYS303/Uma/Project/DE2-115/DE2-115" --sopcinfo H:/Documents/COMPSYS303/Uma/Project/DE2-115/DE2-115/software/cs303_bsp/../../nios2_system.sopcinfo
Info: (cs303.elf) 61 KBytes program size (code + initialized data).
Info:             8123 KBytes free for stack + heap.
Info: Creating cs303.objdump
nios2-elf-objdump --disassemble --syms --all-header --source cs303.elf >cs303.objdump
[cs303 build complete]
15:33:14 **** Incremental Build of configuration Nios II for project cs303 ****
make all 
Info: Building ../cs303_bsp/
C:/intelFPGA/18.1/nios2eds/bin/gnu/H-x86_64-mingw32/bin/make --no-print-directory -C ../cs303_bsp/
[BSP build complete]
[cs303 build complete]
15:35:14 **** Build of configuration Nios II for project cs303 ****
make all 
Info: Building ../cs303_bsp/
C:/intelFPGA/18.1/nios2eds/bin/gnu/H-x86_64-mingw32/bin/make --no-print-directory -C ../cs303_bsp/
[BSP build complete]
[cs303 build complete]
15:35:19 **** Incremental Build of configuration Nios II for project cs303 ****
make all 
Info: Building ../cs303_bsp/
C:/intelFPGA/18.1/nios2eds/bin/gnu/H-x86_64-mingw32/bin/make --no-print-directory -C ../cs303_bsp/
[BSP build complete]
Info: Compiling hello_world.c to obj/default/hello_world.o
nios2-elf-gcc -xc -MP -MMD -c -I../cs303_bsp//HAL/inc -I../cs303_bsp/ -I../cs303_bsp//drivers/inc  -pipe -D__hal__ -DALT_NO_INSTRUCTION_EMULATION -DALT_SINGLE_THREADED    -O0 -g -Wall   -mno-hw-div -mhw-mul -mno-hw-mulx -mgpopt=global  -o obj/default/hello_world.o hello_world.c
Info: Linking cs303.elf
nios2-elf-g++  -T'../cs303_bsp//linker.x' -msys-crt0='../cs303_bsp//obj/HAL/src/crt0.o' -msys-lib=hal_bsp -L../cs303_bsp/   -Wl,-Map=cs303.map   -O0 -g -Wall   -mno-hw-div -mhw-mul -mno-hw-mulx -mgpopt=global  -o cs303.elf obj/default/hello_world.o obj/default/pacemaker.o -lm -msys-lib=m
nios2-elf-insert cs303.elf --thread_model hal --cpu_name cpu --qsys true --simulation_enabled false --stderr_dev jtag_uart --stdin_dev jtag_uart --stdout_dev jtag_uart --sopc_system_name nios2_system --quartus_project_dir "H:/Documents/COMPSYS303/Uma/Project/DE2-115/DE2-115" --sopcinfo H:/Documents/COMPSYS303/Uma/Project/DE2-115/DE2-115/software/cs303_bsp/../../nios2_system.sopcinfo
Info: (cs303.elf) 61 KBytes program size (code + initialized data).
Info:             8123 KBytes free for stack + heap.
Info: Creating cs303.objdump
nios2-elf-objdump --disassemble --syms --all-header --source cs303.elf >cs303.objdump
[cs303 build complete]
15:49:01 **** Build of configuration Nios II for project cs303 ****
make all 
Info: Building ../cs303_bsp/
C:/intelFPGA/18.1/nios2eds/bin/gnu/H-x86_64-mingw32/bin/make --no-print-directory -C ../cs303_bsp/
[BSP build complete]
Info: Compiling hello_world.c to obj/default/hello_world.o
nios2-elf-gcc -xc -MP -MMD -c -I../cs303_bsp//HAL/inc -I../cs303_bsp/ -I../cs303_bsp//drivers/inc  -pipe -D__hal__ -DALT_NO_INSTRUCTION_EMULATION -DALT_SINGLE_THREADED    -O0 -g -Wall   -mno-hw-div -mhw-mul -mno-hw-mulx -mgpopt=global  -o obj/default/hello_world.o hello_world.c
Info: Linking cs303.elf
nios2-elf-g++  -T'../cs303_bsp//linker.x' -msys-crt0='../cs303_bsp//obj/HAL/src/crt0.o' -msys-lib=hal_bsp -L../cs303_bsp/   -Wl,-Map=cs303.map   -O0 -g -Wall   -mno-hw-div -mhw-mul -mno-hw-mulx -mgpopt=global  -o cs303.elf obj/default/hello_world.o obj/default/pacemaker.o -lm -msys-lib=m
nios2-elf-insert cs303.elf --thread_model hal --cpu_name cpu --qsys true --simulation_enabled false --stderr_dev jtag_uart --stdin_dev jtag_uart --stdout_dev jtag_uart --sopc_system_name nios2_system --quartus_project_dir "H:/Documents/COMPSYS303/Uma/Project/DE2-115/DE2-115" --sopcinfo H:/Documents/COMPSYS303/Uma/Project/DE2-115/DE2-115/software/cs303_bsp/../../nios2_system.sopcinfo
Info: (cs303.elf) 61 KBytes program size (code + initialized data).
Info:             8123 KBytes free for stack + heap.
Info: Creating cs303.objdump
nios2-elf-objdump --disassemble --syms --all-header --source cs303.elf >cs303.objdump
[cs303 build complete]
15:49:07 **** Incremental Build of configuration Nios II for project cs303 ****
make all 
Info: Building ../cs303_bsp/
C:/intelFPGA/18.1/nios2eds/bin/gnu/H-x86_64-mingw32/bin/make --no-print-directory -C ../cs303_bsp/
[BSP build complete]
Info: Compiling hello_world.c to obj/default/hello_world.o
nios2-elf-gcc -xc -MP -MMD -c -I../cs303_bsp//HAL/inc -I../cs303_bsp/ -I../cs303_bsp//drivers/inc  -pipe -D__hal__ -DALT_NO_INSTRUCTION_EMULATION -DALT_SINGLE_THREADED    -O0 -g -Wall   -mno-hw-div -mhw-mul -mno-hw-mulx -mgpopt=global  -o obj/default/hello_world.o hello_world.c
Info: Linking cs303.elf
nios2-elf-g++  -T'../cs303_bsp//linker.x' -msys-crt0='../cs303_bsp//obj/HAL/src/crt0.o' -msys-lib=hal_bsp -L../cs303_bsp/   -Wl,-Map=cs303.map   -O0 -g -Wall   -mno-hw-div -mhw-mul -mno-hw-mulx -mgpopt=global  -o cs303.elf obj/default/hello_world.o obj/default/pacemaker.o -lm -msys-lib=m
nios2-elf-insert cs303.elf --thread_model hal --cpu_name cpu --qsys true --simulation_enabled false --stderr_dev jtag_uart --stdin_dev jtag_uart --stdout_dev jtag_uart --sopc_system_name nios2_system --quartus_project_dir "H:/Documents/COMPSYS303/Uma/Project/DE2-115/DE2-115" --sopcinfo H:/Documents/COMPSYS303/Uma/Project/DE2-115/DE2-115/software/cs303_bsp/../../nios2_system.sopcinfo
Info: (cs303.elf) 61 KBytes program size (code + initialized data).
Info:             8123 KBytes free for stack + heap.
Info: Creating cs303.objdump
nios2-elf-objdump --disassemble --syms --all-header --source cs303.elf >cs303.objdump
[cs303 build complete]
15:53:28 **** Incremental Build of configuration Nios II for project cs303 ****
make all 
Info: Building ../cs303_bsp/
C:/intelFPGA/18.1/nios2eds/bin/gnu/H-x86_64-mingw32/bin/make --no-print-directory -C ../cs303_bsp/
[BSP build complete]
Info: Compiling hello_world.c to obj/default/hello_world.o
nios2-elf-gcc -xc -MP -MMD -c -I../cs303_bsp//HAL/inc -I../cs303_bsp/ -I../cs303_bsp//drivers/inc  -pipe -D__hal__ -DALT_NO_INSTRUCTION_EMULATION -DALT_SINGLE_THREADED    -O0 -g -Wall   -mno-hw-div -mhw-mul -mno-hw-mulx -mgpopt=global  -o obj/default/hello_world.o hello_world.c
Info: Linking cs303.elf
nios2-elf-g++  -T'../cs303_bsp//linker.x' -msys-crt0='../cs303_bsp//obj/HAL/src/crt0.o' -msys-lib=hal_bsp -L../cs303_bsp/   -Wl,-Map=cs303.map   -O0 -g -Wall   -mno-hw-div -mhw-mul -mno-hw-mulx -mgpopt=global  -o cs303.elf obj/default/hello_world.o obj/default/pacemaker.o -lm -msys-lib=m
nios2-elf-insert cs303.elf --thread_model hal --cpu_name cpu --qsys true --simulation_enabled false --stderr_dev jtag_uart --stdin_dev jtag_uart --stdout_dev jtag_uart --sopc_system_name nios2_system --quartus_project_dir "H:/Documents/COMPSYS303/Uma/Project/DE2-115/DE2-115" --sopcinfo H:/Documents/COMPSYS303/Uma/Project/DE2-115/DE2-115/software/cs303_bsp/../../nios2_system.sopcinfo
Info: (cs303.elf) 61 KBytes program size (code + initialized data).
Info:             8123 KBytes free for stack + heap.
Info: Creating cs303.objdump
nios2-elf-objdump --disassemble --syms --all-header --source cs303.elf >cs303.objdump
[cs303 build complete]
15:53:39 **** Incremental Build of configuration Nios II for project cs303 ****
make all 
Info: Building ../cs303_bsp/
C:/intelFPGA/18.1/nios2eds/bin/gnu/H-x86_64-mingw32/bin/make --no-print-directory -C ../cs303_bsp/
[BSP build complete]
Info: Compiling hello_world.c to obj/default/hello_world.o
nios2-elf-gcc -xc -MP -MMD -c -I../cs303_bsp//HAL/inc -I../cs303_bsp/ -I../cs303_bsp//drivers/inc  -pipe -D__hal__ -DALT_NO_INSTRUCTION_EMULATION -DALT_SINGLE_THREADED    -O0 -g -Wall   -mno-hw-div -mhw-mul -mno-hw-mulx -mgpopt=global  -o obj/default/hello_world.o hello_world.c
Info: Linking cs303.elf
nios2-elf-g++  -T'../cs303_bsp//linker.x' -msys-crt0='../cs303_bsp//obj/HAL/src/crt0.o' -msys-lib=hal_bsp -L../cs303_bsp/   -Wl,-Map=cs303.map   -O0 -g -Wall   -mno-hw-div -mhw-mul -mno-hw-mulx -mgpopt=global  -o cs303.elf obj/default/hello_world.o obj/default/pacemaker.o -lm -msys-lib=m
nios2-elf-insert cs303.elf --thread_model hal --cpu_name cpu --qsys true --simulation_enabled false --stderr_dev jtag_uart --stdin_dev jtag_uart --stdout_dev jtag_uart --sopc_system_name nios2_system --quartus_project_dir "H:/Documents/COMPSYS303/Uma/Project/DE2-115/DE2-115" --sopcinfo H:/Documents/COMPSYS303/Uma/Project/DE2-115/DE2-115/software/cs303_bsp/../../nios2_system.sopcinfo
Info: (cs303.elf) 61 KBytes program size (code + initialized data).
Info:             8123 KBytes free for stack + heap.
Info: Creating cs303.objdump
nios2-elf-objdump --disassemble --syms --all-header --source cs303.elf >cs303.objdump
[cs303 build complete]
15:54:46 **** Incremental Build of configuration Nios II for project cs303 ****
make all 
Info: Building ../cs303_bsp/
C:/intelFPGA/18.1/nios2eds/bin/gnu/H-x86_64-mingw32/bin/make --no-print-directory -C ../cs303_bsp/
[BSP build complete]
Info: Compiling hello_world.c to obj/default/hello_world.o
nios2-elf-gcc -xc -MP -MMD -c -I../cs303_bsp//HAL/inc -I../cs303_bsp/ -I../cs303_bsp//drivers/inc  -pipe -D__hal__ -DALT_NO_INSTRUCTION_EMULATION -DALT_SINGLE_THREADED    -O0 -g -Wall   -mno-hw-div -mhw-mul -mno-hw-mulx -mgpopt=global  -o obj/default/hello_world.o hello_world.c
Info: Linking cs303.elf
nios2-elf-g++  -T'../cs303_bsp//linker.x' -msys-crt0='../cs303_bsp//obj/HAL/src/crt0.o' -msys-lib=hal_bsp -L../cs303_bsp/   -Wl,-Map=cs303.map   -O0 -g -Wall   -mno-hw-div -mhw-mul -mno-hw-mulx -mgpopt=global  -o cs303.elf obj/default/hello_world.o obj/default/pacemaker.o -lm -msys-lib=m
nios2-elf-insert cs303.elf --thread_model hal --cpu_name cpu --qsys true --simulation_enabled false --stderr_dev jtag_uart --stdin_dev jtag_uart --stdout_dev jtag_uart --sopc_system_name nios2_system --quartus_project_dir "H:/Documents/COMPSYS303/Uma/Project/DE2-115/DE2-115" --sopcinfo H:/Documents/COMPSYS303/Uma/Project/DE2-115/DE2-115/software/cs303_bsp/../../nios2_system.sopcinfo
Info: (cs303.elf) 61 KBytes program size (code + initialized data).
Info:             8123 KBytes free for stack + heap.
Info: Creating cs303.objdump
nios2-elf-objdump --disassemble --syms --all-header --source cs303.elf >cs303.objdump
[cs303 build complete]
15:55:18 **** Incremental Build of configuration Nios II for project cs303 ****
make all 
Info: Building ../cs303_bsp/
C:/intelFPGA/18.1/nios2eds/bin/gnu/H-x86_64-mingw32/bin/make --no-print-directory -C ../cs303_bsp/
[BSP build complete]
Info: Compiling hello_world.c to obj/default/hello_world.o
nios2-elf-gcc -xc -MP -MMD -c -I../cs303_bsp//HAL/inc -I../cs303_bsp/ -I../cs303_bsp//drivers/inc  -pipe -D__hal__ -DALT_NO_INSTRUCTION_EMULATION -DALT_SINGLE_THREADED    -O0 -g -Wall   -mno-hw-div -mhw-mul -mno-hw-mulx -mgpopt=global  -o obj/default/hello_world.o hello_world.c
Info: Linking cs303.elf
nios2-elf-g++  -T'../cs303_bsp//linker.x' -msys-crt0='../cs303_bsp//obj/HAL/src/crt0.o' -msys-lib=hal_bsp -L../cs303_bsp/   -Wl,-Map=cs303.map   -O0 -g -Wall   -mno-hw-div -mhw-mul -mno-hw-mulx -mgpopt=global  -o cs303.elf obj/default/hello_world.o obj/default/pacemaker.o -lm -msys-lib=m
nios2-elf-insert cs303.elf --thread_model hal --cpu_name cpu --qsys true --simulation_enabled false --stderr_dev jtag_uart --stdin_dev jtag_uart --stdout_dev jtag_uart --sopc_system_name nios2_system --quartus_project_dir "H:/Documents/COMPSYS303/Uma/Project/DE2-115/DE2-115" --sopcinfo H:/Documents/COMPSYS303/Uma/Project/DE2-115/DE2-115/software/cs303_bsp/../../nios2_system.sopcinfo
Info: (cs303.elf) 61 KBytes program size (code + initialized data).
Info:             8123 KBytes free for stack + heap.
Info: Creating cs303.objdump
nios2-elf-objdump --disassemble --syms --all-header --source cs303.elf >cs303.objdump
[cs303 build complete]
