15:28:16 **** Build of configuration Nios II for project project ****
make all 
Info: Building ../project_bsp/
C:/intelFPGA/18.1/nios2eds/bin/gnu/H-x86_64-mingw32/bin/make --no-print-directory -C ../project_bsp/
[BSP build complete]
Info: Compiling hello_world.c to obj/default/hello_world.o
nios2-elf-gcc -xc -MP -MMD -c -I../project_bsp//HAL/inc -I../project_bsp/ -I../project_bsp//drivers/inc  -pipe -D__hal__ -DALT_NO_INSTRUCTION_EMULATION -DALT_SINGLE_THREADED    -O0 -g -Wall   -mno-hw-div -mhw-mul -mno-hw-mulx -mgpopt=global  -o obj/default/hello_world.o hello_world.c
Info: Compiling pacemaker.c to obj/default/pacemaker.o
nios2-elf-gcc -xc -MP -MMD -c -I../project_bsp//HAL/inc -I../project_bsp/ -I../project_bsp//drivers/inc  -pipe -D__hal__ -DALT_NO_INSTRUCTION_EMULATION -DALT_SINGLE_THREADED    -O0 -g -Wall   -mno-hw-div -mhw-mul -mno-hw-mulx -mgpopt=global  -o obj/default/pacemaker.o pacemaker.c
pacemaker.c: In function 'logic':
pacemaker.c:74:23: warning: suggest parentheses around '&&' within '||' [-Wparentheses]
   d->_g140 = d->_g137 && d->_cg139 || d->_g138 && d->_cg141;
                       ^
pacemaker.c:128:20: warning: suggest parentheses around '&&' within '||' [-Wparentheses]
   d->_g12 = d->_g7 && d->_cg8 || d->_g14 && d->_cg12;
                    ^
pacemaker.c:129:31: warning: suggest parentheses around '&&' within '||' [-Wparentheses]
   d->_g8 = d->_g5 || d->_g149 && !d->_cg20;
                               ^
pacemaker.c:138:30: warning: suggest parentheses around '&&' within '||' [-Wparentheses]
   d->_g9 = d->_GO || d->_g21 && d->_cg22 || d->_g18 || d->_g4 && !d->_cg4;
                              ^
pacemaker.c:138:63: warning: suggest parentheses around '&&' within '||' [-Wparentheses]
   d->_g9 = d->_GO || d->_g21 && d->_cg22 || d->_g18 || d->_g4 && !d->_cg4;
                                                               ^
pacemaker.c:166:21: warning: suggest parentheses around '&&' within '||' [-Wparentheses]
   d->_g36 = d->_g39 && d->_cg35 || d->_g34 && d->_cg37;
                     ^
pacemaker.c:171:34: warning: suggest parentheses around '&&' within '||' [-Wparentheses]
   d->_g45_e2 = d->_GO || d->_g47 && !d->_cg48 || d->_g51 || d->_g50 && !d->_cg50;
                                  ^
pacemaker.c:171:69: warning: suggest parentheses around '&&' within '||' [-Wparentheses]
   d->_g45_e2 = d->_GO || d->_g47 && !d->_cg48 || d->_g51 || d->_g50 && !d->_cg50;
                                                                     ^
pacemaker.c:191:21: warning: suggest parentheses around '&&' within '||' [-Wparentheses]
   d->_g50 = d->_g51 && !d->_cg31 || d->_g39 && !d->_cg35;
                     ^
pacemaker.c:194:21: warning: suggest parentheses around '&&' within '||' [-Wparentheses]
   d->_g48 = d->_g34 && !d->_cg37 || d->_g27 && !d->_cg40;
                     ^
pacemaker.c:195:32: warning: suggest parentheses around '&&' within '||' [-Wparentheses]
   d->_g49 = d->_g36 || d->_g46 && !d->_cg46;
                                ^
pacemaker.c:219:21: warning: suggest parentheses around '&&' within '||' [-Wparentheses]
   d->_g64 = d->_g61 && d->_cg63 || d->_g62 && d->_cg65;
                     ^
pacemaker.c:224:34: warning: suggest parentheses around '&&' within '||' [-Wparentheses]
   d->_g64_e1 = d->_GO || d->_g72 && !d->_cg76 || d->_g55 && !d->_cg55;
                                  ^
pacemaker.c:224:58: warning: suggest parentheses around '&&' within '||' [-Wparentheses]
   d->_g64_e1 = d->_GO || d->_g72 && !d->_cg76 || d->_g55 && !d->_cg55;
                                                          ^
pacemaker.c:240:24: warning: suggest parentheses around '&&' within '||' [-Wparentheses]
   d->_g55 = d->_g73_e2 && !d->_cg59 || d->_g61 && !d->_cg63;
                        ^
pacemaker.c:243:21: warning: suggest parentheses around '&&' within '||' [-Wparentheses]
   d->_g77 = d->_g62 && !d->_cg65 || d->_g76 && !d->_cg68;
                     ^
pacemaker.c:244:32: warning: suggest parentheses around '&&' within '||' [-Wparentheses]
   d->_g56 = d->_g64 || d->_g46 && !d->_cg74;
                                ^
pacemaker.c:283:21: warning: suggest parentheses around '&&' within '||' [-Wparentheses]
   d->_g89 = d->_g84 && d->_cg85 || d->_g88 && d->_cg89;
                     ^
pacemaker.c:284:32: warning: suggest parentheses around '&&' within '||' [-Wparentheses]
   d->_g85 = d->_g94 || d->_g65 && !d->_cg97;
                                ^
pacemaker.c:293:31: warning: suggest parentheses around '&&' within '||' [-Wparentheses]
   d->_g96 = d->_GO || d->_g95 && d->_cg99 || d->_g98 || d->_g57 && !d->_cg81;
                               ^
pacemaker.c:293:65: warning: suggest parentheses around '&&' within '||' [-Wparentheses]
   d->_g96 = d->_GO || d->_g95 && d->_cg99 || d->_g98 || d->_g57 && !d->_cg81;
                                                                 ^
pacemaker.c:322:23: warning: suggest parentheses around '&&' within '||' [-Wparentheses]
   d->_g113 = d->_g110 && d->_cg112 || d->_g111 && d->_cg114;
                       ^
pacemaker.c:333:48: warning: suggest parentheses around '&&' within '||' [-Wparentheses]
   d->_g122 = d->_GO || d->_g113 || d->_g113_e1 && !d->_cg104;
                                                ^
pacemaker.c:353:23: warning: suggest parentheses around '&&' within '||' [-Wparentheses]
   d->_g105 = d->_g125 && !d->_cg108 || d->_g110 && !d->_cg112;
                       ^
pacemaker.c:356:23: warning: suggest parentheses around '&&' within '||' [-Wparentheses]
   d->_g112 = d->_g111 && !d->_cg114 || d->_g126 && !d->_cg117;
                       ^
pacemaker.c:357:35: warning: suggest parentheses around '&&' within '||' [-Wparentheses]
   d->_g108 = d->_g104 || d->_g123 && !d->_cg123;
                                   ^
pacemaker.c:358:48: warning: suggest parentheses around '&&' within '||' [-Wparentheses]
   d->_g117 = d->_GO || d->_g149_e2 || d->_g131 && !d->_cg131;
                                                ^
pacemaker.c:374:23: warning: suggest parentheses around '&&' within '||' [-Wparentheses]
   d->_g131 = d->_g106 && !d->_cg135 || d->_g137 && !d->_cg139;
                       ^
pacemaker.c:377:23: warning: suggest parentheses around '&&' within '||' [-Wparentheses]
   d->_g152 = d->_g138 && !d->_cg141 || d->_g154 && !d->_cg144;
                       ^
pacemaker.c:378:35: warning: suggest parentheses around '&&' within '||' [-Wparentheses]
   d->_g153 = d->_g123 || d->_g150 && !d->_cg150;
                                   ^
Info: Linking project.elf
nios2-elf-g++  -T'../project_bsp//linker.x' -msys-crt0='../project_bsp//obj/HAL/src/crt0.o' -msys-lib=hal_bsp -L../project_bsp/   -Wl,-Map=project.map   -O0 -g -Wall   -mno-hw-div -mhw-mul -mno-hw-mulx -mgpopt=global  -o project.elf obj/default/hello_world.o obj/default/pacemaker.o -lm -msys-lib=m
nios2-elf-insert project.elf --thread_model hal --cpu_name cpu --qsys true --simulation_enabled false --stderr_dev jtag_uart --stdin_dev jtag_uart --stdout_dev jtag_uart --sopc_system_name nios2_system --quartus_project_dir "H:/Documents/COMPSYS303/Uma/Project/DE2-115/DE2-115" --sopcinfo H:/Documents/COMPSYS303/Uma/Project/DE2-115/DE2-115/software/project_bsp/../../nios2_system.sopcinfo
Info: (project.elf) 95 KBytes program size (code + initialized data).
Info:               8089 KBytes free for stack + heap.
Info: Creating project.objdump
nios2-elf-objdump --disassemble --syms --all-header --source project.elf >project.objdump
[project build complete]

15:28:21 Build Finished (took 5s.664ms)

