03:10:56 **** Build of configuration Nios II for project hello_lab1 ****
make all 
Info: Building ../hello_lab1_bsp/
C:/intelFPGA_lite/18.1/nios2eds/bin/gnu/H-x86_64-mingw32/bin/make --no-print-directory -C ../hello_lab1_bsp/
[BSP build complete]
Info: Compiling hello_world.c to obj/default/hello_world.o
nios2-elf-gcc -xc -MP -MMD -c -I../hello_lab1_bsp//HAL/inc -I../hello_lab1_bsp/ -I../hello_lab1_bsp//drivers/inc  -pipe -D__hal__ -DALT_NO_INSTRUCTION_EMULATION -DALT_SINGLE_THREADED    -O0 -g -Wall   -mno-hw-div -mhw-mul -mno-hw-mulx -mgpopt=global  -o obj/default/hello_world.o hello_world.c
Info: Linking hello_lab1.elf
nios2-elf-g++  -T'../hello_lab1_bsp//linker.x' -msys-crt0='../hello_lab1_bsp//obj/HAL/src/crt0.o' -msys-lib=hal_bsp -L../hello_lab1_bsp/   -Wl,-Map=hello_lab1.map   -O0 -g -Wall   -mno-hw-div -mhw-mul -mno-hw-mulx -mgpopt=global  -o hello_lab1.elf obj/default/hello_world.o -lm -msys-lib=m
nios2-elf-insert hello_lab1.elf --thread_model hal --cpu_name cpu --qsys true --simulation_enabled false --stderr_dev jtag_uart --stdin_dev jtag_uart --stdout_dev jtag_uart --sopc_system_name nios2_system --quartus_project_dir "C:/Users/umasu/Quartus/Lab01" --jdi ..//output_files/lab1.jdi --sopcinfo C:/Users/umasu/Quartus/Lab01/hello_lab1_bsp/../nios2_system.sopcinfo
Info: (hello_lab1.elf) 36 KBytes program size (code + initialized data).
Info:                  8148 KBytes free for stack + heap.
Info: Creating hello_lab1.objdump
nios2-elf-objdump --disassemble --syms --all-header --source hello_lab1.elf >hello_lab1.objdump
[hello_lab1 build complete]
03:11:19 **** Build of configuration Nios II for project hello_lab1 ****
make all 
Info: Building ../hello_lab1_bsp/
C:/intelFPGA_lite/18.1/nios2eds/bin/gnu/H-x86_64-mingw32/bin/make --no-print-directory -C ../hello_lab1_bsp/
[BSP build complete]
[hello_lab1 build complete]
02:19:45 **** Clean-only build of configuration Nios II for project la_bsp ****
make clean 
[BSP clean complete]
02:19:48 **** Clean-only build of configuration Nios II for project la ****
make clean 
[la clean complete]
