#***************************************************************************

#sjplacer

#Version:            1.1

#Build Date:         Dec  5 2017 15:35:27

#File Generated:     Oct 13 2023 19:21:24

#Purpose:            

#Copyright (C) 2010-2011 by Softjin Technologies Pvt Ltd. All rights reserved.

#***************************************************************************

Executing : C:\Program Files (x86)\Cypress\PSoC Creator\4.2\PSoC Creator\bin/sjplacer.exe --proj-name Additional_HD --netlist-vh2 Additional_HD_p.vh2 --arch p35_udb4x6 --arch-file C:\Program Files (x86)\Cypress\PSoC Creator\4.2\PSoC Creator\dev\arch/udbdsi_4x6_24.cydata --ip-file C:\Program Files (x86)\Cypress\PSoC Creator\4.2\PSoC Creator\dev\psoc5/psoc5lp/ip_blocks.cydata --rrg-file C:\Program Files (x86)\Cypress\PSoC Creator\4.2\PSoC Creator\dev\psoc5/psoc5lp/route_arch-rrg.cydata --irq-file C:\Program Files (x86)\Cypress\PSoC Creator\4.2\PSoC Creator\dev\psoc5/psoc5lp/irqconn.cydata --drq-file C:\Program Files (x86)\Cypress\PSoC Creator\4.2\PSoC Creator\dev\psoc5/psoc5lp/dmaconn.cydata --dsi-conn-file C:\Program Files (x86)\Cypress\PSoC Creator\4.2\PSoC Creator\dev\psoc5/psoc5lp/dsiconn.cydata --pins-file pins_68-QFN.xml --lib-file Additional_HD_p.lib --sdc-file Additional_HD.sdc --io-pcf Additional_HD.pci --outdir .

		Softjin Techologies Placer, Version 1.1

Build Date : Dec  5 2017	15:33:41

D2004: Option and Settings Summary
=============================================================
Netlist vh2 file          - Additional_HD_p.vh2
Architecture file         - C:\Program Files (x86)\Cypress\PSoC Creator\4.2\PSoC Creator\dev\arch/udbdsi_4x6_24.cydata
Package                   - 
Defparam file             - 
SDC file                  - Additional_HD.sdc
Output directory          - .
Timing library            - Additional_HD_p.lib
IO Placement file         - Additional_HD.pci

D2050: Starting reading inputs for placer
=============================================================
D2065: Reading netlist file : "Additional_HD_p.vh2"
D2065: Reading arch file : "C:\Program Files (x86)\Cypress\PSoC Creator\4.2\PSoC Creator\dev\arch/udbdsi_4x6_24.cydata"
D2051: Reading of inputs for placer completed successfully

D2053: Starting placement of the design
=============================================================

Phase 2
Phase 3

Design Statistics after Packing
    Number of Combinational MCs 	:	21
    Number of Sequential MCs    	:	42
    Number of DPs               	:	8
    Number of Controls          	:	5
    Number of Status            	:	4
    Number of SyncCells         	:	8
    Number of count7cells       	:	0

Device Utilization Summary after Packing
    Macrocells                  :	63/192
    UDBS                        :	12/24
    IOs                         :	25/72


D2088: Phase 3, elapsed time : 0.0 (sec)

Phase 4
D2088: Phase 4, elapsed time : 0.0 (sec)

Phase 5
D2088: Phase 5, elapsed time : 0.0 (sec)

Phase 6

######################################################################
Placement Timing Summary

The timing summary is based on estimated routing delays after
placement. For final timing report, please carry out the timing
analysis after routing.
======================================================================

######################################################################
                     Clock Summary 
======================================================================
Number of clocks: 12
Clock: Clock_PWM            | Frequency: N/A       | Target:   1.0 MHz
Clock: Clock_PWM(fixed-function) | Frequency: N/A       | Target:   1.0 MHz
Clock: Clock_QENC           | Frequency:  42.6 MHz | Target:  12.0 MHz
Clock: CyBUS_CLK            | Frequency:  72.8 MHz | Target:  48.0 MHz
Clock: CyILO                | Frequency: N/A       | Target:   0.1 MHz
Clock: CyIMO                | Frequency: N/A       | Target:  24.0 MHz
Clock: CyMASTER_CLK         | Frequency: N/A       | Target:  48.0 MHz
Clock: CyPLL_OUT            | Frequency: N/A       | Target:  48.0 MHz
Clock: comp_clk             | Frequency: N/A       | Target:   1.0 MHz
Clock: comp_clk(fixed-function) | Frequency: N/A       | Target:   1.0 MHz
Clock: timer_clock_1        | Frequency: N/A       | Target:   1.0 MHz
Clock: timer_clock_1(fixed-function) | Frequency: N/A       | Target:   1.0 MHz

======================================================================
                     End of Clock Summary
######################################################################

D2088: Phase 6, elapsed time : 0.0 (sec)

Phase 7
######################################################################
                     Clock Summary 
======================================================================
Number of clocks: 12
Clock: Clock_PWM            | Frequency: N/A       | Target:   1.0 MHz
Clock: Clock_PWM(fixed-function) | Frequency: N/A       | Target:   1.0 MHz
Clock: Clock_QENC           | Frequency:  39.6 MHz | Target:  12.0 MHz
Clock: CyBUS_CLK            | Frequency:  82.7 MHz | Target:  48.0 MHz
Clock: CyILO                | Frequency: N/A       | Target:   0.1 MHz
Clock: CyIMO                | Frequency: N/A       | Target:  24.0 MHz
Clock: CyMASTER_CLK         | Frequency: N/A       | Target:  48.0 MHz
Clock: CyPLL_OUT            | Frequency: N/A       | Target:  48.0 MHz
Clock: comp_clk             | Frequency: N/A       | Target:   1.0 MHz
Clock: comp_clk(fixed-function) | Frequency: N/A       | Target:   1.0 MHz
Clock: timer_clock_1        | Frequency: N/A       | Target:   1.0 MHz
Clock: timer_clock_1(fixed-function) | Frequency: N/A       | Target:   1.0 MHz

======================================================================
                     End of Clock Summary
######################################################################
D2088: Phase 7, elapsed time : 0.4 (sec)

Final Design Statistics
    Number of Combinational MCs 	:	21
    Number of Sequential MCs    	:	42
    Number of DPs               	:	8
    Number of Controls          	:	5
    Number of Status            	:	4
    Number of SyncCells         	:	8
    Number of count7cells       	:	0
    Number of IOs       	:	25

Device Utilization Summary
    Macrocells                  :	63/192
    IOs                         :	25/72



######################################################################
Placement Timing Summary

The timing summary is based on estimated routing delays after
placement. For final timing report, please carry out the timing
analysis after routing.
======================================================================


######################################################################
                     Clock Summary 
======================================================================
Number of clocks: 12
Clock: Clock_PWM            | Frequency: N/A       | Target:   1.0 MHz
Clock: Clock_PWM(fixed-function) | Frequency: N/A       | Target:   1.0 MHz
Clock: Clock_QENC           | Frequency:  14.2 MHz | Target:  13.2 MHz
Clock: CyBUS_CLK            | Frequency:  14.2 MHz | Target:  52.6 MHz
Clock: CyILO                | Frequency: N/A       | Target:   0.1 MHz
Clock: CyIMO                | Frequency: N/A       | Target:  24.0 MHz
Clock: CyMASTER_CLK         | Frequency: N/A       | Target:  48.0 MHz
Clock: CyPLL_OUT            | Frequency: N/A       | Target:  48.0 MHz
Clock: comp_clk             | Frequency: N/A       | Target:   1.0 MHz
Clock: comp_clk(fixed-function) | Frequency: N/A       | Target:   1.0 MHz
Clock: timer_clock_1        | Frequency: N/A       | Target:   1.0 MHz
Clock: timer_clock_1(fixed-function) | Frequency: N/A       | Target:   1.0 MHz

======================================================================
                     End of Clock Summary
######################################################################

Phase 8
D2088: Phase 8, elapsed time : 0.0 (sec)

D2054: Placement of the design completed successfully

I2076: Total run-time: 1.1 sec.

