14:13:47 **** Incremental Build of configuration Nios II for project Lab02Excer ****
make all 
Info: Building ../Lab02Excer_bsp/
C:/intelFPGA/18.1/nios2eds/bin/gnu/H-x86_64-mingw32/bin/make --no-print-directory -C ../Lab02Excer_bsp/
[BSP build complete]
Info: Compiling hello_world.c to obj/default/hello_world.o
nios2-elf-gcc -xc -MP -MMD -c -I../Lab02Excer_bsp//HAL/inc -I../Lab02Excer_bsp/ -I../Lab02Excer_bsp//drivers/inc  -pipe -D__hal__ -DALT_NO_INSTRUCTION_EMULATION -DALT_SINGLE_THREADED    -O0 -g -Wall   -mno-hw-div -mhw-mul -mno-hw-mulx -mgpopt=global  -o obj/default/hello_world.o hello_world.c
hello_world.c:17:10: error: #include expects "FILENAME" or <FILENAME>
 #include &lt;system.h&gt;
          ^
hello_world.c:18:10: error: #include expects "FILENAME" or <FILENAME>
 #include &lt;altera_avalon_pio_regs.h&gt;
          ^
hello_world.c:19:10: error: #include expects "FILENAME" or <FILENAME>
 #include &lt;alt_types.h&gt;
          ^
hello_world.c:20:10: error: #include expects "FILENAME" or <FILENAME>
 #include &lt;sys/alt_irq.h&gt;
          ^
hello_world.c:21:10: error: #include expects "FILENAME" or <FILENAME>
 #include &lt;unistd.h&gt;
          ^
hello_world.c:22:10: error: #include expects "FILENAME" or <FILENAME>
 #include &lt;stdio.h&gt;
          ^
hello_world.c:33:1: error: unknown type name 'alt_u32'
 alt_u32 timer_isr_function(void* context) {
 ^
hello_world.c: In function 'timer_isr_function':
hello_world.c:39:2: warning: implicit declaration of function 'printf' [-Wimplicit-function-declaration]
  printf("Counter: %i\n",counter);
  ^
hello_world.c:39:2: warning: incompatible implicit declaration of built-in function 'printf'
hello_world.c:39:2: note: include '<stdio.h>' or provide a declaration of 'printf'
hello_world.c:34:7: warning: unused variable 'timeCount' [-Wunused-variable]
  int* timeCount = (int*) context;
       ^
hello_world.c: At top level:
hello_world.c:46:43: error: unknown type name 'alt_u32'
 void key_button_interrupts(void* context, alt_u32 id) {
                                           ^
hello_world.c: In function 'main':
hello_world.c:68:2: error: unknown type name 'alt_alarm'
  alt_alarm timer;
  ^
hello_world.c:70:32: error: 'amp' undeclared (first use in this function)
  void* timerContext = (void*) &amp;timeCountMain;
                                ^
hello_world.c:70:32: note: each undeclared identifier is reported only once for each function it appears in
hello_world.c:70:36: warning: statement with no effect [-Wunused-value]
  void* timerContext = (void*) &amp;timeCountMain;
                                    ^
hello_world.c:72:2: warning: implicit declaration of function 'alt_alarm_start' [-Wimplicit-function-declaration]
  alt_alarm_start(&timer, 500, timer_isr_function, timerContext);
  ^
hello_world.c:75:50: warning: statement with no effect [-Wunused-value]
  void* context_going_to_be_passed = (void*) &amp;counterValue;
                                                  ^
hello_world.c:77:2: warning: implicit declaration of function 'IOWR_ALTERA_AVALON_PIO_EDGE_CAP' [-Wimplicit-function-declaration]
  IOWR_ALTERA_AVALON_PIO_EDGE_CAP(KEYS_BASE, 0);
  ^
hello_world.c:77:34: error: 'KEYS_BASE' undeclared (first use in this function)
  IOWR_ALTERA_AVALON_PIO_EDGE_CAP(KEYS_BASE, 0);
                                  ^
hello_world.c:78:2: warning: implicit declaration of function 'IOWR_ALTERA_AVALON_PIO_IRQ_MASK' [-Wimplicit-function-declaration]
  IOWR_ALTERA_AVALON_PIO_IRQ_MASK(KEYS_BASE, 0x3);
  ^
hello_world.c:80:2: warning: implicit declaration of function 'alt_irq_register' [-Wimplicit-function-declaration]
  alt_irq_register(KEYS_IRQ, context_going_to_be_passed, key_button_interrupts);
  ^
hello_world.c:80:19: error: 'KEYS_IRQ' undeclared (first use in this function)
  alt_irq_register(KEYS_IRQ, context_going_to_be_passed, key_button_interrupts);
                   ^
hello_world.c:80:57: error: 'key_button_interrupts' undeclared (first use in this function)
  alt_irq_register(KEYS_IRQ, context_going_to_be_passed, key_button_interrupts);
                                                         ^
make: *** [obj/default/hello_world.o] Error 1
14:13:55 **** Incremental Build of configuration Nios II for project Lab02Excer ****
make all 
Info: Building ../Lab02Excer_bsp/
C:/intelFPGA/18.1/nios2eds/bin/gnu/H-x86_64-mingw32/bin/make --no-print-directory -C ../Lab02Excer_bsp/
[BSP build complete]
Info: Compiling hello_world.c to obj/default/hello_world.o
nios2-elf-gcc -xc -MP -MMD -c -I../Lab02Excer_bsp//HAL/inc -I../Lab02Excer_bsp/ -I../Lab02Excer_bsp//drivers/inc  -pipe -D__hal__ -DALT_NO_INSTRUCTION_EMULATION -DALT_SINGLE_THREADED    -O0 -g -Wall   -mno-hw-div -mhw-mul -mno-hw-mulx -mgpopt=global  -o obj/default/hello_world.o hello_world.c
hello_world.c:17:10: error: #include expects "FILENAME" or <FILENAME>
 #include &lt;system.h&gt;
          ^
hello_world.c:18:10: error: #include expects "FILENAME" or <FILENAME>
 #include &lt;altera_avalon_pio_regs.h&gt;
          ^
hello_world.c:19:10: error: #include expects "FILENAME" or <FILENAME>
 #include &lt;alt_types.h&gt;
          ^
hello_world.c:20:10: error: #include expects "FILENAME" or <FILENAME>
 #include &lt;sys/alt_irq.h&gt;
          ^
hello_world.c:21:10: error: #include expects "FILENAME" or <FILENAME>
 #include &lt;unistd.h&gt;
          ^
hello_world.c:22:10: error: #include expects "FILENAME" or <FILENAME>
 #include &lt;stdio.h&gt;
          ^
hello_world.c:33:1: error: unknown type name 'alt_u32'
 alt_u32 timer_isr_function(void* context) {
 ^
hello_world.c: In function 'timer_isr_function':
hello_world.c:39:2: warning: implicit declaration of function 'printf' [-Wimplicit-function-declaration]
  printf("Counter: %i\n",counter);
  ^
hello_world.c:39:2: warning: incompatible implicit declaration of built-in function 'printf'
hello_world.c:39:2: note: include '<stdio.h>' or provide a declaration of 'printf'
hello_world.c:34:7: warning: unused variable 'timeCount' [-Wunused-variable]
  int* timeCount = (int*) context;
       ^
hello_world.c: At top level:
hello_world.c:46:43: error: unknown type name 'alt_u32'
 void key_button_interrupts(void* context, alt_u32 id) {
                                           ^
hello_world.c: In function 'main':
hello_world.c:68:2: error: unknown type name 'alt_alarm'
  alt_alarm timer;
  ^
hello_world.c:70:32: error: 'amp' undeclared (first use in this function)
  void* timerContext = (void*) &amp;timeCountMain;
                                ^
hello_world.c:70:32: note: each undeclared identifier is reported only once for each function it appears in
hello_world.c:70:36: warning: statement with no effect [-Wunused-value]
  void* timerContext = (void*) &amp;timeCountMain;
                                    ^
hello_world.c:72:2: warning: implicit declaration of function 'alt_alarm_start' [-Wimplicit-function-declaration]
  alt_alarm_start(&timer, 500, timer_isr_function, timerContext);
  ^
hello_world.c:75:50: warning: statement with no effect [-Wunused-value]
  void* context_going_to_be_passed = (void*) &amp;counterValue;
                                                  ^
hello_world.c:77:2: warning: implicit declaration of function 'IOWR_ALTERA_AVALON_PIO_EDGE_CAP' [-Wimplicit-function-declaration]
  IOWR_ALTERA_AVALON_PIO_EDGE_CAP(KEYS_BASE, 0);
  ^
hello_world.c:77:34: error: 'KEYS_BASE' undeclared (first use in this function)
  IOWR_ALTERA_AVALON_PIO_EDGE_CAP(KEYS_BASE, 0);
                                  ^
hello_world.c:78:2: warning: implicit declaration of function 'IOWR_ALTERA_AVALON_PIO_IRQ_MASK' [-Wimplicit-function-declaration]
  IOWR_ALTERA_AVALON_PIO_IRQ_MASK(KEYS_BASE, 0x3);
  ^
hello_world.c:80:2: warning: implicit declaration of function 'alt_irq_register' [-Wimplicit-function-declaration]
  alt_irq_register(KEYS_IRQ, context_going_to_be_passed, key_button_interrupts);
  ^
hello_world.c:80:19: error: 'KEYS_IRQ' undeclared (first use in this function)
  alt_irq_register(KEYS_IRQ, context_going_to_be_passed, key_button_interrupts);
                   ^
hello_world.c:80:57: error: 'key_button_interrupts' undeclared (first use in this function)
  alt_irq_register(KEYS_IRQ, context_going_to_be_passed, key_button_interrupts);
                                                         ^
make: *** [obj/default/hello_world.o] Error 1
14:13:56 **** Incremental Build of configuration Nios II for project Lab02Excer_bsp ****
make all 
[BSP build complete]
14:14:43 **** Build of configuration Nios II for project Lab02Excer ****
make all 
Info: Building ../Lab02Excer_bsp/
C:/intelFPGA/18.1/nios2eds/bin/gnu/H-x86_64-mingw32/bin/make --no-print-directory -C ../Lab02Excer_bsp/
[BSP build complete]
Info: Compiling hello_world.c to obj/default/hello_world.o
nios2-elf-gcc -xc -MP -MMD -c -I../Lab02Excer_bsp//HAL/inc -I../Lab02Excer_bsp/ -I../Lab02Excer_bsp//drivers/inc  -pipe -D__hal__ -DALT_NO_INSTRUCTION_EMULATION -DALT_SINGLE_THREADED    -O0 -g -Wall   -mno-hw-div -mhw-mul -mno-hw-mulx -mgpopt=global  -o obj/default/hello_world.o hello_world.c
hello_world.c:17:10: error: #include expects "FILENAME" or <FILENAME>
 #include &lt;system.h&gt;
          ^
hello_world.c:18:10: error: #include expects "FILENAME" or <FILENAME>
 #include &lt;altera_avalon_pio_regs.h&gt;
          ^
hello_world.c:19:10: error: #include expects "FILENAME" or <FILENAME>
 #include &lt;alt_types.h&gt;
          ^
hello_world.c:20:10: error: #include expects "FILENAME" or <FILENAME>
 #include &lt;sys/alt_irq.h&gt;
          ^
hello_world.c:21:10: error: #include expects "FILENAME" or <FILENAME>
 #include &lt;unistd.h&gt;
          ^
hello_world.c:22:10: error: #include expects "FILENAME" or <FILENAME>
 #include &lt;stdio.h&gt;
          ^
hello_world.c:33:1: error: unknown type name 'alt_u32'
 alt_u32 timer_isr_function(void* context) {
 ^
hello_world.c: In function 'timer_isr_function':
hello_world.c:39:2: warning: implicit declaration of function 'printf' [-Wimplicit-function-declaration]
  printf("Counter: %i\n",counter);
  ^
hello_world.c:39:2: warning: incompatible implicit declaration of built-in function 'printf'
hello_world.c:39:2: note: include '<stdio.h>' or provide a declaration of 'printf'
hello_world.c:34:7: warning: unused variable 'timeCount' [-Wunused-variable]
  int* timeCount = (int*) context;
       ^
hello_world.c: At top level:
hello_world.c:46:43: error: unknown type name 'alt_u32'
 void key_button_interrupts(void* context, alt_u32 id) {
                                           ^
hello_world.c: In function 'main':
hello_world.c:68:2: error: unknown type name 'alt_alarm'
  alt_alarm timer;
  ^
hello_world.c:70:32: error: 'amp' undeclared (first use in this function)
  void* timerContext = (void*) &amp;timeCountMain;
                                ^
hello_world.c:70:32: note: each undeclared identifier is reported only once for each function it appears in
hello_world.c:70:36: warning: statement with no effect [-Wunused-value]
  void* timerContext = (void*) &amp;timeCountMain;
                                    ^
hello_world.c:72:2: warning: implicit declaration of function 'alt_alarm_start' [-Wimplicit-function-declaration]
  alt_alarm_start(&timer, 500, timer_isr_function, timerContext);
  ^
hello_world.c:75:50: warning: statement with no effect [-Wunused-value]
  void* context_going_to_be_passed = (void*) &amp;counterValue;
                                                  ^
hello_world.c:77:2: warning: implicit declaration of function 'IOWR_ALTERA_AVALON_PIO_EDGE_CAP' [-Wimplicit-function-declaration]
  IOWR_ALTERA_AVALON_PIO_EDGE_CAP(KEYS_BASE, 0);
  ^
hello_world.c:77:34: error: 'KEYS_BASE' undeclared (first use in this function)
  IOWR_ALTERA_AVALON_PIO_EDGE_CAP(KEYS_BASE, 0);
                                  ^
hello_world.c:78:2: warning: implicit declaration of function 'IOWR_ALTERA_AVALON_PIO_IRQ_MASK' [-Wimplicit-function-declaration]
  IOWR_ALTERA_AVALON_PIO_IRQ_MASK(KEYS_BASE, 0x3);
  ^
hello_world.c:80:2: warning: implicit declaration of function 'alt_irq_register' [-Wimplicit-function-declaration]
  alt_irq_register(KEYS_IRQ, context_going_to_be_passed, key_button_interrupts);
  ^
hello_world.c:80:19: error: 'KEYS_IRQ' undeclared (first use in this function)
  alt_irq_register(KEYS_IRQ, context_going_to_be_passed, key_button_interrupts);
                   ^
hello_world.c:80:57: error: 'key_button_interrupts' undeclared (first use in this function)
  alt_irq_register(KEYS_IRQ, context_going_to_be_passed, key_button_interrupts);
                                                         ^
make: *** [obj/default/hello_world.o] Error 1
14:14:49 **** Incremental Build of configuration Nios II for project Lab02Excer ****
make all 
Info: Building ../Lab02Excer_bsp/
C:/intelFPGA/18.1/nios2eds/bin/gnu/H-x86_64-mingw32/bin/make --no-print-directory -C ../Lab02Excer_bsp/
[BSP build complete]
Info: Compiling hello_world.c to obj/default/hello_world.o
nios2-elf-gcc -xc -MP -MMD -c -I../Lab02Excer_bsp//HAL/inc -I../Lab02Excer_bsp/ -I../Lab02Excer_bsp//drivers/inc  -pipe -D__hal__ -DALT_NO_INSTRUCTION_EMULATION -DALT_SINGLE_THREADED    -O0 -g -Wall   -mno-hw-div -mhw-mul -mno-hw-mulx -mgpopt=global  -o obj/default/hello_world.o hello_world.c
hello_world.c:16:20: warning: extra tokens at end of #include directive
 #include <unistd.h>;
                    ^
hello_world.c: In function 'timer_isr_function':
hello_world.c:38:7: warning: unused variable 'timeCount' [-Wunused-variable]
  int* timeCount = (int*) context;
       ^
hello_world.c: In function 'main':
hello_world.c:87:2: warning: implicit declaration of function 'alt_irq_register' [-Wimplicit-function-declaration]
  alt_irq_register(KEYS_IRQ, context_going_to_be_passed, key_button_interrupts);
  ^
Info: Linking Lab02Excer.elf
nios2-elf-g++  -T'../Lab02Excer_bsp//linker.x' -msys-crt0='../Lab02Excer_bsp//obj/HAL/src/crt0.o' -msys-lib=hal_bsp -L../Lab02Excer_bsp/   -Wl,-Map=Lab02Excer.map   -O0 -g -Wall   -mno-hw-div -mhw-mul -mno-hw-mulx -mgpopt=global  -o Lab02Excer.elf obj/default/hello_world.o -lm -msys-lib=m
nios2-elf-insert Lab02Excer.elf --thread_model hal --cpu_name cpu --qsys true --simulation_enabled false --stderr_dev jtag_uart --stdin_dev jtag_uart --stdout_dev jtag_uart --sopc_system_name nios2_system --quartus_project_dir "H:/Documents/303lab/DE2-115" --sopcinfo H:/Documents/303lab/DE2-115/software/Lab02Excer_bsp/../../nios2_system.sopcinfo
Info: (Lab02Excer.elf) 76 KBytes program size (code + initialized data).
Info:                  8108 KBytes free for stack + heap.
Info: Creating Lab02Excer.objdump
nios2-elf-objdump --disassemble --syms --all-header --source Lab02Excer.elf >Lab02Excer.objdump
[Lab02Excer build complete]
14:15:54 **** Incremental Build of configuration Nios II for project Lab02Excer ****
make all 
Info: Building ../Lab02Excer_bsp/
C:/intelFPGA/18.1/nios2eds/bin/gnu/H-x86_64-mingw32/bin/make --no-print-directory -C ../Lab02Excer_bsp/
[BSP build complete]
[Lab02Excer build complete]
14:15:56 **** Incremental Build of configuration Nios II for project Lab02Excer_bsp ****
make all 
[BSP build complete]
14:16:22 **** Build of configuration Nios II for project Lab02Excer ****
make all 
Info: Building ../Lab02Excer_bsp/
C:/intelFPGA/18.1/nios2eds/bin/gnu/H-x86_64-mingw32/bin/make --no-print-directory -C ../Lab02Excer_bsp/
[BSP build complete]
[Lab02Excer build complete]
14:16:23 **** Incremental Build of configuration Nios II for project Lab02Excer ****
make all 
Info: Building ../Lab02Excer_bsp/
C:/intelFPGA/18.1/nios2eds/bin/gnu/H-x86_64-mingw32/bin/make --no-print-directory -C ../Lab02Excer_bsp/
[BSP build complete]
[Lab02Excer build complete]
14:22:05 **** Incremental Build of configuration Nios II for project Lab02Excer ****
make all 
Info: Building ../Lab02Excer_bsp/
C:/intelFPGA/18.1/nios2eds/bin/gnu/H-x86_64-mingw32/bin/make --no-print-directory -C ../Lab02Excer_bsp/
[BSP build complete]
[Lab02Excer build complete]
14:22:06 **** Incremental Build of configuration Nios II for project Lab02Excer_bsp ****
make all 
[BSP build complete]
14:22:15 **** Build of configuration Nios II for project Lab02Excer ****
make all 
Info: Building ../Lab02Excer_bsp/
C:/intelFPGA/18.1/nios2eds/bin/gnu/H-x86_64-mingw32/bin/make --no-print-directory -C ../Lab02Excer_bsp/
[BSP build complete]
[Lab02Excer build complete]
14:22:18 **** Incremental Build of configuration Nios II for project Lab02Excer ****
make all 
Info: Building ../Lab02Excer_bsp/
C:/intelFPGA/18.1/nios2eds/bin/gnu/H-x86_64-mingw32/bin/make --no-print-directory -C ../Lab02Excer_bsp/
[BSP build complete]
Info: Compiling hello_world.c to obj/default/hello_world.o
nios2-elf-gcc -xc -MP -MMD -c -I../Lab02Excer_bsp//HAL/inc -I../Lab02Excer_bsp/ -I../Lab02Excer_bsp//drivers/inc  -pipe -D__hal__ -DALT_NO_INSTRUCTION_EMULATION -DALT_SINGLE_THREADED    -O0 -g -Wall   -mno-hw-div -mhw-mul -mno-hw-mulx -mgpopt=global  -o obj/default/hello_world.o hello_world.c
hello_world.c:16:20: warning: extra tokens at end of #include directive
 #include <unistd.h>;
                    ^
hello_world.c: In function 'timer_isr_function':
hello_world.c:38:7: warning: unused variable 'timeCount' [-Wunused-variable]
  int* timeCount = (int*) context;
       ^
hello_world.c: In function 'main':
hello_world.c:87:2: warning: implicit declaration of function 'alt_irq_register' [-Wimplicit-function-declaration]
  alt_irq_register(KEYS_IRQ, context_going_to_be_passed, key_button_interrupts);
  ^
Info: Linking Lab02Excer.elf
nios2-elf-g++  -T'../Lab02Excer_bsp//linker.x' -msys-crt0='../Lab02Excer_bsp//obj/HAL/src/crt0.o' -msys-lib=hal_bsp -L../Lab02Excer_bsp/   -Wl,-Map=Lab02Excer.map   -O0 -g -Wall   -mno-hw-div -mhw-mul -mno-hw-mulx -mgpopt=global  -o Lab02Excer.elf obj/default/hello_world.o -lm -msys-lib=m
nios2-elf-insert Lab02Excer.elf --thread_model hal --cpu_name cpu --qsys true --simulation_enabled false --stderr_dev jtag_uart --stdin_dev jtag_uart --stdout_dev jtag_uart --sopc_system_name nios2_system --quartus_project_dir "H:/Documents/303lab/DE2-115" --sopcinfo H:/Documents/303lab/DE2-115/software/Lab02Excer_bsp/../../nios2_system.sopcinfo
Info: (Lab02Excer.elf) 76 KBytes program size (code + initialized data).
Info:                  8108 KBytes free for stack + heap.
Info: Creating Lab02Excer.objdump
nios2-elf-objdump --disassemble --syms --all-header --source Lab02Excer.elf >Lab02Excer.objdump
[Lab02Excer build complete]
14:23:29 **** Incremental Build of configuration Nios II for project Lab02Excer ****
make all 
Info: Building ../Lab02Excer_bsp/
C:/intelFPGA/18.1/nios2eds/bin/gnu/H-x86_64-mingw32/bin/make --no-print-directory -C ../Lab02Excer_bsp/
[BSP build complete]
[Lab02Excer build complete]
14:23:30 **** Incremental Build of configuration Nios II for project Lab02Excer_bsp ****
make all 
[BSP build complete]
14:25:31 **** Incremental Build of configuration Nios II for project Lab02Excer ****
make all 
Info: Building ../Lab02Excer_bsp/
C:/intelFPGA/18.1/nios2eds/bin/gnu/H-x86_64-mingw32/bin/make --no-print-directory -C ../Lab02Excer_bsp/
[BSP build complete]
Info: Compiling hello_world.c to obj/default/hello_world.o
nios2-elf-gcc -xc -MP -MMD -c -I../Lab02Excer_bsp//HAL/inc -I../Lab02Excer_bsp/ -I../Lab02Excer_bsp//drivers/inc  -pipe -D__hal__ -DALT_NO_INSTRUCTION_EMULATION -DALT_SINGLE_THREADED    -O0 -g -Wall   -mno-hw-div -mhw-mul -mno-hw-mulx -mgpopt=global  -o obj/default/hello_world.o hello_world.c
hello_world.c:16:20: warning: extra tokens at end of #include directive
 #include <unistd.h>;
                    ^
hello_world.c: In function 'timer_isr_function':
hello_world.c:38:7: warning: unused variable 'timeCount' [-Wunused-variable]
  int* timeCount = (int*) context;
       ^
hello_world.c: In function 'main':
hello_world.c:87:2: warning: implicit declaration of function 'alt_irq_register' [-Wimplicit-function-declaration]
  alt_irq_register(KEYS_IRQ, context_going_to_be_passed, key_button_interrupts);
  ^
Info: Linking Lab02Excer.elf
nios2-elf-g++  -T'../Lab02Excer_bsp//linker.x' -msys-crt0='../Lab02Excer_bsp//obj/HAL/src/crt0.o' -msys-lib=hal_bsp -L../Lab02Excer_bsp/   -Wl,-Map=Lab02Excer.map   -O0 -g -Wall   -mno-hw-div -mhw-mul -mno-hw-mulx -mgpopt=global  -o Lab02Excer.elf obj/default/hello_world.o -lm -msys-lib=m
nios2-elf-insert Lab02Excer.elf --thread_model hal --cpu_name cpu --qsys true --simulation_enabled false --stderr_dev jtag_uart --stdin_dev jtag_uart --stdout_dev jtag_uart --sopc_system_name nios2_system --quartus_project_dir "H:/Documents/303lab/DE2-115" --sopcinfo H:/Documents/303lab/DE2-115/software/Lab02Excer_bsp/../../nios2_system.sopcinfo
Info: (Lab02Excer.elf) 76 KBytes program size (code + initialized data).
Info:                  8108 KBytes free for stack + heap.
Info: Creating Lab02Excer.objdump
nios2-elf-objdump --disassemble --syms --all-header --source Lab02Excer.elf >Lab02Excer.objdump
[Lab02Excer build complete]
14:25:34 **** Incremental Build of configuration Nios II for project Lab02Excer_bsp ****
make all 
[BSP build complete]
14:25:48 **** Build of configuration Nios II for project Lab02Excer ****
make all 
Info: Building ../Lab02Excer_bsp/
C:/intelFPGA/18.1/nios2eds/bin/gnu/H-x86_64-mingw32/bin/make --no-print-directory -C ../Lab02Excer_bsp/
[BSP build complete]
[Lab02Excer build complete]
14:25:49 **** Incremental Build of configuration Nios II for project Lab02Excer ****
make all 
Info: Building ../Lab02Excer_bsp/
C:/intelFPGA/18.1/nios2eds/bin/gnu/H-x86_64-mingw32/bin/make --no-print-directory -C ../Lab02Excer_bsp/
[BSP build complete]
[Lab02Excer build complete]
14:30:22 **** Incremental Build of configuration Nios II for project Lab02Excer ****
make all 
Info: Building ../Lab02Excer_bsp/
C:/intelFPGA/18.1/nios2eds/bin/gnu/H-x86_64-mingw32/bin/make --no-print-directory -C ../Lab02Excer_bsp/
[BSP build complete]
[Lab02Excer build complete]
14:30:23 **** Incremental Build of configuration Nios II for project Lab02Excer_bsp ****
make all 
[BSP build complete]
14:30:36 **** Build of configuration Nios II for project Lab02Excer ****
make all 
Info: Building ../Lab02Excer_bsp/
C:/intelFPGA/18.1/nios2eds/bin/gnu/H-x86_64-mingw32/bin/make --no-print-directory -C ../Lab02Excer_bsp/
[BSP build complete]
[Lab02Excer build complete]
14:30:37 **** Incremental Build of configuration Nios II for project Lab02Excer ****
make all 
Info: Building ../Lab02Excer_bsp/
C:/intelFPGA/18.1/nios2eds/bin/gnu/H-x86_64-mingw32/bin/make --no-print-directory -C ../Lab02Excer_bsp/
[BSP build complete]
[Lab02Excer build complete]
14:31:39 **** Incremental Build of configuration Nios II for project Lab02Excer ****
make all 
Info: Building ../Lab02Excer_bsp/
C:/intelFPGA/18.1/nios2eds/bin/gnu/H-x86_64-mingw32/bin/make --no-print-directory -C ../Lab02Excer_bsp/
[BSP build complete]
Info: Compiling hello_world.c to obj/default/hello_world.o
nios2-elf-gcc -xc -MP -MMD -c -I../Lab02Excer_bsp//HAL/inc -I../Lab02Excer_bsp/ -I../Lab02Excer_bsp//drivers/inc  -pipe -D__hal__ -DALT_NO_INSTRUCTION_EMULATION -DALT_SINGLE_THREADED    -O0 -g -Wall   -mno-hw-div -mhw-mul -mno-hw-mulx -mgpopt=global  -o obj/default/hello_world.o hello_world.c
hello_world.c:16:20: warning: extra tokens at end of #include directive
 #include <unistd.h>;
                    ^
hello_world.c: In function 'timer_isr_function':
hello_world.c:38:7: warning: unused variable 'timeCount' [-Wunused-variable]
  int* timeCount = (int*) context;
       ^
hello_world.c: In function 'main':
hello_world.c:87:2: warning: implicit declaration of function 'alt_irq_register' [-Wimplicit-function-declaration]
  alt_irq_register(KEYS_IRQ, context_going_to_be_passed, key_button_interrupts);
  ^
Info: Linking Lab02Excer.elf
nios2-elf-g++  -T'../Lab02Excer_bsp//linker.x' -msys-crt0='../Lab02Excer_bsp//obj/HAL/src/crt0.o' -msys-lib=hal_bsp -L../Lab02Excer_bsp/   -Wl,-Map=Lab02Excer.map   -O0 -g -Wall   -mno-hw-div -mhw-mul -mno-hw-mulx -mgpopt=global  -o Lab02Excer.elf obj/default/hello_world.o -lm -msys-lib=m
nios2-elf-insert Lab02Excer.elf --thread_model hal --cpu_name cpu --qsys true --simulation_enabled false --stderr_dev jtag_uart --stdin_dev jtag_uart --stdout_dev jtag_uart --sopc_system_name nios2_system --quartus_project_dir "H:/Documents/303lab/DE2-115" --sopcinfo H:/Documents/303lab/DE2-115/software/Lab02Excer_bsp/../../nios2_system.sopcinfo
Info: (Lab02Excer.elf) 76 KBytes program size (code + initialized data).
Info:                  8108 KBytes free for stack + heap.
Info: Creating Lab02Excer.objdump
nios2-elf-objdump --disassemble --syms --all-header --source Lab02Excer.elf >Lab02Excer.objdump
[Lab02Excer build complete]
14:32:37 **** Incremental Build of configuration Nios II for project Lab02Excer ****
make all 
Info: Building ../Lab02Excer_bsp/
C:/intelFPGA/18.1/nios2eds/bin/gnu/H-x86_64-mingw32/bin/make --no-print-directory -C ../Lab02Excer_bsp/
[BSP build complete]
Info: Compiling hello_world.c to obj/default/hello_world.o
nios2-elf-gcc -xc -MP -MMD -c -I../Lab02Excer_bsp//HAL/inc -I../Lab02Excer_bsp/ -I../Lab02Excer_bsp//drivers/inc  -pipe -D__hal__ -DALT_NO_INSTRUCTION_EMULATION -DALT_SINGLE_THREADED    -O0 -g -Wall   -mno-hw-div -mhw-mul -mno-hw-mulx -mgpopt=global  -o obj/default/hello_world.o hello_world.c
hello_world.c:16:20: warning: extra tokens at end of #include directive
 #include <unistd.h>;
                    ^
hello_world.c: In function 'timer_isr_function':
hello_world.c:38:7: warning: unused variable 'timeCount' [-Wunused-variable]
  int* timeCount = (int*) context;
       ^
hello_world.c: In function 'main':
hello_world.c:87:2: warning: implicit declaration of function 'alt_irq_register' [-Wimplicit-function-declaration]
  alt_irq_register(KEYS_IRQ, context_going_to_be_passed, key_button_interrupts);
  ^
Info: Linking Lab02Excer.elf
nios2-elf-g++  -T'../Lab02Excer_bsp//linker.x' -msys-crt0='../Lab02Excer_bsp//obj/HAL/src/crt0.o' -msys-lib=hal_bsp -L../Lab02Excer_bsp/   -Wl,-Map=Lab02Excer.map   -O0 -g -Wall   -mno-hw-div -mhw-mul -mno-hw-mulx -mgpopt=global  -o Lab02Excer.elf obj/default/hello_world.o -lm -msys-lib=m
nios2-elf-insert Lab02Excer.elf --thread_model hal --cpu_name cpu --qsys true --simulation_enabled false --stderr_dev jtag_uart --stdin_dev jtag_uart --stdout_dev jtag_uart --sopc_system_name nios2_system --quartus_project_dir "H:/Documents/303lab/DE2-115" --sopcinfo H:/Documents/303lab/DE2-115/software/Lab02Excer_bsp/../../nios2_system.sopcinfo
Info: (Lab02Excer.elf) 76 KBytes program size (code + initialized data).
Info:                  8108 KBytes free for stack + heap.
Info: Creating Lab02Excer.objdump
nios2-elf-objdump --disassemble --syms --all-header --source Lab02Excer.elf >Lab02Excer.objdump
[Lab02Excer build complete]
14:34:24 **** Incremental Build of configuration Nios II for project Lab02Excer ****
make all 
Info: Building ../Lab02Excer_bsp/
C:/intelFPGA/18.1/nios2eds/bin/gnu/H-x86_64-mingw32/bin/make --no-print-directory -C ../Lab02Excer_bsp/
[BSP build complete]
Info: Compiling hello_world.c to obj/default/hello_world.o
nios2-elf-gcc -xc -MP -MMD -c -I../Lab02Excer_bsp//HAL/inc -I../Lab02Excer_bsp/ -I../Lab02Excer_bsp//drivers/inc  -pipe -D__hal__ -DALT_NO_INSTRUCTION_EMULATION -DALT_SINGLE_THREADED    -O0 -g -Wall   -mno-hw-div -mhw-mul -mno-hw-mulx -mgpopt=global  -o obj/default/hello_world.o hello_world.c
hello_world.c:16:20: warning: extra tokens at end of #include directive
 #include <unistd.h>;
                    ^
hello_world.c: In function 'timer_isr_function':
hello_world.c:38:7: warning: unused variable 'timeCount' [-Wunused-variable]
  int* timeCount = (int*) context;
       ^
hello_world.c: In function 'main':
hello_world.c:87:2: warning: implicit declaration of function 'alt_irq_register' [-Wimplicit-function-declaration]
  alt_irq_register(KEYS_IRQ, context_going_to_be_passed, key_button_interrupts);
  ^
Info: Linking Lab02Excer.elf
nios2-elf-g++  -T'../Lab02Excer_bsp//linker.x' -msys-crt0='../Lab02Excer_bsp//obj/HAL/src/crt0.o' -msys-lib=hal_bsp -L../Lab02Excer_bsp/   -Wl,-Map=Lab02Excer.map   -O0 -g -Wall   -mno-hw-div -mhw-mul -mno-hw-mulx -mgpopt=global  -o Lab02Excer.elf obj/default/hello_world.o -lm -msys-lib=m
nios2-elf-insert Lab02Excer.elf --thread_model hal --cpu_name cpu --qsys true --simulation_enabled false --stderr_dev jtag_uart --stdin_dev jtag_uart --stdout_dev jtag_uart --sopc_system_name nios2_system --quartus_project_dir "H:/Documents/303lab/DE2-115" --sopcinfo H:/Documents/303lab/DE2-115/software/Lab02Excer_bsp/../../nios2_system.sopcinfo
Info: (Lab02Excer.elf) 76 KBytes program size (code + initialized data).
Info:                  8108 KBytes free for stack + heap.
Info: Creating Lab02Excer.objdump
nios2-elf-objdump --disassemble --syms --all-header --source Lab02Excer.elf >Lab02Excer.objdump
[Lab02Excer build complete]
14:36:19 **** Incremental Build of configuration Nios II for project Lab02Excer ****
make all 
Info: Building ../Lab02Excer_bsp/
C:/intelFPGA/18.1/nios2eds/bin/gnu/H-x86_64-mingw32/bin/make --no-print-directory -C ../Lab02Excer_bsp/
[BSP build complete]
Info: Compiling hello_world.c to obj/default/hello_world.o
nios2-elf-gcc -xc -MP -MMD -c -I../Lab02Excer_bsp//HAL/inc -I../Lab02Excer_bsp/ -I../Lab02Excer_bsp//drivers/inc  -pipe -D__hal__ -DALT_NO_INSTRUCTION_EMULATION -DALT_SINGLE_THREADED    -O0 -g -Wall   -mno-hw-div -mhw-mul -mno-hw-mulx -mgpopt=global  -o obj/default/hello_world.o hello_world.c
hello_world.c:16:20: warning: extra tokens at end of #include directive
 #include <unistd.h>;
                    ^
hello_world.c: In function 'timer_isr_function':
hello_world.c:38:7: warning: unused variable 'timeCount' [-Wunused-variable]
  int* timeCount = (int*) context;
       ^
hello_world.c: In function 'main':
hello_world.c:87:2: warning: implicit declaration of function 'alt_irq_register' [-Wimplicit-function-declaration]
  alt_irq_register(KEYS_IRQ, context_going_to_be_passed, key_button_interrupts);
  ^
Info: Linking Lab02Excer.elf
nios2-elf-g++  -T'../Lab02Excer_bsp//linker.x' -msys-crt0='../Lab02Excer_bsp//obj/HAL/src/crt0.o' -msys-lib=hal_bsp -L../Lab02Excer_bsp/   -Wl,-Map=Lab02Excer.map   -O0 -g -Wall   -mno-hw-div -mhw-mul -mno-hw-mulx -mgpopt=global  -o Lab02Excer.elf obj/default/hello_world.o -lm -msys-lib=m
nios2-elf-insert Lab02Excer.elf --thread_model hal --cpu_name cpu --qsys true --simulation_enabled false --stderr_dev jtag_uart --stdin_dev jtag_uart --stdout_dev jtag_uart --sopc_system_name nios2_system --quartus_project_dir "H:/Documents/303lab/DE2-115" --sopcinfo H:/Documents/303lab/DE2-115/software/Lab02Excer_bsp/../../nios2_system.sopcinfo
Info: (Lab02Excer.elf) 76 KBytes program size (code + initialized data).
Info:                  8108 KBytes free for stack + heap.
Info: Creating Lab02Excer.objdump
nios2-elf-objdump --disassemble --syms --all-header --source Lab02Excer.elf >Lab02Excer.objdump
[Lab02Excer build complete]
14:38:20 **** Incremental Build of configuration Nios II for project Lab02Excer ****
make all 
Info: Building ../Lab02Excer_bsp/
C:/intelFPGA/18.1/nios2eds/bin/gnu/H-x86_64-mingw32/bin/make --no-print-directory -C ../Lab02Excer_bsp/
[BSP build complete]
Info: Compiling hello_world.c to obj/default/hello_world.o
nios2-elf-gcc -xc -MP -MMD -c -I../Lab02Excer_bsp//HAL/inc -I../Lab02Excer_bsp/ -I../Lab02Excer_bsp//drivers/inc  -pipe -D__hal__ -DALT_NO_INSTRUCTION_EMULATION -DALT_SINGLE_THREADED    -O0 -g -Wall   -mno-hw-div -mhw-mul -mno-hw-mulx -mgpopt=global  -o obj/default/hello_world.o hello_world.c
hello_world.c:16:20: warning: extra tokens at end of #include directive
 #include <unistd.h>;
                    ^
hello_world.c: In function 'timer_isr_function':
hello_world.c:38:7: warning: unused variable 'timeCount' [-Wunused-variable]
  int* timeCount = (int*) context;
       ^
hello_world.c: In function 'main':
hello_world.c:87:2: warning: implicit declaration of function 'alt_irq_register' [-Wimplicit-function-declaration]
  alt_irq_register(KEYS_IRQ, context_going_to_be_passed, key_button_interrupts);
  ^
Info: Linking Lab02Excer.elf
nios2-elf-g++  -T'../Lab02Excer_bsp//linker.x' -msys-crt0='../Lab02Excer_bsp//obj/HAL/src/crt0.o' -msys-lib=hal_bsp -L../Lab02Excer_bsp/   -Wl,-Map=Lab02Excer.map   -O0 -g -Wall   -mno-hw-div -mhw-mul -mno-hw-mulx -mgpopt=global  -o Lab02Excer.elf obj/default/hello_world.o -lm -msys-lib=m
nios2-elf-insert Lab02Excer.elf --thread_model hal --cpu_name cpu --qsys true --simulation_enabled false --stderr_dev jtag_uart --stdin_dev jtag_uart --stdout_dev jtag_uart --sopc_system_name nios2_system --quartus_project_dir "H:/Documents/303lab/DE2-115" --sopcinfo H:/Documents/303lab/DE2-115/software/Lab02Excer_bsp/../../nios2_system.sopcinfo
Info: (Lab02Excer.elf) 76 KBytes program size (code + initialized data).
Info:                  8108 KBytes free for stack + heap.
Info: Creating Lab02Excer.objdump
nios2-elf-objdump --disassemble --syms --all-header --source Lab02Excer.elf >Lab02Excer.objdump
[Lab02Excer build complete]
14:39:44 **** Incremental Build of configuration Nios II for project Lab02Excer ****
make all 
Info: Building ../Lab02Excer_bsp/
C:/intelFPGA/18.1/nios2eds/bin/gnu/H-x86_64-mingw32/bin/make --no-print-directory -C ../Lab02Excer_bsp/
[BSP build complete]
Info: Compiling hello_world.c to obj/default/hello_world.o
nios2-elf-gcc -xc -MP -MMD -c -I../Lab02Excer_bsp//HAL/inc -I../Lab02Excer_bsp/ -I../Lab02Excer_bsp//drivers/inc  -pipe -D__hal__ -DALT_NO_INSTRUCTION_EMULATION -DALT_SINGLE_THREADED    -O0 -g -Wall   -mno-hw-div -mhw-mul -mno-hw-mulx -mgpopt=global  -o obj/default/hello_world.o hello_world.c
hello_world.c:16:20: warning: extra tokens at end of #include directive
 #include <unistd.h>;
                    ^
hello_world.c: In function 'timer_isr_function':
hello_world.c:38:7: warning: unused variable 'timeCount' [-Wunused-variable]
  int* timeCount = (int*) context;
       ^
hello_world.c: In function 'main':
hello_world.c:86:2: warning: implicit declaration of function 'alt_irq_register' [-Wimplicit-function-declaration]
  alt_irq_register(KEYS_IRQ, context_going_to_be_passed, key_button_interrupts);
  ^
Info: Linking Lab02Excer.elf
nios2-elf-g++  -T'../Lab02Excer_bsp//linker.x' -msys-crt0='../Lab02Excer_bsp//obj/HAL/src/crt0.o' -msys-lib=hal_bsp -L../Lab02Excer_bsp/   -Wl,-Map=Lab02Excer.map   -O0 -g -Wall   -mno-hw-div -mhw-mul -mno-hw-mulx -mgpopt=global  -o Lab02Excer.elf obj/default/hello_world.o -lm -msys-lib=m
nios2-elf-insert Lab02Excer.elf --thread_model hal --cpu_name cpu --qsys true --simulation_enabled false --stderr_dev jtag_uart --stdin_dev jtag_uart --stdout_dev jtag_uart --sopc_system_name nios2_system --quartus_project_dir "H:/Documents/303lab/DE2-115" --sopcinfo H:/Documents/303lab/DE2-115/software/Lab02Excer_bsp/../../nios2_system.sopcinfo
Info: (Lab02Excer.elf) 76 KBytes program size (code + initialized data).
Info:                  8108 KBytes free for stack + heap.
Info: Creating Lab02Excer.objdump
nios2-elf-objdump --disassemble --syms --all-header --source Lab02Excer.elf >Lab02Excer.objdump
[Lab02Excer build complete]
14:40:38 **** Incremental Build of configuration Nios II for project Lab02Excer ****
make all 
Info: Building ../Lab02Excer_bsp/
C:/intelFPGA/18.1/nios2eds/bin/gnu/H-x86_64-mingw32/bin/make --no-print-directory -C ../Lab02Excer_bsp/
[BSP build complete]
Info: Compiling hello_world.c to obj/default/hello_world.o
nios2-elf-gcc -xc -MP -MMD -c -I../Lab02Excer_bsp//HAL/inc -I../Lab02Excer_bsp/ -I../Lab02Excer_bsp//drivers/inc  -pipe -D__hal__ -DALT_NO_INSTRUCTION_EMULATION -DALT_SINGLE_THREADED    -O0 -g -Wall   -mno-hw-div -mhw-mul -mno-hw-mulx -mgpopt=global  -o obj/default/hello_world.o hello_world.c
hello_world.c:16:20: warning: extra tokens at end of #include directive
 #include <unistd.h>;
                    ^
hello_world.c: In function 'timer_isr_function':
hello_world.c:38:7: warning: unused variable 'timeCount' [-Wunused-variable]
  int* timeCount = (int*) context;
       ^
hello_world.c: In function 'main':
hello_world.c:86:2: warning: implicit declaration of function 'alt_irq_register' [-Wimplicit-function-declaration]
  alt_irq_register(KEYS_IRQ, context_going_to_be_passed, key_button_interrupts);
  ^
Info: Linking Lab02Excer.elf
nios2-elf-g++  -T'../Lab02Excer_bsp//linker.x' -msys-crt0='../Lab02Excer_bsp//obj/HAL/src/crt0.o' -msys-lib=hal_bsp -L../Lab02Excer_bsp/   -Wl,-Map=Lab02Excer.map   -O0 -g -Wall   -mno-hw-div -mhw-mul -mno-hw-mulx -mgpopt=global  -o Lab02Excer.elf obj/default/hello_world.o -lm -msys-lib=m
nios2-elf-insert Lab02Excer.elf --thread_model hal --cpu_name cpu --qsys true --simulation_enabled false --stderr_dev jtag_uart --stdin_dev jtag_uart --stdout_dev jtag_uart --sopc_system_name nios2_system --quartus_project_dir "H:/Documents/303lab/DE2-115" --sopcinfo H:/Documents/303lab/DE2-115/software/Lab02Excer_bsp/../../nios2_system.sopcinfo
Info: (Lab02Excer.elf) 76 KBytes program size (code + initialized data).
Info:                  8108 KBytes free for stack + heap.
Info: Creating Lab02Excer.objdump
nios2-elf-objdump --disassemble --syms --all-header --source Lab02Excer.elf >Lab02Excer.objdump
[Lab02Excer build complete]
14:41:16 **** Incremental Build of configuration Nios II for project Lab02Excer ****
make all 
Info: Building ../Lab02Excer_bsp/
C:/intelFPGA/18.1/nios2eds/bin/gnu/H-x86_64-mingw32/bin/make --no-print-directory -C ../Lab02Excer_bsp/
[BSP build complete]
Info: Compiling hello_world.c to obj/default/hello_world.o
nios2-elf-gcc -xc -MP -MMD -c -I../Lab02Excer_bsp//HAL/inc -I../Lab02Excer_bsp/ -I../Lab02Excer_bsp//drivers/inc  -pipe -D__hal__ -DALT_NO_INSTRUCTION_EMULATION -DALT_SINGLE_THREADED    -O0 -g -Wall   -mno-hw-div -mhw-mul -mno-hw-mulx -mgpopt=global  -o obj/default/hello_world.o hello_world.c
hello_world.c:16:20: warning: extra tokens at end of #include directive
 #include <unistd.h>;
                    ^
hello_world.c: In function 'timer_isr_function':
hello_world.c:38:7: warning: unused variable 'timeCount' [-Wunused-variable]
  int* timeCount = (int*) context;
       ^
hello_world.c: In function 'main':
hello_world.c:86:2: warning: implicit declaration of function 'alt_irq_register' [-Wimplicit-function-declaration]
  alt_irq_register(KEYS_IRQ, context_going_to_be_passed, key_button_interrupts);
  ^
Info: Linking Lab02Excer.elf
nios2-elf-g++  -T'../Lab02Excer_bsp//linker.x' -msys-crt0='../Lab02Excer_bsp//obj/HAL/src/crt0.o' -msys-lib=hal_bsp -L../Lab02Excer_bsp/   -Wl,-Map=Lab02Excer.map   -O0 -g -Wall   -mno-hw-div -mhw-mul -mno-hw-mulx -mgpopt=global  -o Lab02Excer.elf obj/default/hello_world.o -lm -msys-lib=m
nios2-elf-insert Lab02Excer.elf --thread_model hal --cpu_name cpu --qsys true --simulation_enabled false --stderr_dev jtag_uart --stdin_dev jtag_uart --stdout_dev jtag_uart --sopc_system_name nios2_system --quartus_project_dir "H:/Documents/303lab/DE2-115" --sopcinfo H:/Documents/303lab/DE2-115/software/Lab02Excer_bsp/../../nios2_system.sopcinfo
Info: (Lab02Excer.elf) 76 KBytes program size (code + initialized data).
Info:                  8108 KBytes free for stack + heap.
Info: Creating Lab02Excer.objdump
nios2-elf-objdump --disassemble --syms --all-header --source Lab02Excer.elf >Lab02Excer.objdump
[Lab02Excer build complete]
14:41:56 **** Incremental Build of configuration Nios II for project Lab02Excer ****
make all 
Info: Building ../Lab02Excer_bsp/
C:/intelFPGA/18.1/nios2eds/bin/gnu/H-x86_64-mingw32/bin/make --no-print-directory -C ../Lab02Excer_bsp/
[BSP build complete]
Info: Compiling hello_world.c to obj/default/hello_world.o
nios2-elf-gcc -xc -MP -MMD -c -I../Lab02Excer_bsp//HAL/inc -I../Lab02Excer_bsp/ -I../Lab02Excer_bsp//drivers/inc  -pipe -D__hal__ -DALT_NO_INSTRUCTION_EMULATION -DALT_SINGLE_THREADED    -O0 -g -Wall   -mno-hw-div -mhw-mul -mno-hw-mulx -mgpopt=global  -o obj/default/hello_world.o hello_world.c
hello_world.c:16:20: warning: extra tokens at end of #include directive
 #include <unistd.h>;
                    ^
hello_world.c: In function 'timer_isr_function':
hello_world.c:38:7: warning: unused variable 'timeCount' [-Wunused-variable]
  int* timeCount = (int*) context;
       ^
hello_world.c: In function 'main':
hello_world.c:86:2: warning: implicit declaration of function 'alt_irq_register' [-Wimplicit-function-declaration]
  alt_irq_register(KEYS_IRQ, context_going_to_be_passed, key_button_interrupts);
  ^
Info: Linking Lab02Excer.elf
nios2-elf-g++  -T'../Lab02Excer_bsp//linker.x' -msys-crt0='../Lab02Excer_bsp//obj/HAL/src/crt0.o' -msys-lib=hal_bsp -L../Lab02Excer_bsp/   -Wl,-Map=Lab02Excer.map   -O0 -g -Wall   -mno-hw-div -mhw-mul -mno-hw-mulx -mgpopt=global  -o Lab02Excer.elf obj/default/hello_world.o -lm -msys-lib=m
nios2-elf-insert Lab02Excer.elf --thread_model hal --cpu_name cpu --qsys true --simulation_enabled false --stderr_dev jtag_uart --stdin_dev jtag_uart --stdout_dev jtag_uart --sopc_system_name nios2_system --quartus_project_dir "H:/Documents/303lab/DE2-115" --sopcinfo H:/Documents/303lab/DE2-115/software/Lab02Excer_bsp/../../nios2_system.sopcinfo
Info: (Lab02Excer.elf) 76 KBytes program size (code + initialized data).
Info:                  8108 KBytes free for stack + heap.
Info: Creating Lab02Excer.objdump
nios2-elf-objdump --disassemble --syms --all-header --source Lab02Excer.elf >Lab02Excer.objdump
[Lab02Excer build complete]
14:43:24 **** Incremental Build of configuration Nios II for project Lab02Excer ****
make all 
Info: Building ../Lab02Excer_bsp/
C:/intelFPGA/18.1/nios2eds/bin/gnu/H-x86_64-mingw32/bin/make --no-print-directory -C ../Lab02Excer_bsp/
[BSP build complete]
Info: Compiling hello_world.c to obj/default/hello_world.o
nios2-elf-gcc -xc -MP -MMD -c -I../Lab02Excer_bsp//HAL/inc -I../Lab02Excer_bsp/ -I../Lab02Excer_bsp//drivers/inc  -pipe -D__hal__ -DALT_NO_INSTRUCTION_EMULATION -DALT_SINGLE_THREADED    -O0 -g -Wall   -mno-hw-div -mhw-mul -mno-hw-mulx -mgpopt=global  -o obj/default/hello_world.o hello_world.c
hello_world.c:16:20: warning: extra tokens at end of #include directive
 #include <unistd.h>;
                    ^
hello_world.c: In function 'timer_isr_function':
hello_world.c:38:7: warning: unused variable 'timeCount' [-Wunused-variable]
  int* timeCount = (int*) context;
       ^
hello_world.c: In function 'main':
hello_world.c:86:2: warning: implicit declaration of function 'alt_irq_register' [-Wimplicit-function-declaration]
  alt_irq_register(KEYS_IRQ, context_going_to_be_passed, key_button_interrupts);
  ^
Info: Linking Lab02Excer.elf
nios2-elf-g++  -T'../Lab02Excer_bsp//linker.x' -msys-crt0='../Lab02Excer_bsp//obj/HAL/src/crt0.o' -msys-lib=hal_bsp -L../Lab02Excer_bsp/   -Wl,-Map=Lab02Excer.map   -O0 -g -Wall   -mno-hw-div -mhw-mul -mno-hw-mulx -mgpopt=global  -o Lab02Excer.elf obj/default/hello_world.o -lm -msys-lib=m
nios2-elf-insert Lab02Excer.elf --thread_model hal --cpu_name cpu --qsys true --simulation_enabled false --stderr_dev jtag_uart --stdin_dev jtag_uart --stdout_dev jtag_uart --sopc_system_name nios2_system --quartus_project_dir "H:/Documents/303lab/DE2-115" --sopcinfo H:/Documents/303lab/DE2-115/software/Lab02Excer_bsp/../../nios2_system.sopcinfo
Info: (Lab02Excer.elf) 76 KBytes program size (code + initialized data).
Info:                  8108 KBytes free for stack + heap.
Info: Creating Lab02Excer.objdump
nios2-elf-objdump --disassemble --syms --all-header --source Lab02Excer.elf >Lab02Excer.objdump
[Lab02Excer build complete]
14:43:46 **** Incremental Build of configuration Nios II for project Lab02Excer ****
make all 
Info: Building ../Lab02Excer_bsp/
C:/intelFPGA/18.1/nios2eds/bin/gnu/H-x86_64-mingw32/bin/make --no-print-directory -C ../Lab02Excer_bsp/
[BSP build complete]
Info: Compiling hello_world.c to obj/default/hello_world.o
nios2-elf-gcc -xc -MP -MMD -c -I../Lab02Excer_bsp//HAL/inc -I../Lab02Excer_bsp/ -I../Lab02Excer_bsp//drivers/inc  -pipe -D__hal__ -DALT_NO_INSTRUCTION_EMULATION -DALT_SINGLE_THREADED    -O0 -g -Wall   -mno-hw-div -mhw-mul -mno-hw-mulx -mgpopt=global  -o obj/default/hello_world.o hello_world.c
hello_world.c:16:20: warning: extra tokens at end of #include directive
 #include <unistd.h>;
                    ^
hello_world.c: In function 'timer_isr_function':
hello_world.c:38:7: warning: unused variable 'timeCount' [-Wunused-variable]
  int* timeCount = (int*) context;
       ^
hello_world.c: In function 'main':
hello_world.c:86:2: warning: implicit declaration of function 'alt_irq_register' [-Wimplicit-function-declaration]
  alt_irq_register(KEYS_IRQ, context_going_to_be_passed, key_button_interrupts);
  ^
Info: Linking Lab02Excer.elf
nios2-elf-g++  -T'../Lab02Excer_bsp//linker.x' -msys-crt0='../Lab02Excer_bsp//obj/HAL/src/crt0.o' -msys-lib=hal_bsp -L../Lab02Excer_bsp/   -Wl,-Map=Lab02Excer.map   -O0 -g -Wall   -mno-hw-div -mhw-mul -mno-hw-mulx -mgpopt=global  -o Lab02Excer.elf obj/default/hello_world.o -lm -msys-lib=m
nios2-elf-insert Lab02Excer.elf --thread_model hal --cpu_name cpu --qsys true --simulation_enabled false --stderr_dev jtag_uart --stdin_dev jtag_uart --stdout_dev jtag_uart --sopc_system_name nios2_system --quartus_project_dir "H:/Documents/303lab/DE2-115" --sopcinfo H:/Documents/303lab/DE2-115/software/Lab02Excer_bsp/../../nios2_system.sopcinfo
Info: (Lab02Excer.elf) 76 KBytes program size (code + initialized data).
Info:                  8108 KBytes free for stack + heap.
Info: Creating Lab02Excer.objdump
nios2-elf-objdump --disassemble --syms --all-header --source Lab02Excer.elf >Lab02Excer.objdump
[Lab02Excer build complete]
14:44:55 **** Incremental Build of configuration Nios II for project Lab02Excer ****
make all 
Info: Building ../Lab02Excer_bsp/
C:/intelFPGA/18.1/nios2eds/bin/gnu/H-x86_64-mingw32/bin/make --no-print-directory -C ../Lab02Excer_bsp/
[BSP build complete]
Info: Compiling hello_world.c to obj/default/hello_world.o
nios2-elf-gcc -xc -MP -MMD -c -I../Lab02Excer_bsp//HAL/inc -I../Lab02Excer_bsp/ -I../Lab02Excer_bsp//drivers/inc  -pipe -D__hal__ -DALT_NO_INSTRUCTION_EMULATION -DALT_SINGLE_THREADED    -O0 -g -Wall   -mno-hw-div -mhw-mul -mno-hw-mulx -mgpopt=global  -o obj/default/hello_world.o hello_world.c
hello_world.c:16:20: warning: extra tokens at end of #include directive
 #include <unistd.h>;
                    ^
hello_world.c: In function 'timer_isr_function':
hello_world.c:38:7: warning: unused variable 'timeCount' [-Wunused-variable]
  int* timeCount = (int*) context;
       ^
hello_world.c: In function 'main':
hello_world.c:86:2: warning: implicit declaration of function 'alt_irq_register' [-Wimplicit-function-declaration]
  alt_irq_register(KEYS_IRQ, context_going_to_be_passed, key_button_interrupts);
  ^
Info: Linking Lab02Excer.elf
nios2-elf-g++  -T'../Lab02Excer_bsp//linker.x' -msys-crt0='../Lab02Excer_bsp//obj/HAL/src/crt0.o' -msys-lib=hal_bsp -L../Lab02Excer_bsp/   -Wl,-Map=Lab02Excer.map   -O0 -g -Wall   -mno-hw-div -mhw-mul -mno-hw-mulx -mgpopt=global  -o Lab02Excer.elf obj/default/hello_world.o -lm -msys-lib=m
nios2-elf-insert Lab02Excer.elf --thread_model hal --cpu_name cpu --qsys true --simulation_enabled false --stderr_dev jtag_uart --stdin_dev jtag_uart --stdout_dev jtag_uart --sopc_system_name nios2_system --quartus_project_dir "H:/Documents/303lab/DE2-115" --sopcinfo H:/Documents/303lab/DE2-115/software/Lab02Excer_bsp/../../nios2_system.sopcinfo
Info: (Lab02Excer.elf) 76 KBytes program size (code + initialized data).
Info:                  8108 KBytes free for stack + heap.
Info: Creating Lab02Excer.objdump
nios2-elf-objdump --disassemble --syms --all-header --source Lab02Excer.elf >Lab02Excer.objdump
[Lab02Excer build complete]
14:44:59 **** Incremental Build of configuration Nios II for project Lab02Excer ****
make all 
Info: Building ../Lab02Excer_bsp/
C:/intelFPGA/18.1/nios2eds/bin/gnu/H-x86_64-mingw32/bin/make --no-print-directory -C ../Lab02Excer_bsp/
[BSP build complete]
[Lab02Excer build complete]
14:45:12 **** Incremental Build of configuration Nios II for project Lab02Excer ****
make all 
Info: Building ../Lab02Excer_bsp/
C:/intelFPGA/18.1/nios2eds/bin/gnu/H-x86_64-mingw32/bin/make --no-print-directory -C ../Lab02Excer_bsp/
[BSP build complete]
[Lab02Excer build complete]
14:46:03 **** Incremental Build of configuration Nios II for project Lab02Excer ****
make all 
Info: Building ../Lab02Excer_bsp/
C:/intelFPGA/18.1/nios2eds/bin/gnu/H-x86_64-mingw32/bin/make --no-print-directory -C ../Lab02Excer_bsp/
[BSP build complete]
Info: Compiling hello_world.c to obj/default/hello_world.o
nios2-elf-gcc -xc -MP -MMD -c -I../Lab02Excer_bsp//HAL/inc -I../Lab02Excer_bsp/ -I../Lab02Excer_bsp//drivers/inc  -pipe -D__hal__ -DALT_NO_INSTRUCTION_EMULATION -DALT_SINGLE_THREADED    -O0 -g -Wall   -mno-hw-div -mhw-mul -mno-hw-mulx -mgpopt=global  -o obj/default/hello_world.o hello_world.c
hello_world.c:16:20: warning: extra tokens at end of #include directive
 #include <unistd.h>;
                    ^
hello_world.c: In function 'timer_isr_function':
hello_world.c:38:7: warning: unused variable 'timeCount' [-Wunused-variable]
  int* timeCount = (int*) context;
       ^
hello_world.c: In function 'main':
hello_world.c:86:2: warning: implicit declaration of function 'alt_irq_register' [-Wimplicit-function-declaration]
  alt_irq_register(KEYS_IRQ, context_going_to_be_passed, key_button_interrupts);
  ^
Info: Linking Lab02Excer.elf
nios2-elf-g++  -T'../Lab02Excer_bsp//linker.x' -msys-crt0='../Lab02Excer_bsp//obj/HAL/src/crt0.o' -msys-lib=hal_bsp -L../Lab02Excer_bsp/   -Wl,-Map=Lab02Excer.map   -O0 -g -Wall   -mno-hw-div -mhw-mul -mno-hw-mulx -mgpopt=global  -o Lab02Excer.elf obj/default/hello_world.o -lm -msys-lib=m
nios2-elf-insert Lab02Excer.elf --thread_model hal --cpu_name cpu --qsys true --simulation_enabled false --stderr_dev jtag_uart --stdin_dev jtag_uart --stdout_dev jtag_uart --sopc_system_name nios2_system --quartus_project_dir "H:/Documents/303lab/DE2-115" --sopcinfo H:/Documents/303lab/DE2-115/software/Lab02Excer_bsp/../../nios2_system.sopcinfo
Info: (Lab02Excer.elf) 76 KBytes program size (code + initialized data).
Info:                  8108 KBytes free for stack + heap.
Info: Creating Lab02Excer.objdump
nios2-elf-objdump --disassemble --syms --all-header --source Lab02Excer.elf >Lab02Excer.objdump
[Lab02Excer build complete]
14:48:55 **** Incremental Build of configuration Nios II for project Lab02Excer ****
make all 
Info: Building ../Lab02Excer_bsp/
C:/intelFPGA/18.1/nios2eds/bin/gnu/H-x86_64-mingw32/bin/make --no-print-directory -C ../Lab02Excer_bsp/
[BSP build complete]
Info: Compiling hello_world.c to obj/default/hello_world.o
nios2-elf-gcc -xc -MP -MMD -c -I../Lab02Excer_bsp//HAL/inc -I../Lab02Excer_bsp/ -I../Lab02Excer_bsp//drivers/inc  -pipe -D__hal__ -DALT_NO_INSTRUCTION_EMULATION -DALT_SINGLE_THREADED    -O0 -g -Wall   -mno-hw-div -mhw-mul -mno-hw-mulx -mgpopt=global  -o obj/default/hello_world.o hello_world.c
hello_world.c:16:20: warning: extra tokens at end of #include directive
 #include <unistd.h>;
                    ^
hello_world.c: In function 'timer_isr_function':
hello_world.c:36:7: warning: unused variable 'timeCount' [-Wunused-variable]
  int* timeCount = (int*) context;
       ^
hello_world.c: In function 'main':
hello_world.c:85:2: warning: implicit declaration of function 'alt_irq_register' [-Wimplicit-function-declaration]
  alt_irq_register(KEYS_IRQ, context_going_to_be_passed, key_button_interrupts);
  ^
Info: Linking Lab02Excer.elf
nios2-elf-g++  -T'../Lab02Excer_bsp//linker.x' -msys-crt0='../Lab02Excer_bsp//obj/HAL/src/crt0.o' -msys-lib=hal_bsp -L../Lab02Excer_bsp/   -Wl,-Map=Lab02Excer.map   -O0 -g -Wall   -mno-hw-div -mhw-mul -mno-hw-mulx -mgpopt=global  -o Lab02Excer.elf obj/default/hello_world.o -lm -msys-lib=m
nios2-elf-insert Lab02Excer.elf --thread_model hal --cpu_name cpu --qsys true --simulation_enabled false --stderr_dev jtag_uart --stdin_dev jtag_uart --stdout_dev jtag_uart --sopc_system_name nios2_system --quartus_project_dir "H:/Documents/303lab/DE2-115" --sopcinfo H:/Documents/303lab/DE2-115/software/Lab02Excer_bsp/../../nios2_system.sopcinfo
Info: (Lab02Excer.elf) 76 KBytes program size (code + initialized data).
Info:                  8108 KBytes free for stack + heap.
Info: Creating Lab02Excer.objdump
nios2-elf-objdump --disassemble --syms --all-header --source Lab02Excer.elf >Lab02Excer.objdump
[Lab02Excer build complete]
