15:08:40 **** Incremental Build of configuration Nios II for project Lab02Excer ****
make all 
Info: Building ../Lab02Excer_bsp/
C:/intelFPGA/18.1/nios2eds/bin/gnu/H-x86_64-mingw32/bin/make --no-print-directory -C ../Lab02Excer_bsp/
[BSP build complete]
Info: Compiling hello_world.c to obj/default/hello_world.o
nios2-elf-gcc -xc -MP -MMD -c -I../Lab02Excer_bsp//HAL/inc -I../Lab02Excer_bsp/ -I../Lab02Excer_bsp//drivers/inc  -pipe -D__hal__ -DALT_NO_INSTRUCTION_EMULATION -DALT_SINGLE_THREADED    -O0 -g -Wall   -mno-hw-div -mhw-mul -mno-hw-mulx -mgpopt=global  -o obj/default/hello_world.o hello_world.c
hello_world.c:16:20: warning: extra tokens at end of #include directive
 #include <unistd.h>;
                    ^
hello_world.c: In function 'timer_isr_function':
hello_world.c:37:7: warning: unused variable 'timeCount' [-Wunused-variable]
  int* timeCount = (int*) context;
       ^
hello_world.c: In function 'main':
hello_world.c:86:2: warning: implicit declaration of function 'alt_irq_register' [-Wimplicit-function-declaration]
  alt_irq_register(KEYS_IRQ, context_going_to_be_passed, key_button_interrupts);
  ^
Info: Linking Lab02Excer.elf
nios2-elf-g++  -T'../Lab02Excer_bsp//linker.x' -msys-crt0='../Lab02Excer_bsp//obj/HAL/src/crt0.o' -msys-lib=hal_bsp -L../Lab02Excer_bsp/   -Wl,-Map=Lab02Excer.map   -O0 -g -Wall   -mno-hw-div -mhw-mul -mno-hw-mulx -mgpopt=global  -o Lab02Excer.elf obj/default/hello_world.o -lm -msys-lib=m
nios2-elf-insert Lab02Excer.elf --thread_model hal --cpu_name cpu --qsys true --simulation_enabled false --stderr_dev jtag_uart --stdin_dev jtag_uart --stdout_dev jtag_uart --sopc_system_name nios2_system --quartus_project_dir "H:/Documents/303lab/DE2-115" --sopcinfo H:/Documents/303lab/DE2-115/software/Lab02Excer_bsp/../../nios2_system.sopcinfo
Info: (Lab02Excer.elf) 76 KBytes program size (code + initialized data).
Info:                  8108 KBytes free for stack + heap.
Info: Creating Lab02Excer.objdump
nios2-elf-objdump --disassemble --syms --all-header --source Lab02Excer.elf >Lab02Excer.objdump
[Lab02Excer build complete]

15:08:43 Build Finished (took 3s.8ms)

